-8.4647 -8.46301
-8.44825 -8.44896
-8.4477 -8.4526
-8.4475 -8.45264
-8.44796 -8.45382
-8.43647 -8.44001
-8.43433 -8.43338
-8.43229 -8.43815
-8.43714 -8.44509
-8.42462 -8.42541
-8.41725 -8.42355
-8.4623 -8.46705
-8.41707 -8.41887
-8.41689 -8.42456
-8.42862 -8.43784
-8.39997 -8.40624
-8.40292 -8.41164
-8.41502 -8.4223
-8.46997 -8.46919
-8.46997 -8.46923
-8.4723 -8.47082
-8.46328 -8.46102
-8.46276 -8.46688
-8.47229 -8.47081
-8.46688 -8.46464
-8.46916 -8.46967
-8.46995 -8.46923
-8.46913 -8.46803
-8.47027 -8.46932
-8.46997 -8.46921
-8.46789 -8.46628
-8.47231 -8.47082
-8.46454 -8.46245
-8.4616 -8.46503
-8.46865 -8.46771
-8.46863 -8.46774
-8.46978 -8.46552
-8.47228 -8.47078
-8.47028 -8.46934
-8.46404 -8.45999
-8.47234 -8.47087
-8.46938 -8.46701
-8.47517 -8.47793
-8.47512 -8.47915
-8.46078 -8.46465
-8.47354 -8.47721
-8.47326 -8.47604
-8.47299 -8.47593
-8.48713 -8.48582
-8.48876 -8.48812
-8.48714 -8.48582
-8.48713 -8.4858
-8.48713 -8.4858
-8.48546 -8.48355
-8.48877 -8.48813
-8.46101 -8.46293
-8.48093 -8.48456
-8.48875 -8.48812
-8.48876 -8.48813
-8.48878 -8.48815
-8.48876 -8.48812
-8.46889 -8.46694
-8.46734 -8.46739
-8.46747 -8.46635
-8.47231 -8.47085
-8.47057 -8.47073
-8.46097 -8.4645
-8.46895 -8.46772
-8.49274 -8.49526
-8.51228 -8.51076
-8.51227 -8.51248
-8.46075 -8.46565
-8.4609 -8.46334
-8.44979 -8.45249
-8.43032 -8.42799
-8.43176 -8.42953
-8.42817 -8.42391
-8.39151 -8.38985
-8.38785 -8.3872
-8.38124 -8.37768
-8.37563 -8.37521
-8.38047 -8.38037
-8.38765 -8.38614
-8.46228 -8.46097
-8.46566 -8.46368
-8.46052 -8.45885
-8.46587 -8.46484
-8.46399 -8.46329
-8.46613 -8.46452
-8.42922 -8.42821
-8.4307 -8.42772
-8.42991 -8.42837
-8.46393 -8.46278
-8.4661 -8.46487
-8.46552 -8.46405
-8.46263 -8.46173
-8.46258 -8.46033
-8.46409 -8.46351
-8.46604 -8.46469
-8.46321 -8.45923
-8.46377 -8.46274
-8.46343 -8.46198
-8.46021 -8.45752
-8.46355 -8.46269
-8.46451 -8.4629
-8.46359 -8.46121
-8.42745 -8.4274
-8.42471 -8.42279
-8.43015 -8.42756
-8.42642 -8.4253
-8.43063 -8.42768
-8.42639 -8.42454
-8.42692 -8.42564
-8.46194 -8.45993
-8.42509 -8.42245
-8.42837 -8.42806
-8.42918 -8.42824
-8.43137 -8.43052
-8.42693 -8.42681
-8.42504 -8.42353
-8.42803 -8.4277
-8.42845 -8.4271
-8.43172 -8.43005
-8.4318 -8.42889
-8.46563 -8.46414
-8.428 -8.42596
-8.43062 -8.42897
-8.42888 -8.4268
-8.42888 -8.42613
-8.42834 -8.42655
-8.38339 -8.38194
-8.3856 -8.3836
-8.38855 -8.38789
-8.39054 -8.3917
-8.38134 -8.38033
-8.45581 -8.45354
-8.38327 -8.38299
-8.37738 -8.37284
-8.38781 -8.3898
-8.39073 -8.38996
-8.38833 -8.387
-8.38566 -8.38568
-8.39366 -8.39351
-8.38287 -8.38261
-8.38109 -8.38123
-8.38796 -8.3866
-8.46535 -8.46399
-8.38904 -8.38589
-8.37517 -8.37366
-8.38563 -8.38352
-8.38766 -8.38757
-8.38734 -8.38492
-8.3859 -8.38482
-8.38718 -8.38702
-8.45923 -8.45751
-8.46195 -8.46008
-8.46291 -8.46177
-8.46239 -8.46048
-8.48147 -8.48089
-8.48287 -8.48244
-8.48257 -8.48219
-8.4439 -8.44272
-8.44404 -8.44228
-8.4479 -8.44791
-8.44632 -8.44584
-8.44699 -8.44646
-8.44657 -8.44679
-8.44916 -8.44957
-8.47984 -8.47883
-8.44579 -8.44552
-8.44631 -8.44483
-8.4448 -8.44371
-8.44879 -8.44812
-8.44829 -8.44755
-8.40703 -8.40723
-8.40047 -8.40004
-8.40289 -8.40192
-8.40285 -8.40127
-8.40406 -8.40438
-8.48269 -8.48198
-8.40258 -8.40255
-8.40944 -8.40832
-8.40169 -8.40192
-8.40163 -8.40042
-8.3981 -8.3989
-8.4008 -8.40113
-8.40365 -8.40405
-8.48056 -8.47945
-8.47991 -8.4787
-8.48009 -8.47843
-8.48092 -8.48023
-8.48211 -8.48134
-8.48158 -8.48071
-8.48208 -8.48176
-8.4431 -8.44606
-8.44199 -8.44222
-8.44112 -8.44637
-8.44221 -8.4366
-8.44404 -8.44073
-8.42939 -8.43273
-8.42799 -8.42568
-8.43361 -8.43167
-8.42985 -8.43777
-8.42371 -8.41919
-8.45671 -8.45638
-8.4107 -8.41677
-8.41874 -8.41347
-8.40953 -8.41711
-8.42122 -8.43234
-8.46196 -8.45782
-8.42355 -8.41957
-8.40796 -8.41546
-8.42265 -8.42242
-8.42141 -8.42567
-8.41905 -8.4204
-8.45428 -8.45986
-8.422 -8.42037
-8.42305 -8.425
-8.42134 -8.42097
-8.42014 -8.41774
-8.41836 -8.42286
-8.41914 -8.41864
-8.40642 -8.40781
-8.40786 -8.40784
-8.40683 -8.40433
-8.40582 -8.40307
-8.45745 -8.45552
-8.41004 -8.40716
-8.39288 -8.39463
-8.39672 -8.39551
-8.4015 -8.39765
-8.40379 -8.39941
-8.39348 -8.39116
-8.40097 -8.39535
-8.39636 -8.39333
-8.39239 -8.38854
-8.38195 -8.3922
-8.45415 -8.45743
-8.42691 -8.42144
-8.3906 -8.3878
-8.3723 -8.37798
-8.37358 -8.37283
-8.37604 -8.3718
-8.37179 -8.37377
-8.37725 -8.37774
-8.36841 -8.36772
-8.38216 -8.38186
-8.37344 -8.37252
-8.45301 -8.45686
-8.37551 -8.37328
-8.37413 -8.37397
-8.36077 -8.36384
-8.37545 -8.37527
-8.36964 -8.37017
-8.36858 -8.36841
-8.36845 -8.36782
-8.34916 -8.35257
-8.35686 -8.35219
-8.35968 -8.35426
-8.45349 -8.45383
-8.35673 -8.3538
-8.37426 -8.36986
-8.35369 -8.34892
-8.35128 -8.34312
-8.37708 -8.37121
-8.37588 -8.37002
-8.3843 -8.38123
-8.3484 -8.34281
-8.37765 -8.37643
-8.45385 -8.45662
-8.45422 -8.45887
-8.45323 -8.45338
-8.49085 -8.48977
-8.49815 -8.4988
-8.14522 -8.15003
-7.83055 -7.82153
-7.86217 -7.86814
-8.03806 -8.0568
-8.36202 -8.36458
-8.17787 -8.17703
-8.04313 -8.04432
-8.03095 -8.04265
-8.41625 -8.41703
-7.65451 -7.65555
-4.95804 -4.95938
-7.89525 -7.88752
-7.97625 -7.97608
-7.94955 -7.94721
-7.74932 -7.74706
-7.9991 -7.97044
-8.35244 -8.35157
-8.0085 -8.01347
-8.27132 -8.27295
-7.77208 -7.77326
-8.01931 -8.00623
-8.038 -8.04802
-7.76324 -7.74543
-8.47736 -8.47788
-8.46064 -8.4623
-8.17765 -8.18736
-7.61745 -7.61984
-8.1671 -8.16946
-8.48302 -8.4705
-8.22296 -8.22398
-8.49838 -8.50145
-8.28938 -8.29061
-8.25121 -8.25893
-7.94537 -7.92903
-8.11699 -8.12124
8.82324 8.82338
-7.60838 -7.60693
-0.898106 -0.900786
-8.31842 -8.31982
-8.33272 -8.33077
-8.42498 -8.42606
-8.29664 -8.29833
-8.14714 -8.14956
-8.21789 -8.2034
-7.9007 -7.88208
-7.56821 -7.56069
-8.17321 -8.17378
-8.2205 -8.22107
-8.10382 -8.11095
-8.47912 -8.47908
-8.4052 -8.4029
-8.32502 -8.32601
-7.70696 -7.69795
-7.88173 -7.88562
-7.95982 -7.97559
-7.67863 -7.67674
-6.48905 -6.4887
-8.22945 -8.23064
-7.75748 -7.75798
-8.08869 -8.09409
-8.05877 -8.05615
-8.43594 -8.43462
-7.477 -7.48029
-8.38785 -8.38747
-8.10939 -8.10298
-8.45171 -8.45349
-8.48064 -8.48155
-8.32062 -8.32237
-8.31003 -8.31453
-7.9787 -7.96978
-7.95146 -7.94768
-7.66181 -7.66905
-8.28117 -8.2755
-8.11519 -8.11285
-8.31594 -8.31755
-7.69644 -7.70413
-7.74562 -7.74466
-7.5434 -7.53505
-7.66092 -7.66034
-7.89409 -7.89699
-7.97087 -7.96273
-8.41627 -8.41708
-8.51052 -8.51208
-8.22626 -8.20462
-8.31546 -8.32689
-8.1982 -8.19818
-8.04228 -8.05782
-8.49313 -8.49341
-8.13333 -8.11487
-6.31387 -6.31287
-8.02335 -8.02813
-8.10513 -8.10568
-7.70123 -7.70428
-7.5773 -7.58081
-7.82501 -7.81582
-8.25016 -8.25198
-6.71925 -6.72382
-8.30402 -8.30625
-7.60258 -7.59627
-8.47267 -8.4744
-7.9119 -7.90949
-8.28586 -8.2828
-7.51677 -7.51192
-8.29426 -8.29684
-8.02771 -8.03419
-8.51099 -8.51253
-8.40933 -8.41013
-8.39074 -8.38938
-7.93933 -7.93274
-8.39068 -8.39042
3.17054 3.17241
-7.67137 -7.67133
-8.45794 -8.45958
-8.17441 -8.17239
-8.39115 -8.39093
-8.47025 -8.4613
-8.23886 -8.23955
-7.75918 -7.75035
-7.84336 -7.8412
-8.23994 -8.23734
-7.26946 -7.275
-8.44065 -8.44988
-7.52951 -7.52966
-8.14197 -8.14524
-8.41944 -8.42038
-7.7836 -7.7747
-7.82505 -7.8155
-8.21825 -8.21273
-8.29007 -8.28895
-8.24047 -8.24338
-8.0688 -8.06436
-8.19201 -8.19353
-8.0988 -8.09453
-8.01291 -8.01731
-8.47225 -8.47338
-7.94601 -7.94737
-8.39418 -8.39544
-8.26527 -8.26875
-7.89315 -7.89483
-7.51956 -7.51758
-8.26348 -8.26558
-7.83444 -7.82489
-8.51114 -8.51258
-8.41056 -8.40337
-7.82452 -7.82612
-8.2757 -8.27293
-8.02787 -8.03295
-7.75672 -7.76058
-7.54829 -7.5498
-7.91212 -7.90331
-7.93596 -7.92774
-8.16317 -8.17076
-7.32992 -7.33027
-8.25242 -8.25426
-8.01763 -8.00423
-8.11077 -8.10323
-7.9214 -7.92004
-8.30243 -8.3031
-8.08111 -8.0728
-8.27523 -8.28703
-7.96618 -7.96226
-8.13215 -8.13598
-7.84577 -7.84892
-7.90057 -7.91851
-8.14141 -8.14194
-7.99883 -7.99891
-7.89069 -7.89731
-7.90606 -7.90317
-8.35361 -8.35316
-8.34813 -8.34891
-8.29823 -8.29707
-8.29354 -8.29509
-7.56221 -7.56171
-7.49402 -7.49958
-8.4623 -8.50296
-8.0926 -8.09125
-7.93157 -7.93362
-8.25275 -8.25241
-7.6027 -7.59592
-7.72808 -7.75479
-8.10524 -8.12525
-8.25666 -8.25702
-6.88125 -6.88937
-8.25175 -8.2524
-8.28682 -8.28652
-8.32412 -8.31354
-8.36008 -8.36062
-8.48138 -8.4788
-8.11841 -8.12343
-6.56146 -6.5656
-8.42042 -8.41605
-8.38628 -8.39066
-8.24408 -8.23912
-7.52655 -7.52637
-8.47311 -8.47417
-7.29496 -7.3062
1.43572 1.43515
-8.41724 -8.41795
-7.6597 -7.66428
-8.24515 -8.24825
-8.21241 -8.21713
-8.51689 -8.5188
-8.48842 -8.49078
-7.34108 -7.34958
-8.28396 -8.28337
-7.97944 -7.97648
-8.35573 -8.3555
-7.90144 -7.9015
-5.9885 -5.99044
-8.11069 -8.10932
-7.76409 -7.76645
-7.6079 -7.60889
-8.44707 -8.44767
-8.1925 -8.18901
-7.79245 -7.79046
-8.32327 -8.32484
-8.05711 -8.05843
-7.59467 -7.59046
-8.29935 -8.2959
-8.09236 -8.0961
-7.98769 -7.97622
-8.44345 -8.44446
-7.62799 -7.62744
-7.88184 -7.87315
-8.15848 -8.1585
-7.80506 -7.78365
-8.03192 -8.02717
-8.34041 -8.34045
-8.43274 -8.43287
-8.07187 -8.07813
-8.14679 -8.14167
-7.94521 -7.94515
-7.73299 -7.73553
-8.19844 -8.20251
-8.32642 -8.32788
-7.95761 -7.9592
-8.28818 -8.28786
-8.32012 -8.32191
-8.25333 -8.25378
-8.06857 -8.06804
-7.98025 -7.96795
-7.73195 -7.73079
-8.27288 -8.27396
-8.29794 -8.29429
-8.14616 -8.14718
-7.6267 -7.63226
-7.89468 -7.89257
-8.24413 -8.23695
-5.6518 -5.65469
-3.45889 -3.45134
-8.1015 -8.10475
-8.37995 -8.37957
-8.48019 -8.48224
-7.98188 -7.97745
-8.23347 -8.23914
-8.35218 -8.3555
-7.93922 -7.93368
-7.9897 -7.96707
-7.7027 -7.71274
-8.09688 -8.09968
-7.37952 -7.37652
-5.47814 -5.47863
-8.36442 -8.36648
-7.78796 -7.78365
4.7971 4.79727
-8.07454 -8.06422
-8.43454 -8.43726
-6.79727 -6.80414
-8.22108 -8.2058
-8.10217 -8.10594
-8.1167 -8.11024
-8.3015 -8.2953
-8.21117 -8.20557
-7.99213 -7.99588
-8.29755 -8.2992
-8.41649 -8.41712
-8.28437 -8.28403
-4.02443 -4.02638
-8.47905 -8.47965
-7.49306 -7.50017
-8.25038 -8.25749
-8.51002 -8.51157
-8.02217 -8.04088
-7.87224 -7.87528
-8.21323 -8.20953
-7.78556 -7.78013
-7.73233 -7.7361
-8.41067 -8.41212
-8.1945 -8.19112
-7.77246 -7.77453
-8.35328 -8.35304
-8.51096 -8.51223
-8.43691 -8.47631
-7.99252 -7.99297
-5.16766 -5.17123
-8.16579 -8.1682
-8.26671 -8.2665
-7.54882 -7.54093
-8.21925 -8.2165
-8.43324 -8.43534
-8.41717 -8.41718
-8.45445 -8.45715
-8.07038 -8.06427
-7.68835 -7.68635
-7.32993 -7.32498
-8.32667 -8.32251
-8.1076 -8.11244
-8.12862 -8.11094
-7.55527 -7.55453
-3.07528 -3.07429
-8.39536 -8.39505
-8.32707 -8.32642
-8.18407 -8.18723
-7.48482 -7.48606
-8.28128 -8.28814
-7.23633 -7.23788
-8.154 -8.15577
-8.24632 -8.24765
-8.07551 -8.07525
-8.27792 -8.27558
-8.24778 -8.24772
-8.35586 -8.35895
-8.06473 -8.07479
-7.72674 -7.72388
-8.27049 -8.26533
0.608815 0.60885
-7.73365 -7.73837
-7.91734 -7.91876
-8.07317 -8.07824
-8.40167 -8.40432
-8.38999 -8.38968
-8.12887 -8.13016
-6.11616 -6.11599
-8.51904 -8.52165
-8.51909 -8.5182
-8.43628 -8.43417
-8.51881 -8.51816
-8.51894 -8.51822
-8.5189 -8.51821
-8.51904 -8.52165
-8.51911 -8.52171
-8.5188 -8.51816
-8.51911 -8.52171
-8.51906 -8.51817
-8.51904 -8.52122
-8.51904 -8.52168
-8.51908 -8.52004
-8.38689 -8.38249
-8.51897 -8.52176
-8.38709 -8.38264
-8.40532 -8.38898
-8.08146 -8.08287
-8.51898 -8.52161
-8.51874 -8.51815
-8.51907 -8.51995
-8.51904 -8.52165
-8.51903 -8.52122
-8.47091 -8.47224
-8.42618 -8.43201
-8.1897 -8.22499
-8.48027 -8.47797
-8.5062 -8.49463
-8.30452 -8.33343
-8.51897 -8.52176
-8.51905 -8.51817
-8.38712 -8.38265
-8.51917 -8.51816
-8.47035 -8.46827
-8.43617 -8.43419
-8.51897 -8.52158
-8.51914 -8.51821
-8.51903 -8.5202
-8.48328 -8.48062
-8.51908 -8.5182
-8.51859 -8.51811
-8.51904 -8.52168
-8.43568 -8.4356
-8.51897 -8.52176
-8.51904 -8.52165
-7.3793 -7.37857
-8.03471 -8.03343
-8.51904 -8.5202
-8.51674 -8.51642
-8.51888 -8.5182
-8.48327 -8.4806
-8.50071 -8.47305
-6.2642 -6.25577
-8.48259 -8.48563
-8.43599 -8.43365
-4.25288 -4.25427
-8.05107 -8.04365
-8.10055 -8.09514
-8.4734 -8.47607
-8.48083 -8.48056
-8.31255 -8.31249
-8.22421 -8.22781
-8.31061 -8.30671
-8.40049 -8.40093
-8.40609 -8.40606
-8.42079 -8.42044
-7.82728 -7.82395
-8.38739 -8.39317
-8.46932 -8.47214
-8.18259 -8.17962
-7.86251 -7.84672
-8.01775 -8.00712
-7.65433 -7.64363
-8.47059 -8.47209
-7.99905 -7.99619
-8.31218 -8.31266
-8.14305 -8.13949
-8.33778 -8.33502
-7.9396 -7.94394
-8.47703 -8.47915
-8.4003 -8.40432
-8.09301 -8.10044
-8.30143 -8.30567
-8.12944 -8.12704
-7.86458 -7.89287
-8.51399 -8.51764
-8.48837 -8.48869
-8.47763 -8.48568
-8.50368 -8.5071
-8.42121 -8.43286
-5.95401 -5.94287
-8.51633 -8.51968
-8.50883 -8.51119
-8.49839 -8.50004
-7.6922 -7.68731
-8.50638 -8.50848
-8.51507 -8.51943
-8.47747 -8.47957
-8.49228 -8.49539
-8.48966 -8.49128
-8.51544 -8.51888
-8.44379 -8.44816
-8.50574 -8.51196
-8.08845 -8.10907
-8.50461 -8.50646
-8.49402 -8.49975
-8.45206 -8.45563
-8.51574 -8.51893
-8.50468 -8.50959
-8.38995 -8.39562
-8.51602 -8.5192
-8.13569 -8.13793
-8.50056 -8.50252
-8.2784 -8.29328
-8.51625 -8.5196
-8.51382 -8.51696
-8.3379 -8.33016
-8.30244 -8.29448
-8.26138 -8.24903
-8.42765 -8.42274
-8.42522 -8.40834
-8.40039 -8.39445
-8.39851 -8.38469
-8.34222 -8.33511
-8.08473 -8.08664
-8.22375 -8.22159
-8.07695 -8.0832
-8.20772 -8.20246
-8.0371 -8.02709
-8.15964 -8.15191
-7.9562 -7.95885
-8.03077 -8.02926
-8.47226 -8.47647
-8.46931 -8.47303
-8.46946 -8.47529
-7.73039 -7.73265
-8.10012 -8.10125
-8.34255 -8.3401
-8.47655 -8.47468
-8.51907 -8.51792
-8.48563 -8.48599
-8.38838 -8.3859
-8.23349 -8.23337
-8.03389 -8.03816
-8.49014 -8.49369
-8.48778 -8.49089
-8.49014 -8.4937
71.0274 71.0292
44.2776 44.276
26.8335 26.8359
15.2769 15.2733
7.72106 7.72153
2.87577 2.87887
-0.150078 -0.152518
-1.96909 -1.97424
-3.0148 -3.01013
-3.57516 -3.5764
