0.954777 0.954779 -2.0921 5.06694e-07 2.1853e-07 5.52848e-08 1.08241 1.08241 -2.16744 3.325e-06 -5.97e-07 -3.48e-07
0.97103 0.803263 -2.19772 0.145291 1.56387e-07 2.85225e-07 1.06868 0.953907 -2.17907 0.0993394 6.3e-08 -2.2e-06
0.955802 0.73747 -2.25068 -0.0985541 -0.172913 -0.0547413 1.05223 0.880025 -2.15776 -0.0756173 -0.162092 0.00270483
1.14436 0.566055 -2.24263 -2.98769e-07 -0.0101081 -3.70194e-07 1.23571 0.748205 -2.21094 -3.106e-06 -0.0986812 -2.172e-06
0.327212 1.00006 -2.02374 -0.582704 -4.3374e-07 -3.56141e-07 0.408459 0.727798 -1.81532 -0.276555 -9.35e-07 -6.31e-07
0.854745 0.854747 -2.24455 3.19919e-08 1.91324e-07 2.10604e-07 0.853207 0.853276 -2.14491 -2.0383e-05 6.9653e-05 -3.253e-06
0.737629 0.96427 -2.18337 -0.196278 1.1958e-07 5.86064e-07 0.830351 0.988971 -2.26424 -0.137354 3.208e-06 5.442e-06
0.698925 0.8763 -2.26883 -0.153613 0.137763 0.238612 0.784136 0.936176 -2.1489 -0.131676 0.137815 0.238711
0.754745 0.851743 -2.23887 -0.0840015 0.0370424 0.0641593 0.890444 0.989797 -2.11469 -0.0860495 0.051321 0.0888969
0.791628 0.787397 -2.00992 0.012314 -1.06907e-07 1.23584e-05 0.662272 0.654591 -2.19332 0.00797387 1.206e-05 7.749e-06
0.809732 0.632403 -2.27091 -0.189915 -9.48764e-07 4.42314e-07 0.838972 0.681924 -2.11168 -0.205415 1.583e-05 5.713e-06
0.901525 0.901527 -2.18119 -3.18591e-07 -4.17698e-07 -8.60839e-08 1.11891 1.11889 -2.15656 -4.357e-06 2.508e-06 -3.764e-06
0.495098 1.10522 -2.27388 -0.119807 -3.05021e-07 2.98497e-07 0.636975 1.0057 -2.23097 -0.0710932 -9.05e-07 2.909e-06
0.698278 0.774531 -2.29751 -0.0660357 -0.0862656 -0.149416 0.711129 0.804253 -2.15214 -0.0806415 -0.111316 -0.1928
0.790866 0.790865 -2.25036 5.61057e-07 1.80195e-07 -2.97251e-07 0.87925 0.879319 -2.08231 -1.8188e-05 4.645e-06 1.069e-06
0.689826 0.689827 -2.2751 4.08922e-07 1.87153e-07 2.8827e-07 0.806146 0.806162 -2.3349 0.000167048 2.965e-06 3.875e-06
0.619424 0.737961 -2.31761 -0.10266 -2.08747e-07 9.90938e-08 0.648048 0.755119 -2.10011 -0.0924957 3.1209e-05 5.2993e-05
0.764258 0.713272 -2.24653 -0.0441567 -0.0535183 0.0926968 0.81754 0.789705 -2.0907 -0.0241645 -0.0387451 0.067108
0.809027 0.472561 -0.183144 0.00375137 -0.00998653 0.000251854 0.628432 0.485761 -0.275257 0.0015153 -0.00593178 0.00227874
0.811447 0.469609 -0.184421 0.000737774 0.0107277 0.00148142 0.63026 0.484096 -0.272733 -0.00262369 0.00635682 -0.00120709
0.688947 0.789072 -0.598395 -0.006722 0.00460834 -0.00210275 0.611571 0.814966 -0.592264 0.00666806 0.00176737 -0.00114433
1.48456 1.49365 -2.49052 -0.0248315 0.0118242 0.00703165 1.58972 1.64478 -2.37492 0.0236506 0.0236614 -0.0187395
0.907654 0.93107 -2.23884 -0.0202728 0.0455613 0.0789144 1.02807 1.04219 -2.15412 -0.0122217 0.0413977 0.0716452
0.687986 0.789983 -0.59663 -0.0069186 -0.00754706 -0.00313795 0.613408 0.815707 -0.591878 0.00529495 -0.00498619 0.000248609
1.59504 1.29411 -2.55339 0.133151 -0.00873061 -0.0192628 1.66225 1.45998 -2.32026 0.296043 0.0190757 -0.0498463
0.711831 0.777499 -0.714977 0.118428 0.00561118 0.0700668 0.735538 0.796944 -0.713317 0.0809453 0.0367098 0.121171
0.813703 0.467296 -0.179204 0.00381397 0.00210591 0.0011463 0.633163 0.479381 -0.269608 0.000323014 0.00239902 -0.00174798
0.789996 0.690371 -0.464028 -0.0494351 0.142102 -0.258859 0.704715 0.667254 -0.569844 -0.0745404 0.156034 -0.23774
0.572228 0.73413 -0.256722 -0.160321 -0.0066514 -0.0131998 0.512142 0.680324 -0.293124 -0.168176 -0.00419152 -0.00661442
0.812747 0.470352 -0.182651 0.00296881 0.00382851 -3.49068e-06 0.63265 0.483943 -0.271566 0.0014923 0.00342353 0.000506985
1.15935 1.00195 -1.52448 -0.0516738 -0.0753878 -0.00222417 1.16459 1.10649 -1.42345 -0.0609959 -0.0894413 0.00436405
0.69134 0.787781 -0.59999 -0.00525253 -0.00891928 0.00422566 0.613687 0.812099 -0.593245 0.00860563 -0.00316835 0.000847507
1.15157 1.06593 -1.48539 -0.0285725 0.0143338 0.00528018 1.14602 1.07816 -1.41802 -0.00708531 0.014387 -0.000317314
0.814291 1.01809 -2.23162 -0.153714 -0.0279921 -0.0204021 0.989719 1.13484 -2.17244 -0.123095 -0.0138486 0.0180992
0.777709 0.725412 -0.478722 0.0379123 0.150056 0.230778 0.702274 0.707616 -0.594334 0.0854104 0.150345 0.242935
0.776911 0.725805 -0.478084 0.0412107 0.15035 0.239061 0.701667 0.705344 -0.597429 0.088953 0.148884 0.246968
0.840802 0.860957 -1.074 -0.00586752 -0.00229132 -0.00120459 0.773954 0.756431 -0.93159 0.0270482 -0.00220235 -0.00130647
0.692074 0.784647 -0.594571 -0.00891436 0.00391106 0.00167436 0.614669 0.810703 -0.589943 0.00223595 0.000427546 -8.6935e-05
0.574509 0.731997 -0.259306 -0.161649 -0.00863392 -0.0164423 0.517503 0.682996 -0.294717 -0.168869 -0.00724591 -0.00622331
0.950027 1.08816 -1.56695 -0.0902888 4.02413e-07 -1.15747e-07 1.11133 1.24223 -1.32585 -0.121753 -9.177e-06 -9.055e-06
0.692395 0.7894 -0.605607 -0.00718288 0.00109178 -0.000461518 0.61685 0.816493 -0.598052 0.003312 -0.000535748 -0.000129282
0.701687 0.738242 -0.513262 -0.0227295 0.0433125 0.0279798 0.666997 0.715178 -0.498159 -0.00547589 0.00700056 0.0201526
1.09286 0.864298 -2.20858 -0.00565776 1.9311e-08 -8.36811e-08 1.14658 1.03609 -2.16343 0.00112707 -4.527e-06 -3.229e-06
1.08875 0.873188 -2.24254 -0.0165033 0.0686506 0.00483748 1.15974 0.925187 -2.15128 -0.000677153 0.00554703 0.00177902
0.813599 1.03707 -2.24874 0.193531 7.4165e-08 -2.81343e-07 0.917335 1.121 -2.16238 0.176324 -1.72e-06 2.391e-06
0.985165 0.942383 -2.21243 0.00539415 -0.00234986 -0.002604 1.06151 1.04085 -2.14322 0.0210135 0.00360391 -0.0214841
0.979741 0.953173 -2.16849 -0.0138506 -6.23502e-07 -4.22386e-07 1.05766 1.00475 -2.0772 0.00496415 0.000489243 -0.000316333
1.02737 0.977342 -2.22767 0.00605897 -2.93757e-07 -2.77461e-07 1.10757 1.07223 -2.17792 0.0114921 -2.098e-06 -7.97e-07
1.34213 1.32499 -2.32606 -0.00430304 -4.47285e-07 4.33328e-07 1.44262 1.46327 -2.20293 0.0294284 0.000535893 -0.000786776
0.931722 0.930631 -1.31927 -0.00100394 -0.000695742 -0.000457733 0.962472 0.973038 -1.25648 -0.00486955 -0.00119881 -0.000905262
1.34088 1.32681 -2.32557 -0.00512946 -2.3058e-07 1.63529e-08 1.43977 1.46557 -2.20478 0.0275517 0.000524569 -0.000148026
1.33784 1.3268 -2.32644 -0.00388274 -2.03117e-07 5.27454e-07 1.43388 1.46498 -2.2034 0.0290235 0.00028131 0.000210051
1.34029 1.32699 -2.32722 -0.00279945 4.0501e-07 -2.97874e-07 1.43918 1.46549 -2.2036 0.0301462 -0.000743029 0.000232712
0.928156 0.808844 -1.16218 0.115088 0.0759432 0.116682 1.01595 0.938963 -1.18443 0.0969406 0.0623096 0.103714
0.932265 0.930083 -1.32166 0.000207014 -0.000752272 0.00206102 0.960922 0.970401 -1.25873 -0.00288457 -0.000616143 0.000416947
0.733335 1.07952 -2.21096 0.00702287 7.09051e-07 2.83136e-07 1.00255 1.16953 -2.20643 0.0152983 -5.551e-06 3.302e-06
0.901629 0.88575 -1.22742 -0.017721 -0.0172757 0.00901195 0.965726 1.01331 -1.45077 -0.00599123 0.0170318 -0.013195
0.932565 0.929332 -1.31921 -0.000805962 -0.00148928 -0.00025952 0.962249 0.969967 -1.25784 -0.00576409 -0.00159184 0.000137976
0.933076 0.930085 -1.32035 0.000741794 -0.000919538 -0.000237881 0.961484 0.969932 -1.25728 -0.00329407 -0.00157279 0.000395358
0.933358 0.93023 -1.32263 -0.000960397 -2.72501e-07 -8.1219e-08 0.962891 0.972336 -1.25958 -0.00473693 -0.000417525 0.000286402
0.932904 0.931421 -1.31905 6.01277e-05 -0.000806181 0.000497105 0.960556 0.971777 -1.2578 -0.00360074 -0.000500999 -4.0828e-05
1.62879 1.08466 -2.4511 -0.245275 1.62605e-07 5.55846e-07 1.9362 1.34609 -2.40047 -0.23391 -0.000818424 0.000488567
1.60043 1.49279 -2.61715 0.0189006 1.317e-08 -5.67999e-08 1.74612 1.68336 -2.53588 -0.0551936 -2.6516e-05 1.9557e-05
1.70143 0.887876 -2.40366 -0.42949 3.79969e-07 -4.03901e-07 2.1038 1.06773 -2.29397 -0.413877 -0.000379933 -2.9523e-05
0.689495 0.789803 -0.599186 -0.00633148 -0.000983902 0.00432644 0.613958 0.816626 -0.592738 0.00595792 -0.00111769 0.00118023
0.745644 0.669699 -0.484464 0.248977 0.0823677 -0.0916798 0.78879 0.774173 -0.711231 0.221608 0.0899348 -0.0482277
0.95775 0.872688 -2.2409 -0.105163 0.0882306 0.016315 1.1235 0.997865 -2.19261 -0.0487514 0.0413517 -0.00351263
0.743911 0.673859 -0.508567 -0.0104307 0.0653476 -0.00410578 0.670242 0.621352 -0.537862 0.000297198 0.0397567 -0.00045057
1.05818 1.05184 -2.18566 -0.00120174 2.12123e-07 -3.93146e-07 1.19589 1.17842 -2.15135 0.00309495 0.000180706 -0.000237744
1.17533 1.17532 -2.14591 3.47383e-06 -6.96676e-07 -1.71075e-06 1.7653 1.76539 -2.36784 -5.249e-06 1.6746e-05 -2.086e-06
1.16032 1.16031 -2.16202 7.97051e-07 5.59557e-07 -4.20353e-07 1.30615 1.30846 -2.05015 -0.000607925 1.964e-06 -8e-09
0.807109 1.03563 -2.28328 -2.60467e-06 7.64004e-07 0.106915 0.930601 1.13425 -2.20461 4.936e-06 -1.3902e-05 0.0297417
0.838433 1.07033 -2.30908 -0.200828 1.7134e-07 4.95432e-07 1.02637 1.08585 -2.19332 -0.0515032 4.008e-06 5.252e-06
0.868994 0.869003 -2.20004 -4.79825e-07 3.91223e-08 -1.99318e-07 1.00975 1.00977 -2.19675 -3.337e-06 -2.723e-06 2.279e-06
0.194866 0.320436 -0.456713 0.0672862 -0.064229 -0.121669 0.0813298 0.310898 -0.53317 0.0826383 -0.0266711 -0.112842
0.11651 0.287743 -0.446522 0.161151 -0.091617 0.0473252 0.126021 0.20712 -0.546634 0.234875 -0.101642 0.0568185
0.269766 0.374269 -0.718885 0.137471 -0.131294 0.0149621 0.262912 0.368987 -0.714718 0.0785841 -0.076912 0.0628852
-0.65531 0.126297 -0.521714 -0.162692 0.218744 0.223614 -0.706531 -0.00841655 -0.57194 -0.0986243 0.0550616 0.248086
-0.166999 -0.0461206 -0.626675 0.0575666 0.106032 -0.140116 -0.203794 -0.145501 -0.64424 0.112745 0.0935104 -0.0408196
0.0514516 0.0641329 -0.582227 -0.0880123 -0.0792128 -0.081071 0.0283877 0.00105152 -0.837823 -0.0349773 -0.139465 -0.104681
0.625137 -0.687864 -0.400842 -0.0422927 -0.261862 0.248141 0.34484 -0.680062 -0.372228 -0.147888 -0.207597 0.239306
0.20294 -0.0818278 -0.76575 0.305167 0.0798581 0.10158 -0.0389033 -0.148825 -0.739373 0.2977 0.0427064 -0.0425719
0.152091 0.144381 -0.971879 -0.154212 -0.0448494 0.124951 0.0288481 -0.0160098 -0.935017 -0.118519 -0.0688245 0.115959
0.725418 0.518841 -0.535122 -0.0111705 0.0306264 -0.0376092 0.653643 0.493897 -0.577678 0.0115826 -0.00865421 -0.0150826
0.590665 0.794145 -0.677504 -0.0414605 0.0331177 0.0449406 0.496935 0.803991 -0.652701 -0.014123 0.0199901 0.0594326
1.49706 0.884527 -2.28207 -0.39151 -0.123218 -0.00381808 1.82701 1.13514 -2.24742 -0.396953 -0.0880665 0.00340729
0.62162 0.731065 -0.670757 0.0296203 0.0573145 -0.00691017 0.5689 0.713831 -0.622819 0.0375909 0.0352079 0.0155298
0.528973 0.656216 -0.342288 0.211048 -0.0318764 -0.0500443 0.488458 0.61752 -0.423339 0.244808 -0.0161196 -0.0328594
0.701879 0.621488 -0.681611 0.0305914 -0.0130687 0.0436244 0.634148 0.618037 -0.655027 0.0291661 -0.0200773 0.0213615
0.410627 0.220425 -0.727214 0.134363 -0.0374404 0.137882 0.380739 0.13325 -0.705113 0.0928508 -0.0724778 0.0745613
0.18132 0.364338 -0.555851 -0.0310996 -0.00924483 -0.106251 0.153591 0.401252 -0.537114 -0.0835437 0.0930353 -0.115831
0.390735 0.214213 -0.857177 -0.254453 -0.126899 -0.0897065 0.413426 0.100634 -0.866121 -0.200881 -0.0206572 -0.112264
0.582534 0.573019 -0.278764 -0.177847 -0.041431 -0.0550492 0.52183 0.55962 -0.333649 -0.163394 0.00028434 -0.0447919
0.623783 0.7291 -0.724263 0.00934773 -0.0120669 -0.0135392 0.584447 0.734524 -0.673498 0.037641 -0.0193547 -0.0022218
0.500051 0.814152 -0.606097 -0.0306665 0.0424429 0.00368067 0.45792 0.841255 -0.600926 0.0151036 0.00733974 -0.0044854
0.671308 0.601637 -0.49072 -0.0538967 0.0496072 0.0271947 0.591404 0.536225 -0.54828 -0.0513625 0.0228596 0.0269879
0.453095 0.685619 -0.273975 0.158737 0.0614423 -0.00308653 0.434194 0.623139 -0.342509 0.15066 0.0229949 -0.00845424
0.470324 0.670405 -0.269472 0.137475 -0.0143755 0.0385548 0.455412 0.628579 -0.360807 0.167419 0.0147432 0.0248058
0.66347 0.653533 -0.678435 -0.0226281 0.0182235 0.00138134 0.629198 0.664885 -0.660266 -0.00826892 0.00764719 0.0213298
0.808584 0.792258 -1.10852 -0.0455169 0.0120167 0.0220993 0.802627 0.667956 -0.980471 -0.0146182 -0.00790816 0.0509409
0.457806 0.664418 -0.257442 -0.133131 -0.0330638 0.0418801 0.434094 0.632436 -0.308033 -0.148176 -0.0430209 0.0170405
0.546176 0.613487 -0.257979 -0.200925 -0.0193434 -0.0250693 0.476422 0.605624 -0.373398 -0.220974 -0.0220457 -0.00850262
0.899904 0.774501 -1.14128 -0.00446584 0.0183844 -0.0614789 0.751242 0.615766 -0.954585 0.0527162 0.0124987 -0.13763
0.793869 0.311991 -0.18622 -0.0326473 0.0868737 0.0312093 0.619087 0.337631 -0.287565 -0.0328126 0.0475549 -0.010754
0.557967 0.79777 -0.655448 -0.0319307 -0.00902693 -0.0739136 0.537006 0.831359 -0.645906 0.00292038 -0.0189178 -0.0130931
0.62099 0.657134 -0.524594 -0.0358718 0.0522528 0.0726652 0.602731 0.632446 -0.489597 -0.0343738 0.0185814 0.039244
0.313959 0.191865 -0.394471 -0.0239452 -0.0192216 0.0831523 0.156542 0.280396 -0.507886 -0.0354908 0.00684791 0.116159
0.141051 0.196709 -0.0352393 0.19688 0.122587 -0.0961463 0.0177358 0.0898752 -0.111382 0.177856 0.136847 -0.0737882
0.431558 0.364089 -0.915998 -0.238563 0.0840602 0.0878257 0.362073 0.354557 -0.836776 -0.234385 0.0917345 0.0538857
0.319449 0.0596344 -0.192668 0.170083 0.0618315 0.0125426 0.167696 0.0710001 -0.342835 0.188945 -0.0370793 0.053062
0.307222 0.234643 -0.415454 -0.257931 0.0105441 -0.0573699 0.258947 0.141475 -0.432298 -0.239021 -0.0487415 0.00887018
0.244811 0.332934 -0.512954 -0.19893 -0.068068 -0.128151 0.142289 0.309082 -0.615659 -0.184256 -0.0975473 -0.0763781
0.0908835 0.302278 -0.320683 0.0590504 -0.0871593 0.167802 0.0726176 0.226671 -0.389647 -0.0271868 -0.019343 0.18534
0.637015 0.533161 -0.277544 0.104573 0.0297619 0.123949 0.484425 0.557065 -0.353129 0.123063 0.0206251 0.048232
0.510464 -0.105484 -0.104849 -0.277272 0.0879904 -0.0997597 0.297554 -0.066304 -0.260845 -0.213283 0.0588914 0.0158913
0.157863 0.513805 -0.50933 -0.147534 0.0405113 -0.0917473 0.112123 0.306213 -0.589878 -0.101517 0.0636737 -0.0353099
-0.140829 0.511624 -0.43048 -0.291254 0.0419142 0.104966 -0.11904 0.430267 -0.432129 -0.25453 0.00725044 0.0814182
0.352222 0.544583 -1.05719 -0.017984 -0.0307198 0.072086 0.312494 0.556874 -1.00617 0.0244457 -0.0249009 0.0553927
0.472432 0.25904 -0.972701 0.0867758 -0.30136 -0.0882315 0.40258 0.250936 -0.966217 0.0477879 -0.305187 0.0942636
0.387283 0.237346 -0.466023 0.102336 -0.107026 0.0114462 0.21043 0.172128 -0.512242 0.0628971 -0.0922435 0.00545058
0.219103 0.508694 -0.744168 -0.0851328 0.0620282 0.07173 0.188692 0.446167 -0.65258 -0.0361773 0.0761967 0.0235719
-0.0458289 0.472227 -0.223422 0.189806 -0.0802399 -0.138853 -0.091881 0.394379 -0.364669 0.209635 -0.019288 -0.0435071
0.376406 0.551671 -0.901534 -0.218794 -0.051293 -0.0280799 0.359041 0.464599 -0.909321 -0.219278 -0.00136415 0.0383544
0.291974 0.457565 -1.22697 0.254053 0.120442 -0.0559701 0.282546 0.372617 -1.15993 0.226501 0.154843 -0.0251001
0.601062 0.73754 -0.696229 -0.140986 0.0229462 0.0369737 0.542895 0.779788 -0.669005 -0.154575 0.0297689 0.024214
-0.0372639 0.37725 -0.271233 -0.181769 -0.182174 0.0307038 -0.0902609 0.217392 -0.369667 -0.159087 -0.0902671 0.0322644
0.145886 0.273346 -0.305672 -0.305331 -0.0910741 0.0483226 0.116747 0.192021 -0.390213 -0.309878 -0.0379657 0.0149577
0.187612 0.213662 -0.414424 0.0681613 -0.152741 -0.0445145 0.0757432 0.131976 -0.359956 0.0248313 -0.0731258 0.000104121
0.211887 0.379088 -0.636789 0.133055 -0.123897 0.18791 0.178929 0.384503 -0.670616 0.156659 -0.101513 0.0414782
0.456903 0.10596 -0.390001 0.171555 0.0156653 -0.0102009 0.42913 -0.0199913 -0.531642 0.181425 0.0369215 -0.0692491
-0.434616 0.242451 -0.20471 0.523136 -0.192656 -0.232012 -0.481363 0.0294884 -0.483585 0.527515 -0.131181 -0.165443
-0.503527 0.319239 -0.600227 -0.0329954 0.079321 -0.106149 -0.371546 0.160233 -0.738873 0.0111814 0.134505 -0.162736
-0.113267 -0.0605168 -0.714998 0.0179397 -0.0180483 0.0066477 -0.355415 -0.08726 -0.805555 0.0421541 -0.0171606 -0.0196592
0.265716 -0.107607 -0.918934 0.0352077 -0.0450022 -0.0735695 0.305853 -0.133632 -1.16388 0.0742389 -0.0758354 0.0569942
0.298023 -0.600503 -0.293237 0.0984125 0.0112069 0.131953 0.181168 -0.559258 -0.48675 0.122401 -0.0360678 0.174675
1.35426 1.46196 -2.45117 -0.054526 -0.0449057 0.0483361 1.43747 1.63529 -2.35112 -0.0189685 -0.156548 0.0316961
-0.0299218 -0.169962 -0.257194 0.190808 -0.0600665 -0.109782 -0.153629 -0.148994 -0.374521 0.1462 -0.0531071 -0.164455
-0.11219 0.0105663 -0.4513 0.3479 0.145416 0.0139431 -0.233829 -0.0841092 -0.537161 0.372048 0.137302 0.0531437
0.208334 -0.0226251 -0.954681 -0.307646 -0.0239293 -0.133561 0.170575 -0.0487796 -1.05819 -0.281323 -0.00722744 -0.231165
-0.0100409 -0.30704 -0.377494 -0.0564063 -0.266784 0.00688628 -0.237449 -0.292949 -0.652223 -0.0298895 -0.218467 0.0480223
-0.438416 0.432524 -0.589786 0.273548 -0.14293 0.189776 -0.431004 0.352578 -0.842928 0.301613 -0.111213 0.137843
-0.0386991 -0.123601 -0.437634 -0.293038 -0.00519152 -0.232913 -0.0810022 -0.252866 -0.556853 -0.334525 -0.022016 -0.202239
0.0826668 -0.234214 -0.640681 0.0141423 -0.0915 0.121332 0.0285696 -0.213975 -0.971586 -0.00309257 -0.033456 0.00367315
-0.453959 0.19222 -0.459175 0.00991327 0.0466048 0.27059 -0.4709 0.0708665 -0.536908 0.0923633 0.041123 0.200405
-0.220082 0.0983806 -0.514511 -0.27716 0.183145 -0.0784581 -0.301307 0.0346845 -0.641815 -0.259318 0.0613099 -0.128764
0.0532024 -0.234979 -0.397932 -0.0840692 0.0285035 -0.100921 -0.0785305 -0.414128 -0.528306 -0.0303469 -0.0941784 -0.145266
0.632941 0.744788 -0.635907 -0.0753174 0.00866743 -0.00833854 0.56206 0.778054 -0.663444 -0.038443 0.00739055 -0.0377102
-0.280625 0.0873098 -0.694458 -0.107735 0.0603834 0.13096 -0.286108 -0.0291021 -0.77812 -0.0385671 0.0268708 0.045918
0.63885 -0.147673 -0.961677 -0.00690839 0.00299579 0.0172273 0.510754 -0.163679 -0.966566 -0.0591864 0.0856881 0.0688939
0.0391961 -0.151399 -0.72765 -0.290462 -0.0611469 0.073971 -0.126561 -0.26374 -0.735489 -0.326962 -0.0461841 0.0347196
-0.281029 -0.0350494 -0.57006 -0.277568 0.017634 0.316238 -0.256496 -0.346756 -0.631689 -0.143807 0.0877364 0.141216
-0.130158 -0.121543 -0.181188 0.195421 0.151927 -0.0427744 -0.336603 -0.246606 -0.192053 0.239028 0.0369434 -0.0124084
0.044713 0.0043064 -0.780427 -0.00793051 0.142315 0.111701 -0.183685 -0.0764963 -0.841611 -0.0770944 0.0750675 0.0952709
-0.314794 -0.138542 -0.341421 0.519887 0.0859402 -0.207779 -0.543904 -0.179713 -0.371573 0.493321 0.10501 -0.163637
1.70362 1.05409 -2.52288 0.224976 0.18371 0.0964734 1.81266 1.11615 -2.39388 0.345044 0.160306 0.0337659
0.456138 0.700281 -0.275727 0.0957937 -0.106335 -0.0204335 0.455952 0.610465 -0.350589 0.106666 -0.0459946 -0.0170136
0.732509 0.34668 -0.109226 -0.0354351 -0.000768502 -0.0206615 0.509691 0.381123 -0.222358 -0.0157941 0.014538 -0.025533
0.649321 0.620699 -0.371335 -0.0615975 0.0940811 -0.0594253 0.53972 0.595801 -0.425338 -0.091855 0.0758815 -0.0354169
0.833495 0.884742 -1.32601 0.0141268 0.00422405 0.0205807 0.857264 0.909751 -1.28084 0.026246 -0.00554303 -0.000640793
0.867222 0.860713 -1.44413 -0.0771167 3.45467e-07 5.12711e-07 0.846442 0.928306 -1.32358 -0.0658932 0 0
0.80863 0.912007 -1.3751 -0.0484081 -0.00420646 -0.0167717 0.850104 0.908359 -1.32499 -0.0336761 -0.0128578 -0.0153264
1.01613 0.86708 -2.298 -0.11504 -0.00408543 0.0625303 1.06828 0.938099 -2.26502 -0.0869175 0.0346101 0.0608365
0.422236 0.648773 -1.14691 -0.245769 0.0805603 -0.0671752 0.402267 0.592884 -1.20888 -0.188634 0.0241301 -0.0779486
0.660035 0.432442 -1.42057 0.0735017 0.0389341 6.00858e-05 0.634568 0.377638 -1.43725 0.105253 0.0391901 -0.00525773
0.373908 0.523953 -1.25587 -0.061193 -0.121775 -0.0733694 0.46694 0.579193 -1.24747 -0.03572 -0.0641835 -0.0336207
0.50353 0.46767 -1.24785 0.123588 0.000571972 0.106768 0.520817 0.486672 -1.33439 0.0842508 -0.0662943 0.0584103
0.464689 0.486674 -1.30926 -0.139061 -0.0638199 0.0457065 0.458875 0.459871 -1.29069 -0.0842236 -0.0811962 0.037391
0.392872 0.584201 -1.25685 -0.215537 0.00195036 -0.00584455 0.408862 0.559491 -1.33445 -0.15896 -0.00503661 -0.0315529
1.23021 1.23378 -2.31838 0.0525851 2.84807e-07 9.25741e-08 1.32087 1.38307 -2.20302 0.0873459 0 0
0.609701 0.42976 -1.39893 0.0553116 0.00968589 -0.101509 0.680034 0.387806 -1.42574 0.0484286 -0.0412471 -0.000601186
0.560837 0.523039 -1.45783 0.161044 0.067546 0.0251825 0.580566 0.477241 -1.4551 0.152906 0.0182778 -0.0462323
0.402746 0.485963 -1.18063 -0.0556087 0.00193843 0.0117877 0.37902 0.508372 -1.18649 -0.0160882 0.00974942 0.0451274
0.669493 0.188986 -1.39717 0.212107 2.93795e-07 -5.34706e-07 0.641641 0.185831 -1.39885 0.196363 0 0
0.322813 0.519163 -1.20571 -0.17949 -0.0790896 0.00448842 0.339992 0.480663 -1.28418 -0.145287 -0.044099 0.00250841
0.275731 -0.0317693 -1.43394 0.0894682 -0.0412979 0.0116427 0.325963 -0.123448 -1.42349 0.0793315 -0.0614385 0.038318
0.0964134 0.0261428 -1.19728 -0.292733 0.0696829 -0.163277 0.0593193 -0.0219783 -1.22721 -0.270023 -0.0709676 -0.242081
0.110426 0.130807 -1.18749 -0.174269 -0.0842662 0.179581 0.0254375 0.0780173 -1.20042 -0.134851 -0.0299291 0.0951989
0.389028 0.0459088 -1.44874 -0.0243961 0.0434453 -0.128416 0.19655 0.0709476 -1.39716 -0.0359425 0.0723727 -0.0779342
-0.00562172 0.303537 -1.34144 -0.417754 0.0193262 0.0468337 -0.0172802 0.164472 -1.40525 -0.402116 -0.0914867 0.0437975
0.914894 0.830306 -1.41746 -0.0328359 0.0611807 0.0023583 0.968466 0.879404 -1.35957 -0.0260006 0.0236973 0.00346087
0.239482 -0.0654123 -1.66119 0.0617829 -0.192114 -0.0240255 0.211775 -0.00216058 -1.73941 0.0785215 -0.0837767 -0.0419345
0.10161 0.0190052 -1.40955 -0.0509765 -0.0915865 0.11723 -0.0100987 -0.0210659 -1.45548 0.0880406 -0.0449293 0.0531744
0.305634 -0.103004 -1.3754 -0.187695 -0.0477719 -0.0411638 0.174985 -0.163107 -1.43866 -0.10473 -0.133419 0.0091484
-0.284106 0.504061 -0.944497 0.349342 -0.151325 0.150516 -0.280327 0.441173 -1.0685 0.439227 -0.168458 0.124389
0.149295 0.261578 -1.34353 -0.179768 0.103501 0.0484909 0.096901 0.149369 -1.41595 -0.264235 0.0541413 0.0887174
-0.0868579 0.498386 -1.75971 0.145328 -0.0206734 0.0104021 0.0744711 0.44277 -1.76993 0.120185 -0.0142798 0.0172694
0.275317 -0.12407 -1.17908 0.0748261 0.0649996 0.0673344 0.303301 -0.131389 -1.25993 0.0375212 0.0222553 0.0776349
1.22759 1.32409 -2.35909 -0.0469932 3.67474e-07 -5.40145e-07 1.30768 1.47647 -2.26594 -0.0418565 0 0
1.31572 1.18261 -2.30773 -0.113885 2.66214e-07 1.2594e-07 1.3981 1.32831 -2.19586 -0.0668616 0 0
1.33443 1.22365 -2.36234 0.034256 -4.71899e-07 8.43507e-07 1.40111 1.32938 -2.20854 0.0712625 0 0
0.953504 0.751774 -1.25068 0.0213749 0.0502014 -0.040576 0.946343 0.801009 -1.22052 0.012287 0.030771 -0.00851216
0.865631 0.829996 -1.3447 0.0719832 0.0124314 0.0154566 0.890285 0.888705 -1.29431 0.0734971 -0.00127819 0.0372964
0.886417 0.798276 -1.24409 0.0318523 -0.0538928 0.0753337 0.874757 0.833763 -1.20917 0.021742 -0.0280572 0.0273061
0.866974 0.856944 -1.31841 -0.0178506 0.00563173 0.0134597 0.873269 0.896448 -1.2869 0.00703524 -0.0121702 0.00992612
0.783441 0.783464 -2.21292 -4.57251e-07 -2.21165e-06 -3.23462e-07 0.900864 0.900946 -2.22764 1.312e-06 1.587e-05 -1.6327e-05
0.848696 0.821066 -2.20803 0.023932 3.39419e-07 7.53365e-07 0.958391 0.944905 -2.2895 0.0116818 1.7031e-05 2.3036e-05
0.950472 0.607556 -2.2202 -0.0383958 -0.290192 -0.0145523 0.979404 0.746391 -2.10816 -0.0428241 -0.22114 0.0557622
0.892948 0.408877 -1.48753 -0.281466 -0.0631977 0.353153 0.775097 0.390099 -1.37173 -0.176784 -0.0422207 0.352112
0.404442 1.02568 -1.67823 -0.464796 0.00422424 0.024559 0.322191 0.954945 -1.76795 -0.393588 0.00626191 0.0425917
0.757002 0.757119 -2.42232 1.23218e-06 -3.28488e-07 -3.48336e-07 0.733692 0.733987 -2.34926 5.4256e-05 0.000221195 6.7675e-05
0.651193 0.836124 -1.86136 -0.198008 0.321779 -0.139614 0.564408 0.884273 -2.01937 -0.356886 0.275419 -0.114048
0.473135 0.49793 -0.928153 0.0650586 -0.189076 -0.295125 0.476408 0.521513 -1.0741 0.0126693 -0.149691 -0.199271
0.658979 0.787201 -2.21905 -0.111042 0.0540095 0.0935556 0.771576 0.914021 -2.0883 -0.123354 0.0489115 0.0847213
0.245848 0.908198 -1.11481 0.400394 -0.568112 -0.242399 0.190353 0.847141 -1.46485 0.398411 -0.483985 -0.0800615
0.889733 0.889707 -2.12171 -9.91218e-07 -1.23695e-06 -7.68618e-08 0.968138 0.968137 -2.07092 1.0423e-05 5.628e-06 -9.69e-06
0.742996 0.579134 -2.22888 -0.108856 -7.55582e-06 5.51978e-07 0.751919 0.638343 -2.02624 -0.15306 -2.2465e-05 3.295e-06
0.405369 1.03143 -1.69327 -0.111693 -0.230823 -0.596282 0.409668 0.776472 -1.86895 -0.0203319 -0.0920031 -0.554034
0.600637 0.716184 -2.28635 -0.100057 -0.0586599 -0.101594 0.623743 0.730907 -2.10755 -0.0928078 -0.0897267 -0.155421
0.705471 0.705533 -2.19681 -1.32372e-06 2.41311e-05 8.95693e-07 0.793159 0.793332 -2.07399 4.424e-06 1.5199e-05 -1.098e-06
-0.987665 0.759708 0.414496 -1.42432 0.190594 0.336474 -0.713108 0.780866 0.681524 -1.28983 0.230702 0.38326
0.353618 0.592409 -1.1826 0.0252864 5.70169e-06 3.32811e-06 0.36356 0.470938 -1.23754 0.146774 1.5604e-05 6.36e-07
0.671704 0.697855 -2.18626 0.0226511 -0.0272621 0.047218 0.747212 0.791755 -2.03761 0.0380538 -0.0297934 0.05156
0.703892 0.392786 -2.07981 -0.0609825 0.0496126 -0.112156 0.727521 0.446657 -2.16486 -0.0384049 0.00322078 -0.0386239
0.297429 0.654752 -2.10702 -0.104718 0.0264782 -0.0106168 0.39268 0.673658 -2.10079 -0.109453 0.0901098 0.00106482
0.694668 0.487578 -2.14457 0.220978 0.0344409 0.0169231 0.660591 0.555969 -2.1449 0.181087 0.0303272 0.0299135
0.792681 0.792652 -2.04849 -6.86662e-07 4.98482e-07 -2.31046e-07 0.951039 0.951009 -1.96104 -1.578e-06 -4.5e-08 -1.259e-06
0.495458 0.471539 -1.95553 -0.046652 0.0690278 -0.052289 0.53075 0.465285 -2.07526 -0.0598925 0.156518 -0.0293024
0.120135 0.93051 -2.4253 0.239282 -0.0812674 -0.041071 0.242736 0.92511 -2.42289 0.209903 -0.0653606 0.00821294
0.238482 0.587249 -1.90474 -0.212665 0.00694022 0.0140217 0.278603 0.488067 -2.00524 -0.249877 0.00189401 0.00976968
1.30074 -0.193134 -1.90849 0.0891913 -0.0944379 0.0255741 1.20807 -0.259415 -1.91318 0.114766 -0.0644617 0.0608855
0.383375 0.733776 -2.16452 -0.113376 0.01766 0.0814122 0.383334 0.779386 -2.20554 -0.0630363 0.00651937 0.0694501
0.849283 0.329811 -1.55971 -0.113548 0.000216814 0.0158164 0.874424 0.297985 -1.63742 -0.0956354 -0.00896024 0.021263
0.442017 0.649855 -1.99083 0.0160252 0.179844 -0.00204786 0.401968 0.720276 -1.83135 0.0162809 0.166662 0.000966049
0.196914 0.520777 -1.69236 -0.158192 0.0166846 -0.00293748 0.122524 0.544744 -1.99487 -0.239692 0.00748167 -0.0206314
0.814772 -0.14598 -1.42204 -0.273865 -0.205913 0.0633302 0.651604 -0.279858 -1.23665 -0.266737 -0.193081 0.0563616
0.656187 0.144501 -1.47504 -0.186917 -0.171561 0.21552 0.553317 0.147106 -1.32801 -0.160067 -0.136259 0.154452
0.847875 0.890828 -2.07447 -0.0371957 0.01985 0.0343776 0.96244 0.963157 -2.13583 -0.000650964 0.000673392 0.00120094
0.0528017 0.55795 -1.66542 -0.336301 0.158482 -0.0253367 0.0479565 0.526758 -1.72825 -0.265617 0.126016 -0.0456115
0.480079 0.484007 -2.11532 0.0331428 0.0495066 0.0150471 0.382005 0.354315 -1.99606 0.0579844 0.0320938 0.0222351
0.320638 0.357192 -1.11212 -0.270444 -0.313521 -0.402662 0.178919 0.346138 -1.37615 -0.415052 -0.319397 -0.296358
-0.193379 0.746782 -1.57375 -0.0857196 0.488063 0.137773 -0.238224 0.806466 -1.4955 -0.0837806 0.234226 0.0606005
0.053743 0.66298 -1.61036 -0.322186 0.0774273 0.179375 0.36959 0.630104 -1.66028 -0.309803 0.132026 0.121473
0.0497699 0.407638 -1.20338 -0.000447376 -0.420891 -0.118389 -0.0531163 0.27663 -1.37902 0.117881 -0.339522 -0.0789305
0.536658 0.0403981 -1.54226 -0.747639 -0.00344254 -0.0597746 0.714026 0.173978 -1.61103 -0.843097 0.0643762 -0.0297775
-0.169279 0.255464 -0.30852 -0.194972 -0.224547 -0.0362 -0.0998337 -0.185771 -0.568054 -0.120399 -0.114277 0.0220097
0.15931 0.387954 -1.11663 0.508103 0.397678 0.361287 0.0785758 0.393864 -1.42175 0.585273 0.282597 0.449775
0.434674 0.515192 -2.16496 0.124375 0.108951 -0.0330884 0.426805 0.532144 -1.96924 0.106817 0.0659674 -0.0286397
1.01056 0.677048 -2.17805 0.0205704 0.0371369 0.0498911 1.11385 0.833098 -2.14766 -0.0209261 0.00369385 0.0562711
-0.963084 0.216879 0.277279 -1.2284 -0.0930114 0.347023 -0.922333 0.315113 0.403073 -1.09547 -0.018553 0.302447
-0.434279 0.718861 -1.48031 0.038484 0.0240858 -0.106163 -0.554929 0.921237 -1.56684 0.0655052 0.0395301 -0.0471313
0.42981 0.37684 -2.18444 0.0863869 -0.1242 0.132873 0.393812 0.45588 -2.07892 0.141463 -0.0515593 0.106667
0.251879 -0.136022 -1.63852 -0.121098 0.0574567 -0.0427366 0.192341 -0.270499 -1.70392 -0.199005 -0.0688544 0.0157006
-0.20462 0.314767 -1.60171 0.433128 0.0382217 0.0233508 -0.241875 0.321248 -1.64588 0.444556 0.00476384 0.0192026
0.260999 -0.00198183 -1.62117 0.00575468 -0.0356224 -0.0908575 0.108638 0.0559868 -1.7434 -0.0252572 0.0134813 -0.104811
0.317096 0.0428193 -2.06833 0.0803438 -0.280789 0.0610991 0.177874 0.0487538 -2.09825 0.101842 -0.326704 0.131244
0.501833 0.0215693 -2.11228 -0.0960671 -0.00226178 0.0337517 0.393129 0.0634056 -2.20675 -0.0198013 0.0192658 -0.0297182
0.0936469 -0.0521542 -1.76782 -0.144168 0.0214916 0.238572 0.0550464 -0.12872 -1.71565 -0.0360693 0.0677242 0.271565
0.092241 0.00173103 -1.37496 -0.05192 0.204103 -0.0809083 0.0185586 -0.0203368 -1.4628 -0.105379 0.16198 -0.0995598
0.734718 0.959056 -2.20834 0.194191 1.44318e-06 -2.34564e-06 0.843249 1.00518 -2.0856 0.140297 5.252e-06 1.5251e-05
-0.0725501 0.429224 -1.79182 0.0318984 0.0286514 -0.0360834 -0.133947 0.357204 -1.87215 0.0838734 0.111922 -0.0635325
0.247967 -0.162857 -1.48377 0.332485 -0.132822 0.0472732 0.139899 -0.245237 -1.57083 0.373793 -0.161195 0.0371607
0.222306 0.25106 -2.06369 0.153473 -0.219572 -0.24691 0.122633 0.207826 -2.08621 0.253519 -0.186178 -0.278551
-0.272572 0.141806 -1.63231 -0.079784 0.100918 0.0358881 -0.250132 0.132603 -1.86143 -0.117797 0.0325657 -0.0465055
0.105911 -0.150982 -1.56959 -0.33583 -0.155985 -0.00831458 0.0447533 -0.310799 -1.62738 -0.19993 -0.0494444 -0.0132519
0.218136 0.0797208 -1.81462 -0.0838774 -0.280357 0.0229106 0.221829 0.0782578 -1.92418 -0.0725293 -0.214648 0.044796
0.437096 -0.0583524 -1.41404 -0.196034 -0.339605 -0.0626388 0.299585 -0.213121 -1.57398 -0.0867853 -0.190065 -0.126513
-0.143065 0.442075 -2.13123 0.158904 0.0208188 -0.120186 -0.197207 0.316661 -2.17624 0.157265 0.0247488 -0.0121585
0.248707 0.102509 -1.82179 0.438912 -0.271955 -0.177324 0.347233 0.0223209 -1.87657 0.41162 -0.291943 -0.209351
-0.36392 0.415064 -1.77397 0.312577 0.30264 0.342151 -0.477666 0.549811 -1.70455 0.368955 0.248099 0.34558
0.686295 1.07406 -1.98173 -0.0408979 -5.27291e-07 3.09723e-06 0.766026 1.03662 -1.94828 -0.111673 -3.798e-06 1.5839e-05
0.290438 0.016556 -1.6072 -0.447832 -0.0445372 -0.104064 0.345151 -0.0213041 -1.60251 -0.483034 0.0348762 -0.0349391
-1.36013 -0.16669 0.094149 1.0721 -0.965793 0.0893969 -1.31417 -0.184374 0.104724 1.00138 -0.923146 0.0674245
0.167357 0.238739 -1.47033 -0.216929 -0.153035 -0.00699821 0.11599 0.186978 -1.55563 -0.273486 -0.186048 0.0361992
-0.269554 0.0475952 -0.481572 -0.321865 -0.0934357 0.385885 -0.467892 -0.0250731 -0.703857 -0.318185 -0.165547 0.256205
-1.48041 -0.083891 0.196532 1.10089 0.115412 -0.100359 -1.30328 0.109715 0.141615 1.02691 0.0450036 -1.6626e-05
0.285624 -1.80369 0.0250547 0.259001 0.42589 -0.353397 0.250274 -1.74509 0.0956478 0.0985257 0.371621 -0.337447
-0.557285 -1.31869 0.168197 -1.22918 0.467029 0.319796 -0.666329 -1.21591 0.0133701 -1.13351 0.523364 0.217524
-0.1203 0.453559 -1.88514 -0.269752 0.00957868 0.242645 0.00861537 0.595591 -1.82812 -0.376626 0.0652817 0.147817
-1.20679 -0.190891 0.102233 0.596948 -0.132016 0.146935 -1.04922 -0.346488 -0.188809 0.586287 -0.142978 0.0511063
0.843173 0.892764 -2.26616 -0.104211 0.0999764 0.03422 1.02186 0.997854 -2.24737 -0.0631747 0.0421955 -0.0117558
0.717087 1.00956 -2.2634 -1.25036e-06 -2.26515e-06 0.0808748 0.832429 1.12045 -2.16028 -1.8882e-05 -1.9734e-05 0.0400125
0.873425 0.975049 -1.94404 0.0218656 2.21514e-07 1.5508e-06 0.913418 0.915164 -1.99942 0.0519645 -2.7764e-05 -4.26e-06
-0.151266 -0.222648 -0.00901589 -0.0611268 0.058748 -0.000616134 -0.0396 -0.099866 -0.154555 -0.05273 0.006129 0.001561
-0.49857 -0.498571 -0.344053 -3.86151e-05 -5.13997e-06 -1.58628e-06 -0.377221 -0.377221 -0.507607 0 0 0
-3.62862 -5.13233 -7.28371 -0.119094 0.190281 0.274639 -3.87463 -5.05596 -7.13742 0.15176 0.318061 0.123026
3.40485 3.78063 4.37035 -0.133642 -0.798231 0.0787064 3.35049 3.88487 4.394 -0.139055 -0.705299 0.0822755
35.6016 30.6718 30.1648 13.5571 7.16469 11.0303 36.1298 31.5007 31.8515 13.5728 7.74637 11.5607
-1.23624 -1.51611 -0.379821 0.153548 0.0056148 0.0993452 -1.15916 -1.53216 -0.19592 0.062456 0.0294102 0.0460018
-10.1083 -7.15699 -7.67112 0.0879622 0.0830345 0.0433106 -9.91257 -7.10189 -8.2227 0.143036 0.0430226 0.016922
12.5657 12.0611 12.311 -1.20648e-07 3.08274e-07 -0.0286664 11.5272 11.839 12.1038 0 0 -0.0273404
-14.1164 -14.115 -15.0571 0.0843355 0.0151149 0.123769 -13.9015 -13.9504 -15.1222 0.0750959 0.0853056 0.0735679
7.21666 6.7468 7.34437 -0.164508 0.0349076 0.0486903 6.84697 6.41131 8.07466 -0.231814 0.203169 0.0979862
0.421622 0.421622 0.421622 -1.08738e-08 4.32394e-09 -3.83392e-08 0.532154 0.532154 0.532154 0 -0 0
2.70938 3.24776 2.27938 -1.03804 1.22666 0.299666 2.10882 2.87428 2.06756 -1.05466 1.24009 0.444181
168.126 157.858 166.211 29.8904 -30.0889 -21.279 168.941 153.872 167.417 27.2507 -27.829 -22.9731
-1.91006 -1.28917 -0.944966 0.720094 -0.225342 -0.320104 -2.15799 -1.43875 -0.663509 0.875875 -0.267583 -0.403728
34.3809 28.1365 24.9511 -2.51513 -12.9471 4.94059 34.0166 29.6214 25.955 -3.24188 -12.4889 6.6261
4.44397 5.07479 4.80261 0.160538 -0.292301 0.0190628 4.30491 5.50694 4.60793 0.270252 -0.332507 0.0387384
-7.51549 -8.44076 -6.67389 0.597327 -0.190486 0.727633 -7.67284 -8.51613 -6.57598 0.602926 -0.214345 0.533459
-7.89535 -7.8954 -8.05425 -1.3233e-07 -1.56331e-05 2.30418e-08 -7.88442 -8.06436 -8.2297 0 0.0127188 0
-9.76 -9.58165 -11.306 -0.0633816 -0.0039054 -0.0104195 -9.79543 -9.74982 -11.396 -0.0637126 0.0202305 0.00339148
-2.10087 -2.32241 -0.714041 -7.89309e-06 0.0891651 9.58901e-06 -2.41217 -1.89288 -0.288155 0 -0.0187258 0
17.0608 17.0249 16.9045 0.46851 0.0677116 -0.0711885 16.6236 16.5581 16.9744 0.467853 -0.0536957 0.0192869
-6.97395 -5.3552 -4.66254 0.112125 -0.094674 0.655016 -6.97671 -5.42107 -4.48326 0.156929 -0.14576 0.723468
4.53583 4.53583 5.26932 2.80049e-07 9.13137e-07 1.10448e-06 4.20443 4.20443 6.01973 0 0 0
-4.87608 -4.1742 -4.01597 6.16993e-08 0.0641813 -9.51235e-08 -4.51193 -3.58086 -3.49301 0 0.0972031 0
-7.77411 -6.78583 -7.33047 0.395126 -8.29962e-05 0.098987 -8.1408 -7.05482 -7.35229 0.311851 0.0827931 0.0260184
0.928676 0.805917 -0.542049 -0.07934 0.0605554 -0.0668979 1.00306 0.914969 -0.6857 -0.106228 0.0497302 -0.0382266
-2.55467 -0.602319 -4.04672 0.642965 -1.19716 -1.19005 -2.54105 -0.640535 -4.25224 0.677726 -1.00573 -0.966881
23.7418 23.8057 22.5945 -4.49396e-08 1.48496e-07 5.47091e-08 23.1431 22.8975 23.3191 0 0 0
-5.9587 -4.24692 -4.35406 0.3717 -0.337373 -0.859204 -6.05402 -4.34004 -4.30654 0.359002 -0.363541 -0.893663
-4.4301 -4.17396 -4.48014 -0.01449 -0.0205358 -0.00106038 -4.48698 -3.99526 -4.43471 -0.0097806 -0.0590206 -0.043144
-0.530719 -0.530718 -0.530718 8.74429e-08 -7.99687e-08 3.9462e-08 -0.169022 -0.169022 -0.169022 -0 -0 0
-4.9178 -5.246 -6.68484 -0.0554462 0.292023 0.480462 -5.30547 -5.49159 -6.42884 -0.114407 0.414361 0.418073
2.34287 1.34582 4.33453 0.654145 0.2613 1.63911 2.32884 1.1366 4.27237 0.762174 0.21205 1.13605
14.8436 15.814 15.3846 -0.162809 0.0231942 0.0172813 14.3949 15.4772 15.3994 -0.16332 0.0675553 0.0555618
15.8039 15.8039 15.8039 -6.20925e-07 2.38471e-07 -7.37911e-07 15.5941 15.5941 15.5941 -0 0 -0
-3.39352 -2.95297 -3.39252 0.00519697 0.0105923 0.205191 -3.52322 -3.04963 -3.35647 0.0130192 -0.00589782 0.22367
9.43502 10.2319 9.43502 0.122946 -0.122946 -0.653196 10.4847 11.1389 10.4847 0.0364624 -0.0364624 -0.425469
885.287 869.955 1031.09 404.143 -121.993 -61.3274 885.641 869.862 1031.09 403.857 -122.272 -61.1836
-4.0729 -3.56931 -5.99422 -0.634537 1.47231 -0.41469 -4.42971 -3.80207 -6.01039 -0.673525 1.50652 -0.388046
386.457 395.118 334.728 12.8858 2.4004 -23.2096 386.588 395.02 335.587 14.5761 2.25349 -20.8758
-4.54301 -4.15914 -0.771695 -0.659496 -0.575567 -1.18503 -4.70597 -3.9629 -0.913481 -0.594932 -0.413146 -1.00103
-11.3808 -11.381 -13.2536 -2.23193e-07 4.75783e-07 1.47279e-07 -11.3636 -11.4725 -13.2212 0 0 0
-0.130022 -0.086429 -1.33503 0.357548 0.0424627 -0.105839 -0.153325 -0.201763 -1.42828 0.310987 -0.00130295 -0.00297443
19.1727 19.014 18.753 -0.0561385 0.058979 -0.0548934 18.6141 18.2921 18.9072 -0.102937 0.066995 -0.0441583
-14.2124 -13.67 -11.7254 0.507758 0.050324 -0.00647871 -13.9498 -13.39 -11.6574 0.413108 0.08441 0.00668623
-0.447419 -0.543934 -0.500436 -0.00101235 0.200227 0.0264964 -0.647556 -0.787979 -0.585529 0.00225721 0.193616 0.0441875
-4.77951 -5.61495 -5.83216 0.263582 -0.0069815 -0.138838 -5.15988 -5.90557 -5.69037 0.264354 -0.0543141 -0.228432
-5.16748 -5.18716 -5.71314 0.644162 -0.661366 -0.0305659 -5.36137 -5.25288 -5.58526 0.819577 -0.673734 0.0755145
11.884 11.8589 11.5799 0.151342 0.0980544 0.5342 11.4921 11.6459 12.0052 0.00977483 0.124648 0.512726
14.3556 15.7532 15.1112 -0.476996 0.276184 0.0100593 13.9153 15.6322 15.0975 -0.539726 0.217359 -0.162636
-1.95669 -1.72415 -0.814995 -0.050889 -0.12442 -0.0296754 -2.03122 -1.32093 -0.542025 -0.0282361 -0.0602602 -0.0324035
0.590306 0.789159 -0.65152 -0.0692624 -0.0140191 -0.017833 0.678177 0.910145 -0.756416 -0.0643547 -0.00210037 -0.0010689
-1.40687 -1.16526 -2.62279 0.183897 -0.115774 -0.00429542 -1.50676 -1.22926 -2.75104 0.186215 -0.0631077 0.0247356
-1.85708 -2.52195 -3.20848 0.107336 0.0138266 0.0231546 -2.011 -2.55854 -3.23258 0.214712 -0.0168348 -0.179747
10.7853 10.6353 11.4055 0.104327 -1.30954 0.311875 10.9357 10.3484 11.5381 0.120439 -1.0179 0.097367
37.6864 38.7579 37.0322 -2.39173 2.68252 -0.872272 39.2507 36.9729 38.4563 -2.67446 2.86128 -0.45686
29.7317 34.4658 36.905 3.46722 1.74041 1.18535 29.9778 34.9273 38.2647 4.26402 3.18087 2.33177
-7.10003 -7.07102 -5.0458 -0.158045 -0.0474556 -0.730481 -7.57818 -7.08579 -5.18513 -0.131968 0.00632303 -0.661781
103.522 98.5298 98.0358 4.15902 -0.299531 -5.48886 103.292 98.9804 98.164 4.73755 -0.0135159 -6.40976
13.3799 12.7467 12.8053 0.216357 0.0232768 0.00209529 12.9956 12.6363 12.8143 0.444215 -0.00885953 -0.319991
-11.8501 -11.0502 -11.326 -0.0025198 -0.0932595 0.0264378 -11.7138 -11.0015 -11.0401 0.0823183 -0.00910742 0.12274
-1.74561 -1.24705 -0.691588 -0.0177042 0.133071 -0.103061 -1.81759 -1.08869 -0.327112 -0.0318773 0.0570216 -0.140675
-4.75171 -3.63765 -4.01493 -0.089421 -0.287924 0.529133 -4.76931 -3.66387 -4.36369 0.096438 -0.222885 0.612913
-0.684326 -0.684326 -0.684326 3.40992e-06 3.26772e-06 2.81205e-06 -0.620134 -0.620134 -0.620134 0 0 -0
-11.7497 -10.8958 -11.2786 -0.263954 0.330305 0.148256 -11.3983 -10.6842 -11.1576 -0.321718 0.329666 0.0781795
-9.50241 -9.49056 -11.4962 0.0160937 0.00350801 0.0111933 -9.60552 -9.78125 -11.6408 0.0192498 0.00527884 0.00841331
-2.15675 -6.07179 -4.41367 -0.436089 0.850515 -0.268356 -1.75182 -5.68343 -4.29203 -0.626362 0.748616 -0.0622679
4.31976 0.765266 5.4021 1.75052 -0.450208 0.566317 4.152 0.766817 5.1592 1.45578 -0.15955 0.381342
0.834455 0.576075 -0.715761 -0.00477913 -0.0598684 0.0271243 0.896387 0.687948 -0.867688 -0.0131009 -0.0405961 0.0339974
20.0287 19.8104 19.2902 -0.0553829 0.00588504 0.00675755 19.5831 19.0899 19.4433 -0.0540016 -0.000317586 -0.010543
-11.3215 -9.18305 -8.77452 0.00430612 -0.0365751 -0.0644441 -10.9125 -9.09876 -9.58487 -0.0101466 -0.0439849 -0.0497722
-3.26468 -2.72586 -3.10325 -0.456839 0.122509 0.0184898 -3.35664 -2.76722 -3.13695 -0.318423 0.0339935 0.0767805
-7.2023 -5.94841 -4.63557 0.279249 -0.664365 -0.262534 -7.11235 -5.97286 -4.48857 0.359231 -0.56972 -0.150438
-11.9337 -11.8354 -11.9322 0.0281894 -0.0935703 0.0896029 -11.8827 -11.5328 -11.7748 0.0500399 -0.14046 0.174083
15.9075 15.9075 15.9075 -4.01323e-07 -3.37798e-08 -2.62744e-08 16.0244 16.0244 16.0244 0 -0 0
-11.3374 -10.9543 -11.8293 -0.263904 -0.0559452 -0.0963805 -11.2533 -10.8081 -11.9277 -0.296756 -0.0618996 -0.079591
20.1838 20.3296 19.6308 -0.0507523 0.00840743 0.0135385 19.7366 19.5623 19.7848 -0.0548824 0.00926974 0.0210359
-11.5295 -11.7987 -13.068 0.170028 -0.0327161 0.0483662 -11.2839 -11.5041 -13.2349 0.0941978 -0.077786 -0.0328561
29.9926 28.0718 33.0443 -0.464681 -1.30142 -0.149257 28.8006 27.7078 33.7022 -1.21807 -0.329371 -0.643687
55.4056 54.4402 49.8885 -0.0199226 -0.00414595 2.87163 56.0477 53.5008 52.9961 0.0182923 0.101202 2.32697
1.69899 1.26251 0.165092 -0.0525658 0.32344 0.166167 1.44554 1.34682 -0.173484 -0.264531 0.353668 0.301004
-7.29012 -6.33084 -6.32414 -0.0587274 -0.591193 -0.0177185 -7.39803 -6.31098 -6.16433 -0.0337693 -0.596792 0.0114555
6.17479 7.54818 7.75925 -0.163869 -0.144598 0.206253 6.22543 7.59645 7.86755 -0.0574791 -0.0706875 0.262022
-7.58632 -6.6344 -8.16917 -0.0637449 -1.21191 -0.109401 -7.79782 -6.85726 -8.39576 -0.0811252 -1.10652 -0.061519
1.3065 1.13942 -0.426881 -0.0405985 0.00556347 0.0061468 1.32259 1.14072 -0.564291 -0.0454099 0.00108661 0.00713517
-0.611144 -0.611185 -1.69194 2.34319e-07 -1.95681e-05 -6.16522e-08 -0.795485 -0.802975 -1.7803 0 0.017996 0
19.9766 10.1485 10.6996 0.126723 -0.00652287 -0.00567384 18.9617 10.6643 9.9761 0.135798 0.0470701 0.0243435
-12.6229 -12.401 -11.1561 0.379165 0.0763253 -0.056685 -12.3816 -12.358 -11.1876 0.238203 0.119088 -0.00069551
-0.961229 -0.268593 0.164873 0.0948604 0.12077 -0.213829 -0.767809 -0.42826 0.424421 0.0833042 0.24219 -0.148697
1.53407 5.10122 0.660042 2.20343 -0.0859956 0.584298 1.99515 4.9929 0.406575 2.11578 -0.00691601 0.354671
27.3945 23.9624 23.0303 0.0363153 0.109247 -0.226326 28.0872 23.1538 24.4735 0.0851406 0.117442 -0.223796
107.023 101.727 111.989 -9.28624 -11.5839 2.70833 109.881 101.187 111.145 -8.64349 -10.9453 2.28601
-4.24083 -4.24083 -2.88287 3.21006e-09 -9.58257e-08 -6.41849e-08 -3.57353 -3.57353 -2.26249 0 0 -0
-0.925363 -1.69353 -0.438336 -2.28808e-07 0.0641692 1.37489e-07 -0.79155 -1.58734 -0.2379 -0 -0.0153586 -0
-7.15769 -6.74624 -4.71344 0.0740169 0.00650973 0.107219 -7.19342 -6.91685 -4.71309 0.14951 0.0404269 0.0979771
-7.55061 -6.52103 -6.42783 0.532516 -0.138673 -0.22918 -7.51056 -6.52733 -6.28611 0.516036 -0.227972 -0.274686
-3.23995 -3.53118 -1.68811 -0.184688 -0.522714 0.777407 -3.30816 -3.43492 -1.46974 -0.13826 -0.293109 0.644172
-1.27267 -1.27267 -0.48579 -4.37276e-07 -1.16713e-05 -1.11687e-05 -1.12403 -1.12403 -0.553605 0 0 -0
87.499 87.0172 87.3828 -15.3246 13.6722 -13.0096 88.2726 87.459 87.5984 -14.7618 12.1074 -16.5808
19.0019 18.6996 18.519 0.0137703 -0.0577887 0.034698 18.4681 17.977 18.6281 0.0418273 0.0224462 0.0144761
44.1326 38.9047 42.7032 19.4705 -6.96383 4.43803 44.0059 39.1728 43.625 16.0626 -6.67724 3.23522
0.848387 5.10609 -1.78335 -1.85397 1.24998 1.10045 1.13286 5.03054 -2.00093 -1.54147 1.04456 0.580873
5.98758 5.7406 6.39376 -0.644824 0.2681 -1.15192 5.8507 5.76254 6.26035 -0.741918 0.175784 -1.06826
0.318294 2.45098 0.133584 -0.766521 0.438494 0.402438 0.331821 2.4802 0.288357 -0.813768 0.377227 0.247572
-6.4629 -7.4502 -6.63839 0.671733 -0.264769 0.284877 -6.23926 -7.71235 -6.59802 0.74029 -0.324407 0.227209
19.491 19.3466 19.1802 -0.12613 0.0331444 -0.0388792 18.9322 18.6379 19.3071 -0.0894164 0.0482582 -0.0693822
-11.5633 -11.9633 -13.1874 0.113145 -0.0303923 -0.0200937 -11.332 -11.8881 -13.4387 0.207184 -0.0320724 -0.0511902
1.12953 1.15442 -0.523395 -0.0051826 0.0119153 -0.00619757 1.14358 1.1652 -0.662839 -0.00898207 0.011329 -0.0028514
2.60438 0.513807 -1.47448 1.25414 -0.366626 1.04043 2.58711 0.397192 -1.62505 1.19167 -0.287237 0.998912
-2.42895 -2.42895 -2.42895 -6.00718e-07 -6.42808e-07 -5.67265e-07 -2.29476 -2.29476 -2.29476 0 0 -0
-1.02919 -1.31854 -0.53943 0.261121 -0.399523 0.400594 -1.42516 -1.217 -0.419739 0.304864 -0.490719 0.593805
-9.38413 -9.34477 -11.3693 0.0277848 0.0026225 0.000519923 -9.50007 -9.63075 -11.521 0.0226601 -0.00499319 -0.00784841
460.628 507.567 656.884 -182.45 -279.045 291.916 461.606 508.595 654.806 -183.431 -279.442 291.597
-11.4219 -11.4077 -11.4005 -0.218046 0.180656 -0.587248 -11.3052 -11.3055 -11.2743 -0.392113 0.107436 -0.569504
-4.65336 -4.52129 -2.63096 -1.5716 -0.340535 0.135864 -4.91604 -4.57329 -2.68529 -1.64382 -0.284454 0.134448
-3.9382 -4.60554 -3.63259 0.555245 1.36512 0.804953 -4.37315 -4.3516 -4.27613 0.572607 1.29431 0.826947
-9.28864 -9.45043 -11.3636 -0.036139 0.0037808 0.00492534 -9.42542 -9.71868 -11.5064 -0.0327401 -0.00745178 0.0107078
-0.30767 -0.249867 -0.620065 0.0121816 0.00827492 -0.0507168 0.169056 -0.0568439 -0.496633 0.011084 0.00446103 0.0618196
-0.734663 -0.547405 -0.385241 -0.0244652 0.00919911 0.118975 -0.714219 -0.674349 -0.180299 0.0251163 0.00767264 0.124876
45.0872 47.84 42.2317 0.0225238 -0.0360697 1.9772 44.7799 48.3665 42.2141 -0.0148012 0.0168197 2.6049
4.4986 2.63197 3.38802 0.0324792 -0.0297547 0.398983 4.45766 2.47195 3.50845 0.0631319 0.0258668 0.165857
-10.7924 -10.6097 -12.1618 0.100632 -0.0743901 -0.0451402 -10.7088 -10.5787 -12.223 0.114308 -0.0172845 -0.0368255
-11.284 -11.5928 -11.5633 0.272197 -0.02622 0.137319 -11.0878 -11.3082 -11.4277 0.167656 0.0425023 0.0940023
0.23762 0.156273 -1.42614 -1.44501e-07 4.82989e-07 1.07691e-07 0.565439 0.0656576 -1.68099 0 0 0
-11.1787 -12.0859 -11.8001 0.0947251 0.00398752 0.155609 -11.1533 -11.9335 -11.6019 0.118203 -0.00897537 0.075528
-0.803783 -1.6722 -0.223032 -0.00164371 0.111678 0.00015671 -0.877299 -1.58452 -0.285872 -0.0015074 0.0173752 0.000669745
-6.1197 -5.9907 -7.75605 -0.145391 -0.0280455 0.0397406 -6.30393 -6.13155 -7.90446 -0.097912 0.000984568 0.0319912
8.01267 7.76857 8.24074 0.650948 0.0559113 -0.280135 8.34979 7.62967 8.48183 0.546814 -0.144128 -0.337236
-3.04678 -3.41248 -2.0057 -0.248469 0.0277925 1.05559 -3.49798 -3.35094 -1.78765 -0.234674 0.0827935 0.86085
10.0137 11.7082 10.261 -0.108625 0.1256 0.0805622 9.82558 11.9017 10.5774 -0.277085 0.0676453 -0.0165512
-9.87095 -9.47033 -10.7914 0.0439428 -0.0463206 -0.072618 -9.89869 -9.51385 -10.97 0.0329972 -0.0713571 -0.134934
-1.41154 -1.39673 -0.595141 -0.0174922 -0.125673 0.117079 -1.33439 -1.31087 -0.559798 -0.0668879 -0.06233 0.0318667
-12.9947 -14 -13.7014 -0.0571057 -0.0120931 0.0538683 -12.7603 -14.2742 -13.9943 -0.00436831 0.0252675 0.101656
-10.7788 -9.9417 -11.3992 -0.353735 0.0941364 0.187986 -10.7204 -9.86567 -11.496 -0.411751 0.0745091 0.155343
-6.57604 -4.85256 -5.25615 -0.420872 -0.694732 0.333758 -6.58536 -5.01287 -5.63979 -0.297333 -0.640343 0.409675
-3.8901 -4.38657 -5.76752 -0.0652133 -0.0646615 -0.0793889 -3.63696 -4.34124 -5.91701 -0.164986 -0.0835905 -0.0837655
4.4513 2.66203 1.13771 0.189607 0.0037513 -0.0102112 4.28993 2.90757 0.969146 0.16582 -0.0247203 0.0149182
8.29745 6.06533 7.14828 -0.372007 -1.07399 0.919155 8.11088 5.82427 7.35944 -0.165104 -1.0375 0.805912
-1.36961 2.48932 -3.09058 -1.41174 1.19779 -0.121131 -1.50687 2.45963 -3.06838 -1.31216 1.15963 0.00305194
12.2105 12.7571 12.6538 -0.00943672 0.15681 -0.0724039 12.2109 12.3589 12.6666 -0.212477 0.268056 -0.198045
-5.37904 -8.28555 -7.59872 0.0643092 -1.02192 0.858561 -5.33073 -8.34728 -7.42982 0.172398 -1.03813 0.876764
-6.98844 -6.90733 -6.55442 0.464522 -0.488206 0.338448 -6.86588 -7.23727 -6.56112 0.530828 -0.530908 0.311495
-3.56947 -7.37562 -8.28734 -0.964806 0.0825886 -0.647432 -3.90243 -7.28994 -8.26533 -0.851688 0.0440061 -0.781879
-9.88388 -10.3756 -9.88388 0.184819 -0.184819 -0.314447 -9.73084 -10.7369 -9.73084 0.200982 -0.200982 -0.350719
1.02059 1.03349 -0.65724 0.0177299 0.00478186 0.00696487 1.03598 1.03519 -0.801084 0.0185592 0.0141136 0.0077871
-7.9611 -7.9611 -7.9611 9.18594e-08 8.70117e-08 1.29955e-08 -8.32192 -8.32192 -8.32192 0 -0 0
2.78646 3.19756 3.1812 0.151504 -0.464214 0.373524 2.62692 2.87008 3.38351 0.300972 -0.472972 0.338227
-1.82872 -1.59911 -1.59911 -2.04684e-10 0.00357687 1.30998e-07 -1.78362 -1.23813 -1.23813 0 -0.0847945 0
-6.41374 -6.41374 -5.69933 1.49802e-08 -1.70303e-08 1.47474e-09 -6.72815 -6.72815 -5.50466 0 0 -0
4.18654 4.03013 5.75399 0.434452 0.370169 0.00297579 4.20159 4.26284 5.40184 0.386095 0.453095 0.206513
-10.9666 -9.48745 -10.5098 -0.487468 0.056084 0.269785 -10.6482 -9.32207 -10.44 -0.498732 0.052892 0.23188
-11.5866 -11.4421 -11.5827 0.120104 -0.0676025 -0.0705763 -12.151 -11.966 -12.3098 0.0718347 -0.103116 -0.0408789
-11.5162 -10.9 -10.6333 -0.678677 0.120872 2.0787 -11.7036 -11.3595 -11.0516 -0.455728 -0.161111 1.55484
-1.56218 -1.56218 -0.966874 -6.74335e-09 8.58855e-09 5.22334e-10 -1.7534 -1.7534 -0.53616 0 0 0
-10.9543 -10.6995 -11.2251 -0.476917 0.4766 -0.00344103 -10.8716 -10.3788 -10.922 -0.499397 0.534248 0.00810604
-3.28399 -3.424 -3.45045 -0.640581 0.12504 0.387104 -3.46736 -3.58028 -3.47171 -0.455817 0.131739 0.268667
13.1323 13.1323 10.9846 -9.74407e-09 1.40503e-06 2.2631e-08 12.5688 12.6406 11.3321 0 0.0193423 0
-1.03338 -2.04233 -0.652616 -0.00160063 0.0117144 0.042627 -0.980579 -1.96655 -0.157465 -0.00725782 0.0391064 -0.0347688
-4.60188 -3.79411 -6.41851 0.203601 -1.02242 0.146991 -4.6601 -3.45103 -6.303 0.288535 -1.05405 0.141985
18.7087 18.9316 18.5901 -0.0908054 -0.0177539 -0.0182229 18.1363 18.2435 18.779 -0.0922463 -0.0304324 0.0353992
-11.4546 -11.4546 -11.4546 0.0639355 -0.0639356 -0.0639354 -12.0628 -12.0628 -12.0628 0.0670807 -0.0670807 -0.0670807
17.1886 17.1886 17.1886 -2.74046e-07 7.20699e-08 4.53438e-07 16.3589 16.3589 16.3589 0 -0 0
-1.82671 -1.34184 -0.721437 -0.253723 -0.369102 -0.259096 -1.99929 -1.56302 -0.428412 -0.180922 -0.405854 -0.231197
-0.640108 -1.22081 0.131571 -0.0787451 0.146015 0.00835528 -0.687059 -1.11419 0.0951973 -0.0931575 0.0775893 -0.0264597
23.2648 23.0587 22.431 1.22974 0.386112 -0.229596 22.5955 22.9849 22.812 1.64689 0.522077 -0.375166
24.7331 24.9176 21.9902 -1.02223 0.602203 0.0603156 24.0293 25.2822 21.1778 -0.975493 0.122722 0.525438
4.90992 0.79733 2.17584 0.217887 -1.22362 -0.276608 5.1352 1.28328 1.87701 0.0531788 -0.883829 -0.560494
-13.5991 -13.9942 -15.5125 -0.818607 -0.0244591 -0.0505669 -13.8464 -13.7579 -15.202 -0.685548 -0.0517513 -0.0451656
40.6884 40.8716 41.9506 0.0382896 0.000697198 -0.000991651 39.367 39.4553 43.3848 0.0191969 -0.0321402 -0.0298495
-5.31257 -5.37521 -5.1064 -0.387806 0.243134 -0.876722 -5.34601 -5.39176 -5.18347 -0.559021 0.139371 -0.799851
-9.53964 -9.78303 -11.3614 -0.00478138 -0.056322 0.0317652 -9.60525 -9.93155 -11.5016 -0.0255963 -0.0280609 0.0398914
-1.63588 -0.547884 -2.01599 -0.416487 0.174637 0.141655 -1.79016 -0.524861 -1.99129 -0.506784 0.133347 0.0724312
-2.2793 -3.47066 -3.25262 0.215298 -0.0408828 0.269596 -2.37076 -3.49213 -3.41361 0.177133 -0.0548834 0.154345
15.0951 15.0681 15.0038 0.0718038 0.15603 0.063606 14.6252 14.6804 15.0078 0.0514792 0.128652 0.196289
-6.84314 -7.32596 -7.65238 0.157692 0.135786 0.155142 -6.86892 -7.05209 -7.71298 0.024205 0.16467 0.188673
-11.3118 -11.2882 -10.3138 0.12164 0.229283 0.0426591 -11.0716 -11.324 -10.174 -0.043 0.260526 0.114864
-1.07378 -1.3746 0.406865 7.8803e-07 -1.15418e-07 -3.78645e-07 -0.599302 -0.446444 -0.854253 0 0 0
-0.75236 -1.44181 0.104734 0.0806588 0.0273546 0.0379445 -0.648218 -1.23426 0.318381 0.106562 -0.0688988 0.0907885
-5.35912 -3.70241 -4.39102 0.427381 -0.0616124 -0.0720012 -5.40859 -3.71888 -4.21229 0.507355 -0.0103083 -0.0165983
-10.7536 -10.7277 -12.0251 -0.00708405 0.10722 0.152618 -10.792 -10.6958 -12.0954 -0.025858 0.0874982 0.17021
3.9772 4.06604 3.40653 1.13262 -1.05589 -0.0923134 3.69677 3.85955 3.53468 1.30105 -1.08452 0.0531162
-8.29855 -8.29855 -6.37324 -1.72205e-07 1.0325e-07 4.6157e-08 -8.29414 -8.29414 -6.3849 0 0 0
5.14053 3.60317 5.10041 -1.13607 -0.689563 -1.52377 5.02653 3.05404 3.84098 -0.77324 -0.550259 -1.34657
-10.978 -10.47 -11.8342 -0.0947541 -0.0367551 0.0312156 -10.9103 -10.4115 -11.9514 -0.0715052 -0.0143457 -0.0387096
86.2367 79.3555 82.8371 -10.4245 -7.26678 3.90538 85.0093 79.6346 83.172 -10.1278 -6.50699 2.59117
-0.75265 -0.591653 -0.496016 -1.26922e-06 0.0295346 -3.85407e-06 -0.666686 -0.746988 -0.419408 0 0.0317693 -0
-0.585852 -0.835439 -0.311806 2.91581e-06 -0.013252 -2.91842e-06 -0.62975 -0.835581 -0.259245 -0 0.00681367 -0
17.8673 17.8673 17.8673 -9.82579e-08 -1.12746e-07 -5.71444e-08 17.9952 17.9952 17.9952 -0 -0 -0
-9.39969 -9.48098 -11.1481 -0.0776017 0.0214927 -0.0306047 -9.43862 -9.62603 -11.2979 -0.0602081 -0.00494325 -0.0393975
1.50285 1.50285 1.50285 -6.42892e-09 -7.5477e-10 -4.63353e-09 1.63139 1.63139 1.63139 -0 -0 0
-1.91586 -1.6786 -0.673714 8.8614e-07 -0.127727 1.33778e-06 -2.0358 -1.27029 -0.310476 -0 -0.119106 0
93.1664 92.9627 105.291 -0.157448 0.00495066 -0.0131205 92.5363 92.2575 107.486 -0.127353 0.0134014 -0.00457712
-0.235769 -0.211995 -0.665928 -0.0134189 0.0550888 -0.11587 -0.351089 -0.330543 -0.444311 -0.0103774 0.0508073 -0.117773
15.0971 6.85402 6.99763 0.0448656 -0.00735003 -0.00934774 14.4423 7.14974 6.53973 0.0979905 0.0970879 -0.0438358
-11.3607 -11.3607 -11.3607 -2.76423e-07 -2.30682e-07 -2.57475e-07 -12.072 -12.072 -12.072 -0 -0 -0
-11.4398 -11.434 -11.4767 -0.201204 -0.311882 0.251513 -11.2472 -11.2911 -11.3168 -0.131024 -0.3369 0.168432
-3.2797 -1.09591 -2.82746 0.000600634 -0.0242139 0.0355143 -3.3358 -1.15811 -2.96508 -0.0154792 -0.0175234 -0.0191261
-11.8943 -11.0888 -10.933 0.299773 -0.0317827 -0.0892002 -11.5504 -10.8232 -10.6021 0.332055 -0.131016 -0.153884
424.188 583.172 435.302 196.728 124.76 75.5445 424.875 582.818 434.408 195.713 124.335 75.9942
-1.53183 -0.818413 -2.15762 -0.11678 0.00842037 0.0336564 -1.61139 -0.838934 -2.25968 -0.0874532 0.0139205 -0.0117853
0.785819 2.19482 2.24801 0.796321 -0.289344 -0.315329 0.658208 1.8806 2.05995 0.72425 -0.332103 -0.43111
23.4612 23.33 23.071 -0.00829486 -0.00177128 -8.85012e-05 22.6429 22.3259 23.3856 0.00186711 -0.0148728 0.00755077
26.6002 26.6002 25.9924 -2.50375e-07 1.75548e-07 5.03302e-08 25.2788 25.233 26.659 0 0 0
1.35078 1.35067 -0.360509 -8.16004e-08 7.97682e-07 1.96216e-07 1.58578 1.38513 -0.64207 0 0 0
5.61725 4.90062 3.33739 -0.839959 1.55316 -0.329417 5.65364 5.17985 3.09326 -0.932783 1.09557 -0.318437
63.0416 62.9164 68.4345 -0.433311 0.0310841 -0.135786 61.8789 62.0319 70.736 -0.54419 -0.014925 0.00606498
14.7058 15.1954 14.6415 0.253589 -0.14952 0.0674985 14.3244 14.7241 14.5494 0.306536 -0.119965 0.120109
10.7517 10.9189 9.68604 0.355203 -0.65459 1.02816 10.4938 11.1354 10.378 0.484512 -0.485584 1.34751
-9.33237 -9.75385 -11.2257 0.0216247 -0.0764752 0.0110725 -9.46827 -9.8407 -11.3371 0.0459348 -0.0420365 0.0121992
-4.78126 -4.72286 -3.86703 -0.361124 0.54089 -0.0438446 -5.18325 -4.80884 -3.77826 -0.43025 0.518758 -0.0489381
124.48 123.309 119.066 5.32549 2.97453 4.43542 125.854 122.904 118.79 5.38046 3.13508 5.36001
-10.8902 -11.6292 -11.7921 0.197034 -0.0168478 0.210464 -10.8476 -11.5041 -11.956 0.171955 -0.088563 0.133736
-6.97509 -6.48347 -6.34063 0.113485 -0.364758 0.143878 -6.94389 -6.52406 -6.25416 0.164563 -0.413828 0.187619
1.0235 1.40662 1.77468 0.756334 -0.722454 0.512304 1.12821 0.645933 1.71303 0.827382 -0.773373 0.463752
-6.07786 -3.10622 -4.51618 -0.126281 0.0295958 -0.0060726 -6.09637 -3.22341 -4.71809 -0.0983668 0.0059972 0.0349145
-11.3802 -11.3802 -11.3802 -2.05762e-07 -4.92694e-08 3.6374e-08 -12.0234 -12.0234 -12.0234 -0 0 0
-5.65284 -6.9826 -6.49158 0.0789239 -0.0269845 0.300534 -5.7654 -7.07632 -6.43869 0.11248 0.00574843 0.119639
19.7595 19.7985 19.1536 -0.00517938 0.0139142 -0.00244635 19.3395 19.0722 19.2959 0.0043782 0.00280285 -0.00250342
-11.3794 -11.5107 -11.5719 -0.4339 0.113958 0.280736 -11.4079 -11.5314 -11.6209 -0.34313 0.0659491 0.19197
-6.2396 -5.81228 -6.53812 -0.705008 0.813925 0.152153 -6.48898 -5.82398 -6.49876 -0.748668 0.853727 0.184957
-2.93122 -2.36367 -3.19614 -0.362513 -0.136145 -0.109476 -2.95208 -2.38833 -3.26968 -0.437922 -0.10796 0.0141254
6.56661 6.56662 6.82728 -8.24047e-08 1.02244e-09 8.97872e-09 6.31718 6.31718 7.31636 0 0 0
2.68439 0.487668 1.35774 0.301547 0.274008 0.571106 2.16136 -0.0427482 1.57716 0.14823 0.15716 0.536459
10.9176 8.99923 7.03464 -2.71748 -0.969044 0.13584 10.817 9.08844 6.61338 -2.6248 -0.598903 0.311459
29.9108 31.6554 31.8315 -0.393013 -1.26106 0.913565 29.5723 30.5372 32.7945 -0.60714 -0.951231 0.63376
1.45164 2.20087 2.98036 0.528357 -0.178859 0.353895 1.37858 2.1477 3.36864 0.340077 -0.165805 0.315274
-11.4498 -11.1309 -11.6759 0.181883 -0.0691035 -0.251135 -11.49 -11.0523 -11.7466 0.138988 -0.0145509 -0.255623
45.0146 36.9438 33.9578 0.241167 0.0557933 -0.406243 44.1637 36.4758 36.8736 -0.129924 0.0705372 -0.147602
7.76059 4.25138 9.06486 1.53139 -0.237415 0.252793 7.51637 3.76558 9.04356 1.59492 -0.617115 0.171592
-2.81992 -2.3677 -2.79644 0.21787 -0.0221185 -0.324104 -2.93855 -2.44321 -2.82045 0.251009 0.0265702 -0.319723
10.0086 10.0434 9.37815 0.0822534 -0.0144759 0.0320095 9.98663 9.97362 9.23393 0.0659957 -0.00919177 0.0250304
21.0963 25.3013 29.0311 6.2498 5.66902 6.08826 20.0029 26.5767 29.8105 6.8774 5.82759 5.26154
-9.2766 -9.47492 -9.30527 0.16092 1.09998e-07 1.52046e-07 -9.24688 -9.62689 -9.28811 0.0865281 0 0
2.76331 4.36778 4.05282 -0.0229852 -0.928185 0.0519242 2.85657 4.36234 4.29544 0.0487101 -0.825593 0.0991793
-5.50596 -6.15091 -5.09154 0.0737963 0.326783 -0.0420296 -5.4393 -6.17671 -5.3314 -0.0564545 0.370179 0.0948556
13.1551 13.1824 13.1551 -5.03939e-07 2.42971e-07 -0.267422 13.5527 13.6682 13.5527 0 -0 -0.172184
19.5879 19.5973 18.9431 0.0161318 0.00639818 0.00267252 19.1817 18.8936 19.062 0.0359513 0.00679569 -0.000164406
-4.1215 -5.54309 -4.92747 -0.446143 -0.635776 0.765881 -4.09926 -5.70291 -4.79898 -0.277971 -0.61162 0.724324
1.79952 -2.22437 0.339216 -1.04287 -0.356307 1.0362 1.81015 -2.19504 0.274509 -1.13517 -0.219542 0.880167
19.9006 19.9528 19.2782 0.0328142 0.00616834 -0.00335157 19.442 19.2314 19.434 0.0478187 -0.0110986 -0.0133509
-2.68271 -2.80761 -3.26738 0.105094 0.0595083 0.410536 -3.04637 -3.02926 -3.05698 0.0361083 0.201255 0.346195
-10.9635 -11.0934 -11.5582 0.0522983 0.0926433 0.265263 -11.1718 -11.1984 -11.383 0.0481081 0.207278 0.226237
1.85354 3.81186 2.55119 0.0186011 0.0540903 -0.0233613 1.30104 3.33354 2.9391 -0.0619849 0.180118 -0.00371493
-6.61531 -5.37883 -5.95382 -0.455518 0.486409 0.128568 -6.5558 -5.44689 -6.10447 -0.540221 0.492458 0.12601
-0.486598 -0.647587 -0.182063 0.0312953 -0.0108453 0.0459026 -0.532939 -0.611074 -0.125116 0.0460064 0.029847 0.0533586
-0.521974 -0.278924 0.61224 -1.48001 -0.859498 0.550709 -0.510402 -0.286613 0.574375 -1.45252 -0.732855 0.554191
-10.5963 -11.2501 -11.9622 0.0411228 -0.0100199 0.00501912 -10.6016 -11.1808 -12.0462 0.0918195 -0.0315078 -0.0864645
-12.531 -12.0732 -11.8771 -0.123758 -0.375512 -0.0391504 -12.6351 -11.9155 -11.6863 -0.0718557 -0.380926 -0.0620018
-5.72945 -6.41448 -3.62915 -0.107634 0.204687 -0.242753 -5.76122 -6.49405 -3.72176 -0.3515 0.134309 -0.171405
19.3426 17.8628 17.178 0.108651 0.132693 0.782171 19.4837 17.2671 17.3097 0.267269 0.0339845 0.626987
139.916 139.55 134.431 -1.41864 2.6106 -2.98054 139.523 138.537 134.181 -1.28989 3.02088 -3.33396
233.809 237.452 237.399 -27.2531 45.2079 -10.6232 236.517 236.405 235.24 -27.4773 43.9016 -10.5965
18.812 18.6693 16.726 0.099449 -0.00293944 0.0973882 18.4721 17.8839 18.309 0.115974 -0.0560004 0.0859648
-1.37231 3.71759 -1.47515 1.40534 -0.965291 0.63001 -1.55583 3.55094 -1.57365 1.23154 -0.742936 0.386351
1.09224 1.01584 -0.297898 -0.096161 0.0308429 -0.051805 1.13793 1.01902 -0.374915 -0.0960655 0.0192072 -0.0521935
-5.59822 -4.45568 -4.55754 -0.0730738 -0.13905 0.0427198 -5.4907 -4.45038 -4.36213 0.0338019 -0.0283498 0.188799
-11.4826 -11.5904 -13.2367 -2.2818e-07 6.14744e-07 1.44961e-07 -11.462 -11.6272 -13.4096 0 0 0
-2.81119 -2.46437 -3.29183 -0.0464937 0.189305 -0.0624048 -2.74424 -2.73989 -3.44716 -0.178605 0.245576 -0.114641
11.5355 11.6361 9.21928 0.144739 0.248616 0.106353 10.819 10.2651 10.287 0.0936277 0.290348 0.31219
36.1344 30.1141 28.0014 -0.107382 -0.14218 0.344841 36.3984 29.2294 30.5043 -0.20396 0.0379243 0.246769
11.7207 13.8619 11.4991 0.240799 0.256746 -0.306573 11.5952 13.0356 12.0744 0.220891 0.165613 -0.0876114
-1.25502 -1.07875 -0.249807 0.00558608 -0.245181 -0.0478093 -1.05695 -1.03527 -0.0467454 0.0431513 -0.0239145 -0.0995762
39.1197 43.3948 39.6753 1.53881 0.176463 -0.70895 39.4076 42.8032 39.71 1.15141 -0.520455 -0.862759
135.211 135.439 156.154 -0.0445404 -0.00114393 -0.0344976 134.89 135.179 156.099 0.0337446 0.0489538 0.0081427
-2.42819 -6.81324 -7.92514 0.603534 -0.89335 0.0840553 -2.86689 -6.8758 -7.87836 0.611137 -0.695131 0.0569969
-4.7261 -6.64684 -5.73163 0.276974 0.0990193 0.66932 -4.80241 -6.51058 -5.61781 0.257229 0.0858978 0.586693
534.811 688.781 684.725 -211.848 161.69 -108.663 535.147 688.439 685.557 -212.035 161.799 -107.073
-8.00201 -7.56118 -7.63298 1.2462 -0.0240094 0.158548 -8.04007 -7.50804 -7.6306 1.15048 -0.105661 0.249059
9.58633 4.63592 3.83208 0.158906 0.109847 0.0482666 9.2218 4.88403 3.52645 0.157288 0.085306 0.0574868
85.677 90.5394 85.2288 -1.06707 5.19557 -6.88016 86.2242 89.5924 86.0279 -0.806675 5.20113 -7.25554
-0.40282 -0.402825 -0.313119 -1.23338e-06 4.89334e-07 -3.15152e-06 -0.59344 -0.59344 -0.420134 0 0 0
-1.73213 -1.16737 -0.631817 6.91296e-07 0.145562 -1.07599e-05 -1.78064 -1.00511 -0.239393 0 0.01062 -0
-1.02523 -2.00386 -0.593424 -1.67727e-07 5.14296e-06 -1.26223e-06 -1.00593 -1.95309 -0.117225 0 0 0
-3.28148 -3.18639 -3.18639 0.000361027 -0.042406 0.000361178 -3.25166 -3.19147 -3.19147 0.0139472 -0.0493901 0.0139472
9.71601 11.4209 10.5842 0.661783 0.53489 0.270801 9.52504 11.4006 10.9103 0.681642 0.453085 0.289313
-10.8714 -9.33118 -10.8986 1.58684 -1.7299 0.809166 -10.956 -9.89025 -11.078 1.50546 -1.26063 0.662241
19.4652 18.8635 18.8674 0.0172078 -0.0635112 -0.0360748 18.8429 18.1819 18.9903 0.0289428 -0.0308763 -0.0195083
-1.3291 -1.27612 -2.44153 0.021647 0.15375 0.147493 -1.45252 -1.34514 -2.51172 -0.00310518 0.103282 0.205827
-10.0433 -10.0003 -11.4366 0.286398 0.0356904 -0.109874 -10.0083 -10.1178 -11.5547 0.203558 0.018484 -0.0168642
191.886 192.586 221.065 -0.421453 -0.0530736 0.0161028 194.267 193.81 220.225 -0.249496 -0.0376866 0.056013
1.11121 0.65272 -0.49908 0.0307347 -0.0752778 -0.0034796 1.18291 0.850232 -0.657221 0.0476865 -0.036623 -0.00626205
-12.0872 -11.6251 -11.4362 0.123103 -0.299091 0.0629573 -11.8693 -11.4297 -11.2654 0.0659329 -0.332126 0.0841869
-12.5101 -10.269 -10.0206 -0.109275 0.0388237 0.0501408 -12.1178 -10.1765 -10.8748 -0.0933939 0.00196732 0.097379
1.20558 1.25325 -0.440063 0.028223 0.00490856 0.000945789 1.22493 1.25761 -0.572161 0.0310502 -0.00725486 -0.0150089
-1.2697 -1.49855 -0.393517 0.144338 -0.0509879 0.187243 -1.15055 -1.623 -0.170504 -0.0282778 -0.0131237 0.0853577
23.6572 20.8781 20.4429 -2.93241 -0.722169 0.48917 23.852 21.1645 19.7892 -2.51673 -0.869606 0.0181305
11.9664 12.6766 12.3857 -0.555447 -0.140799 -0.049346 11.7498 12.4623 12.4419 -0.576233 -0.155022 0.221243
-6.36231 -6.19933 -5.98073 -0.156972 -0.499995 0.226575 -6.23892 -6.08201 -5.89682 -0.135233 -0.497649 0.157496
-5.88203 -5.9637 -4.46263 0.242348 0.293475 0.0217754 -5.8274 -5.96349 -4.73322 0.116742 0.338163 0.154901
-8.30266 -5.25941 -6.19703 -0.0592534 -0.0100479 -0.0276429 -8.28184 -5.29294 -6.60525 -0.0625873 0.0140601 -0.0327353
-6.4448 -8.46981 -9.035 1.20639 -0.380847 0.107333 -6.88224 -8.39754 -8.92314 1.10333 -0.277187 0.167109
2.99675 4.75514 3.98458 -0.804821 0.58283 0.134521 2.83878 4.47262 3.61013 -0.834837 0.697907 0.226478
-9.50971 -9.61993 -11.2706 -0.0724429 0.0538292 -0.0581808 -9.54524 -9.7658 -11.3595 -0.0945543 0.0502106 -0.0257325
1.36822 1.478 -0.221232 -0.0414175 0.00860821 0.0145868 1.39695 1.49183 -0.365811 -0.0412661 0.0119471 0.0134186
-0.529925 -1.32807 0.386102 -0.0797951 -0.00507665 -0.385067 -0.0496463 -0.238711 -0.789411 -0.0688001 -0.0432767 -0.191436
-1.89838 -2.05643 -0.211941 0.00159034 0.179014 0.159576 -1.94476 -1.7083 0.220822 0.0709808 0.296645 0.132846
161.137 158.925 162.035 -3.77672 1.55519 0.109817 159.523 159.083 160.881 -4.02232 1.44689 0.633239
-11.4645 -11.2291 -12.1341 -0.0512977 0.184453 -0.0615159 -11.2626 -11.3528 -12.2522 -0.149523 0.20806 -0.0726634
-10.9293 -11.3583 -12.3603 -0.0156625 -0.0206579 -0.0482191 -10.8699 -11.2956 -12.4666 -0.0560806 -0.016508 -0.00270038
-4.3454 -5.09731 -5.95932 1.24392 -0.848004 0.265494 -4.59148 -5.17866 -5.82089 1.41886 -0.817957 0.405546
12.5335 10.8903 11.9914 0.17818 -0.0124745 0.249752 12.5798 10.9074 12.0808 0.1254 0.0190002 0.183895
-1.97518 -1.97518 -1.97518 -1.05351e-06 -9.97059e-07 -9.42591e-07 -1.97517 -1.97517 -1.97517 0 -0 0
0.128542 0.697056 -0.355966 0.107386 -0.0597026 -0.0215836 0.114595 0.696608 -0.542195 0.0789154 -0.117575 -0.133256
3.44754 4.98778 6.68186 0.148305 -0.143393 -1.60302 3.50716 4.91279 6.5402 0.187802 -0.0836322 -1.00848
-12.0483 -11.4323 -11.7579 0.270185 0.300384 0.154842 -12.0757 -11.4916 -11.7069 0.223113 0.287053 0.196087
7.8189 7.30181 6.84255 0.446968 0.11792 0.404223 7.13786 7.17272 6.95784 0.343624 0.259147 0.407809
-10.1656 -10.1499 -10.5211 0.346816 -0.321392 0.0171939 -10.1528 -10.0301 -10.2913 0.475938 -0.35638 0.0957524
-8.48184 -8.48184 -8.48184 5.65695e-08 1.95595e-08 1.63841e-07 -8.79469 -8.79469 -8.79469 0 0 -0
-1.31981 -1.15666 -0.451635 1.85036e-07 -0.224103 4.01192e-06 -1.20857 -1.02382 -0.232231 -0 0.086978 0
21.0379 24.9559 25.1572 2.42179 -0.402139 -4.24969 19.2878 25.3812 26.4029 3.51243 -0.0986046 -4.91347
-5.24454 -7.60067 -7.44683 -0.436301 0.482195 0.462683 -5.33074 -7.41081 -7.4737 -0.621854 0.543621 0.504402
255.039 273.264 240.998 10.0909 -15.5876 -8.48748 253.783 273.525 241.581 9.25671 -13.8675 -10.1237
-9.28679 -9.19187 -11.2582 -0.0374467 0.00793212 0.0103427 -9.4017 -9.47802 -11.4175 -0.0384004 0.00910785 0.0116424
-1.23612 4.16659 0.833552 -1.02418 -0.739953 0.395457 -1.51349 4.18147 0.965027 -1.02077 -0.619122 0.236838
11.0786 11.0504 11.1619 -0.873018 0.111861 0.523685 10.8078 10.7061 11.3286 -0.543224 0.22707 0.326908
56.2959 56.5402 57.8065 -1.035 -1.74386 -2.36517 55.5355 55.9879 57.8969 -1.66985 -3.03113 -3.84251
-1.65567 -1.87141 -3.3882 0.0640454 0.00215555 0.0276088 -1.42558 -1.76549 -3.46075 0.0390056 -0.0589784 0.0778794
-11.1289 -11.2267 -10.9402 0.293793 -0.296606 0.179661 -10.8628 -11.1397 -10.7563 0.335325 -0.358736 0.191247
3.43966 1.13048 0.463995 -1.49911 -2.56034 -0.317375 3.00606 0.870689 0.241866 -1.28122 -2.56154 -0.222886
17.5759 18.3302 18.3135 0.206799 -0.0629753 0.0609788 17.1357 17.8254 18.2631 0.15482 -0.173596 -0.0639749
-11.9364 -11.0793 -12.2844 -0.0989312 0.0367872 0.0754394 -11.8035 -11.0799 -12.2721 -0.118198 0.117251 -0.018693
-4.06807 -2.82414 -4.2663 -0.117109 0.0741913 0.1094 -4.06673 -2.83548 -4.17976 -0.192036 0.107451 -0.0060557
12.3277 12.9206 13.3434 0.324015 -0.0625244 -0.41081 12.1186 12.6994 13.3243 0.428989 0.102823 -0.353291
-0.599599 0.353078 -1.23935 -1.09248 0.155271 -0.130796 -0.556049 0.0976693 -1.31504 -1.18 0.222624 -0.190448
-1.29993 -0.815189 -0.446077 7.78041e-06 -0.0881423 -7.70541e-06 -0.996339 -1.10894 -0.265257 -0 -0.0422916 -0
12.7217 13.7186 11.3913 0.354347 -0.137952 0.258103 12.0063 13.243 12.1374 0.30804 0.0154011 0.196745
-4.15004 -3.12285 -3.68163 0.421519 0.446141 0.202813 -4.42316 -3.28505 -3.68224 0.417362 0.372738 0.239411
335.72 538.061 276.778 226.587 -173.446 -112.16 335.125 538.07 277.191 225.674 -174.392 -112.326
-10.8074 -11.8561 -11.4726 -0.407784 -0.346253 0.574161 -10.7295 -11.7989 -11.2549 -0.318142 -0.324165 0.572308
-6.25638 -6.04298 -6.10542 0.0847045 -0.196549 0.0738535 -6.29092 -5.60315 -6.11453 0.127849 -0.243343 0.124617
9.07829 8.33909 8.70809 -2.26516 -0.7782 -1.60912 9.21941 7.2743 8.14985 -2.08249 -0.626525 -1.73589
0.585702 -0.874907 3.00966 1.08145 1.26292 0.472262 0.562583 -0.987754 2.71725 1.08322 0.904378 0.349957
-9.43343 -9.41032 -11.423 -0.00500136 0.00634024 -0.00439719 -9.53947 -9.70124 -11.5791 -0.00285537 -0.0006493 -0.000907475
-9.9784 -10.2803 -8.94425 0.21712 0.657449 -0.358889 -9.94806 -10.2535 -9.01616 0.234842 0.549963 -0.296767
0.497049 0.497047 0.497052 2.32666e-05 -2.90185e-05 2.78569e-05 0.435059 0.435059 0.435059 0 0 0
0.302268 0.275873 -0.19526 5.78363e-07 1.96362e-06 -1.34636e-06 0.304722 0.176831 -0.250534 0 0 0
0.266368 0.277853 -0.101127 -0.00985254 1.27958e-06 8.2362e-07 0.120567 0.132504 0.205118 -0.0103588 0 0
0.147565 0.147567 0.147566 -1.28744e-06 8.8364e-08 -9.52767e-07 -0.126946 -0.126946 -0.126946 0 -0 0
0.410375 0.387978 -0.396679 4.62683e-08 8.46161e-08 1.06815e-06 0.205877 0.190816 -0.02525 0 0 0
0.217656 0.195083 -0.454852 5.71818e-06 1.80665e-06 -3.74831e-07 0.0242473 0.0101715 -0.114901 0 0 0
0.285658 0.262265 -0.441194 0.000776717 3.03036e-07 9.34182e-07 0.0931742 0.07933 -0.0875543 0.000548285 0 0
0.320957 0.295077 -0.166305 -8.09168e-07 -9.58501e-07 8.84704e-07 0.326457 0.197421 -0.218656 0 0 0
-0.0710657 -0.0933512 -0.41 -1.80634e-06 -1.62268e-06 -1.34441e-06 -0.0828315 -0.230469 -0.488361 0 0 0
0.403301 0.379698 -0.424265 0.000987267 -2.24968e-06 -2.32321e-06 0.197341 0.181665 -0.0533399 0.000788951 0 0
-0.0706781 -0.0928944 -0.409554 7.89771e-07 1.76335e-06 2.1771e-06 -0.0830882 -0.230726 -0.488602 0 0 0
0.358999 0.336227 -0.0457664 5.38404e-06 -2.21564e-06 -2.54788e-07 0.213069 0.191717 0.272145 0 0 0
0.288596 0.291709 -0.202897 0.00263535 -1.19471e-06 -1.59406e-07 0.128993 0.205864 -0.0317167 0.0665749 0 0
0.204973 0.174162 -0.0513079 6.99145e-07 -9.34801e-07 -6.55889e-08 0.21334 0.0397849 -0.106939 0 0 0
0.220044 0.220057 -0.155142 -2.87365e-07 -7.11996e-08 -1.67302e-06 0.261849 0.266579 0.0921698 0 0 0
0.695856 0.695856 0.695854 3.95903e-06 2.40518e-06 4.57564e-06 0.478631 0.478631 0.478631 -0 0 -0
0.328708 0.325982 -0.237103 -0.00103248 -1.73331e-07 4.16483e-07 0.18879 0.235059 -0.190408 -0.0826121 0 0
0.521885 0.521955 0.521902 -2.97091e-05 -8.45033e-06 -2.82188e-06 0.262367 0.262367 0.262367 -0 0 -0
2.3872 2.3872 2.3872 -1.59485e-05 1.5154e-05 1.67467e-05 0.10501 0.10501 0.10501 0 0 0
1.08596 1.08491 1.0815 -4.51421e-07 3.84606e-08 -0.000118748 0.178342 0.160368 0.184313 0 0 -0.0135917
0.419501 0.265454 0.0528501 -4.16269e-07 1.66741e-07 4.2643e-07 0.440269 0.128477 0.0138943 0 0 0
0.406129 0.383715 -0.483164 -2.27517e-06 -2.17271e-08 -8.76826e-07 0.197827 0.179444 -0.111707 0 0 0
0.366635 0.364053 0.0867194 -8.81308e-07 -4.29448e-07 -2.95006e-07 0.44306 0.43958 0.348933 0 0 0
0.306195 0.279127 -0.191471 6.5406e-07 -3.86852e-07 -1.05974e-06 0.309244 0.18056 -0.246068 0 0 0
0.284422 0.287494 -0.231553 0.00230791 -6.00225e-08 1.71374e-06 0.0691048 0.248595 -0.0641873 0.0335305 0 0
0.432019 0.432015 4.5691 -5.68308e-06 4.55289e-06 -1.14815e-05 -0.0887101 -0.0887101 5.38744 -0 -0 0
0.224281 0.224281 0.224281 6.05296e-05 5.97476e-05 6.02229e-05 0.0433612 0.0433612 0.0433612 0.000439031 0.000439031 0.000439031
2.56116 12.8485 -1.00685 6.09121e-07 -0.0149368 -1.1618e-06 2.85374 13.5966 -0.193211 0 -0.023879 0
0.708175 0.708175 -0.928318 -4.49064e-06 -9.55061e-06 -9.94463e-06 0.722219 0.722219 -0.566518 -0 -0 -0
0.0336758 0.0472647 -0.289063 -0.0117923 0.000768705 0.00132505 0.317142 0.295177 0.117718 0.0190134 -0.00489635 -0.00846566
0.730042 0.295897 -0.586354 0.0146254 -0.00920884 -2.25269e-05 3.90326 0.670367 -0.426834 -0.0572277 -0.00890784 0.000897689
0.328708 0.325982 -0.237103 -0.00103248 -1.73331e-07 4.16483e-07 0.18879 0.235059 -0.190408 -0.0826121 0 0
0.365786 0.343037 -0.0410292 2.79087e-05 -5.14429e-07 -2.14479e-06 0.220498 0.19918 0.278515 0 0 0
0.498629 0.498629 0.498627 3.68594e-07 2.61583e-07 3.66331e-09 0.231444 0.231444 0.231444 -0 -0 -0
-0.190417 -0.165417 -0.184465 0.01995 3.54625e-07 -1.64647e-06 -0.334223 -0.31485 -0.0120268 0.0158194 0 0
-0.483061 -0.483064 4.11178 -6.86294e-06 -3.22067e-06 -1.44702e-06 -0.753663 -0.753663 4.99983 -0 0 0
0.408462 0.408464 0.408465 4.24604e-06 -2.53862e-06 6.01044e-07 0.000211318 0.000211318 0.000211318 -0 -0 -0
0.421815 0.418331 -0.0370405 -1.02891e-07 -8.68868e-07 5.57402e-07 0.413994 0.320972 -0.0978569 0 0 0
0.22132 0.244267 0.0197571 0.0199019 1.36651e-06 -2.24274e-06 0.0624635 0.101979 0.268994 0.0341988 0 0
0.28431 0.287761 -0.142962 0.00727577 -2.9501e-07 -6.25947e-07 0.229851 0.234884 0.0766612 0.00711487 0 0
0.0213535 0.0213527 0.0213431 -6.34125e-07 6.10875e-08 -5.44631e-06 0.253056 0.253056 0.253056 0 0 0
0.28876 0.265976 -0.122817 -3.04903e-05 -2.21545e-06 3.80058e-07 0.134971 0.116655 0.188067 0 0 0
0.251235 0.262231 -0.772926 0.00962446 -3.26331e-06 1.19611e-06 0.0397414 0.0485728 -0.397927 0.00763335 0 0
0.204973 0.174162 -0.0513079 6.99145e-07 -9.34801e-07 -6.55889e-08 0.21334 0.0397849 -0.106939 0 0 0
0.459191 0.459221 -0.464437 1.23584e-05 -8.63144e-06 3.54288e-06 0.430172 0.422841 -0.609131 -0.00634706 0.000819732 -0.00140525
0.333027 0.330119 -0.225877 -0.0016509 -1.20026e-08 4.83008e-07 0.193462 0.239574 -0.178311 -0.0829435 0 0
0.304951 0.279007 -0.188811 1.17943e-08 -3.46625e-08 -1.16971e-06 0.30753 0.179685 -0.243891 0 0 0
-0.0820416 -0.128195 -0.725412 -0.0400197 -6.25519e-07 -3.90217e-07 0.161475 0.117396 -0.688947 -0.0381634 0 0
0.156054 0.156079 -0.522668 2.01409e-06 1.09706e-06 -0.000100465 -0.0955348 -0.0955348 0.475123 0 0 0
0.28273 0.285924 -0.144333 0.00718338 -6.97112e-07 -2.40542e-07 0.229269 0.233973 0.0761405 0.00700694 0 0
1.65964 0.470591 0.435472 0.0190801 -3.06672e-06 2.39509e-06 1.46556 0.36154 0.736359 0.0347535 0 0
0.303534 0.28014 -0.441232 0.000728212 -7.70298e-08 -4.86538e-07 0.111592 0.0934962 -0.0846881 0.000445546 0 0
0.0663949 0.066408 0.066397 2.06723e-07 -1.55404e-06 2.54344e-06 0.306918 0.306918 0.306918 -0 -0 -0
-0.459035 -0.468582 -0.218968 -0.00828685 8.31976e-07 -1.81163e-06 -0.0315949 -0.0368835 0.117154 -0.00458691 -0 -0
-17.3446 -17.3447 -17.7018 -9.87534e-07 -8.83543e-07 -7.43856e-07 -17.1176 -17.1176 -17.8589 0 0 0
-0.867413 -0.867411 -0.86743 -7.85431e-07 -1.16252e-06 4.80876e-06 -1.36449 -1.36449 -1.36449 1.59313e-16 9.63264e-17 1.74493e-16
-0.631244 -0.63122 -0.631234 -6.40875e-06 -2.25029e-07 -8.09101e-07 -0.913776 -0.913776 -0.913776 1.63378e-17 -2.87341e-17 4.97896e-17
-9.95674 -10.5769 -10.5769 4.21045e-07 1.24126e-05 1.38325e-07 -10.5553 -10.7699 -10.7699 0 -1.38564e-05 0
5.71964 4.03534 2.32697 -0.140839 -0.622806 0.698993 5.96521 4.70622 2.84665 -0.121682 -0.659896 0.559532
4.63087 4.72138 3.457 -0.638735 -0.0123737 0.259916 5.32896 5.50525 3.28804 -0.573784 0.145571 0.118905
6.04241 6.62583 4.10078 0.337464 0.203121 0.150841 6.43646 6.49511 3.78042 0.055942 0.175879 0.08653
6.3371 6.11431 4.068 0.0444603 0.240336 0.162652 6.19269 6.44799 3.67237 0.157667 0.16823 0.105332
3.60109 3.14633 2.72826 0.226014 0.166768 -0.106876 3.97035 3.58277 3.04473 0.269984 0.301242 -0.015747
3.19195 2.48741 2.78909 0.592234 -0.521735 -0.127779 3.40958 2.94696 3.02363 0.359783 -0.322946 -0.076239
4.12242 3.84239 2.5062 -0.353218 0.73129 -0.0236683 4.44123 4.44487 3.11405 -0.642174 0.82573 -0.039233
5.32233 5.1737 3.98719 0.43938 0.433274 0.406696 5.41997 5.61708 4.26188 0.458362 0.415751 0.383862
4.74047 4.92725 2.72168 -0.336268 0.22548 -0.0217356 5.26418 5.12869 2.90986 -0.195347 0.187833 0.065789
4.54598 4.20932 3.13081 0.170025 0.330159 -0.126003 4.60111 4.66765 3.33594 0.115144 0.279733 -0.075978
25.5738 22.2583 14.831 -2.8095 2.9918 0.0268914 26.5966 23.8729 15.1893 -3.14859 2.96865 -0.407601
5.44457 4.85033 3.00518 -0.127443 0.104422 0.0732477 5.513 5.45266 3.00998 -0.380492 0.094352 0.046924
6.87069 7.08563 4.97261 0.54347 0.606381 0.367934 6.77887 7.31926 4.52111 0.417159 0.487691 0.275517
7.90489 8.94483 7.65474 0.278718 1.03519 -0.219174 8.55607 8.88397 7.87773 0.140888 1.03738 -0.337782
22.6687 22.7409 15.8218 -0.264394 1.10358 0.0676102 24.187 24.1732 15.6335 -0.559341 0.841938 -0.314257
14.4559 15.2298 12.2918 0.469739 0.625307 0.99156 15.2856 15.7802 12.5328 0.837034 0.380619 0.972357
19.1704 11.3775 7.44481 -7.20673 1.40937 0.789673 20.3119 11.7587 7.53464 -7.3907 1.15969 0.85746
6.5944 7.23701 4.9888 0.345649 0.585757 0.402999 6.80657 7.1523 4.59921 0.34774 0.452192 0.284938
15.619 15.7869 12.6413 0.943432 1.40236 0.893928 16.389 15.9732 12.4351 0.762251 1.33744 0.68395
4.19081 3.87718 3.10241 -0.54178 0.872771 0.0083533 4.4521 4.22212 3.60459 -0.056375 0.752521 0.001465
3.34212 2.62196 1.99089 0.135774 -0.142167 0.404513 4.31159 3.11072 2.0953 -0.169319 0.100274 0.159219
2.99587 3.41057 2.26838 0.0440705 0.176254 0.0362312 3.7518 3.611 2.49825 0.108798 0.090267 0.058231
11.3374 12.7997 10.4191 0.504237 2.16644 -0.915036 11.6491 13.1179 9.97558 0.408146 1.84967 -0.375221
6.22034 6.35936 4.12415 0.415318 0.235098 0.140601 6.32011 6.38044 3.70916 0.096327 0.214403 0.108804
5.90208 5.24835 3.70447 0.183865 0.269036 0.283448 5.74622 5.76597 3.76579 0.087211 0.28152 0.236257
6.12031 4.6428 5.57675 -0.770144 0.806626 0.158716 6.68193 4.81142 5.68491 -0.550606 0.975531 0.262855
3.97205 3.75339 2.30097 -0.626777 0.159481 0.179501 4.25944 4.0724 2.91495 -0.170086 0.14364 0.101084
4.23324 3.9242 2.50934 -0.21855 0.0388405 -0.0657604 5.16286 4.21305 2.64117 -0.433239 0.417644 -0.097896
-17.8158 -17.8157 -17.9814 3.23106e-05 -4.89963e-07 7.27169e-07 -17.2737 -17.2735 -17.2412 0.0001 0 0
0.209386 0.16892 1.1213 0.000269183 -7.80229e-05 1.1909 0.602073 0.523716 0.692197 -0.000549 -0.00053 1.0265
4.76003 -2.86878 0.839248 0.000290127 8.65871e-07 2.23516e-07 5.43022 -3.19135 1.1748 0.181851 0 0
-6.35579 -6.34507 -5.78125 -0.899276 -0.743781 -0.762903 -5.93067 -5.96219 -5.50878 -1.0183 -0.71848 -0.74629
4.2283 4.2288 5.30999 0.000363693 -3.12923e-07 1.01984e-07 4.31616 4.31594 4.35599 -0.000185 0 0
-9.4318 -9.43137 -9.29749 0.000331802 3.29911e-07 -7.34277e-07 -9.23145 -9.22811 -8.92643 0.002886 0 0
129.456 129.457 112.011 0.000821731 4.19903e-06 4.76924e-06 130.234 130.235 113.047 0.000815 0 0
0.155981 0.159113 1.0855 0.000342459 -0.431931 3.39033e-05 0.561476 0.58116 0.514961 0.000379 -0.379113 -0.000641
0.358241 0.374173 1.01166 -2.15318 -1.98145e-07 2.01143e-07 0.683647 0.767027 0.701179 -2.36131 0 0
3.78586 -2.47977 0.91323 0.000298719 -5.4607e-07 -1.94261e-06 4.35335 -2.74145 1.12144 0.119867 0 0
52.9704 52.9715 51.641 0.00101877 4.35296e-06 -3.88865e-06 53.2914 53.2903 52.9355 -0.000889 0 0
0.414683 0.45116 0.987748 -2.45732 -4.54473e-07 1.05495e-06 0.715052 0.852515 0.742116 -2.68284 0 0
-1.66685 -1.6664 0.283008 0.000319657 1.48375e-07 4.37156e-08 -1.21609 -1.21626 -0.295974 -0.000142 0 0
-3.67512 5.9932 0.636044 0.000403178 -1.06054e-06 -2.48264e-08 -3.1097 6.43335 0.789672 -0.011141 0 0
-2.27708 -2.27666 -7.77609 0.000344467 2.0025e-06 1.66923e-06 -1.62392 -1.62387 -7.58042 4e-05 0 0
7.34965 7.35018 4.27444 0.000384741 7.85323e-07 2.48408e-06 7.43116 7.43104 3.71553 -9.6e-05 0 0
0.158919 0.173165 1.09784 0.000345774 -0.814876 6.60685e-05 0.553504 0.600148 0.58134 -0.000159 -0.71607 1.2e-05
10.3203 10.3912 11.525 1.31194 1.21983 1.18369 10.3527 10.3862 10.7836 1.7773 1.09386 1.05285
-4.17191 -4.17153 -0.789565 0.000294933 5.71032e-07 -1.63195e-06 -3.62075 -3.62096 -1.05452 -0.000185 0 0
-15.8041 -15.8038 -16.7852 0.000159745 -3.10906e-07 -3.31257e-07 -15.6535 -15.6533 -15.5625 0.000164 0 0
4.83429 4.8348 3.1601 0.000381875 -1.78969e-06 9.87511e-07 4.85643 4.85622 2.62201 -0.000181 0 0
-5.08566 -5.07479 -4.40241 -0.718993 -0.604737 -0.613164 -4.57968 -4.4884 -4.33159 -0.740122 -0.556764 -0.576486
4.29429 4.29476 14.1552 0.000382283 -3.82931e-07 1.91275e-06 3.33073 3.33051 15.3872 -0.000184 0 0
0.924247 0.924659 1.87934 0.106035 0.0968887 0.0966407 1.31543 1.30935 1.21407 0.120448 0.086813 0.086399
-4.13892 -4.13855 -3.3904 0.000284115 4.11175e-07 1.49979e-06 -3.54627 -3.54637 -3.48011 -9e-05 0 0
15.0706 15.0711 16.8269 0.000417347 -9.57038e-07 -1.32383e-06 15.461 15.4611 15.7258 6.9e-05 0 0
0.78971 -0.455588 1.07547 0.000293773 4.74473e-07 -6.03692e-07 1.28871 -0.147302 0.528435 -0.000196 0 0
30.2192 30.22 31.5788 0.000645705 2.00469e-06 -6.58541e-07 31.1633 31.1632 31.2391 -5.6e-05 0 0
3.54632 -2.36426 0.9328 0.000292238 -6.71969e-07 -5.08763e-07 4.10672 -2.61858 1.10006 0.094495 0 0
-13.0074 -13.007 -13.7486 0.000256897 -2.69237e-07 5.42813e-07 -13.0704 -13.0704 -12.979 -2e-05 0 0
0.15982 0.156745 1.08694 0.000362137 1.53157e-05 -0.479872 0.583813 0.55661 0.509176 -0.000157 -2.9e-05 -0.421435
1.73304 1.73167 2.70734 0.220383 0.198541 0.197073 2.05974 2.05154 1.98345 0.217728 0.179329 0.178201
0.474887 0.436662 0.703118 -0.0477425 0.0416758 0.111262 0.282957 0.235699 0.528787 0.038016 0.041208 0.075749
-0.288172 -0.306313 -0.0244303 -0.0947578 -0.147161 0.395506 -0.457129 -0.642843 -0.334145 -0.106588 -0.113948 0.270389
-1.40983 -0.898381 -1.24887 0.275492 0.000589493 -0.0425805 -1.65204 -1.05817 -1.49514 0.18382 -0.03274 -0.152267
-1.09474 -1.07228 -1.09815 0.00283255 0.00980876 -0.0207226 -1.42736 -1.40554 -1.42147 -0.004552 -0.004892 -0.015009
-0.911649 -0.864536 -0.917849 -0.00196661 0.0198244 -0.00629698 -1.39649 -1.34647 -1.37524 0.001556 0.0054 -0.00814
-1.63434 -1.80228 -1.98418 0.0134566 0.0751449 0.0125884 -2.02561 -2.07704 -2.20769 0.038877 0.068792 -0.007929
-0.18397 -0.283187 -0.497365 0.104165 0.0878694 0.103564 -0.754617 -0.735959 -1.03056 0.095511 -0.009043 0.092417
-0.892837 -1.36898 -1.01851 -0.301018 0.0673599 0.0681116 -1.43285 -1.74073 -1.29063 -0.195768 0.114237 0.040348
-1.07622 0.00642711 -1.03794 0.237511 0.569029 -0.261987 -0.840757 -0.419886 -1.0341 0.168244 0.464525 -0.202634
-1.43259 0.155855 -0.127198 0.441493 -0.318785 0.023926 -1.06212 0.309856 0.622214 0.914899 -0.492339 -0.0635939
3.17066 -0.657996 0.38617 -0.854692 0.788588 0.811418 2.99214 -0.242199 0.975256 -0.680857 0.43388 0.737251
0.0147969 0.0172647 -0.715054 -1.03478 2.45312 -0.468911 0.523675 0.0238555 -0.201147 -1.08701 2.02311 -0.305362
-0.116337 -0.898491 -1.69927 0.578597 1.19953 -1.62171 0.539309 -0.912517 -1.59109 0.105732 1.06055 -1.74469
-2.76747 -1.5912 -0.948767 0.58205 1.02241 -0.936802 -2.99093 -2.05885 -1.04396 0.746538 0.98903 -1.60941
2.14932 4.9742 6.49149 0.0626724 0.631995 1.25795 2.16309 5.35498 6.25463 0.646858 0.620095 1.50263
2.05486 4.42192 2.33877 -0.0797987 1.83413 -0.445145 2.28086 4.31726 2.95816 -0.150374 1.56003 -0.538473
-0.171781 -0.0587821 0.241595 0.0978598 -5.47184e-07 -3.21873e-08 -0.053342 -0.034652 0.171575 0.016186 0 0
-0.157523 -0.157512 0.355911 -3.67015e-06 -5.60063e-08 -2.67973e-08 -0.130084 -0.130084 0.308191 0 0 0
-0.177748 -0.0974929 0.259196 0.0318981 0.0256461 -0.00428877 -0.110175 -0.101682 0.134489 0.02366 0.004791 0.011478
47.6695 47.6695 53.4934 4.72047e-06 1.12978e-06 7.03047e-08 46.3078 46.3078 55.0335 0 0 0
31.437 31.437 34.3555 -2.73656e-07 -1.27624e-06 -2.34439e-06 30.6498 30.6498 35.1872 0 0 0
18.1187 18.1187 19.9677 -5.01426e-08 1.54826e-07 8.64157e-07 18.0201 18.0201 20.0718 0 0 0
7.8258 7.8257 9.13974 -1.08949e-06 -4.18159e-07 2.72942e-09 7.68094 7.68094 9.41995 0 0 0
0.033967 0.0339169 0.466981 -8.96006e-08 -1.58214e-06 -7.39922e-07 -0.053061 -0.053061 0.560585 0 0 0
-5.77767 -5.77768 -5.88529 -1.01885e-06 3.01453e-07 -4.32804e-07 -6.09732 -6.09732 -6.19697 0 0 0
-10.4675 -10.4675 -10.6071 -1.4043e-06 9.65647e-07 -1.37814e-07 -10.6054 -10.6054 -10.7982 0 0 0
-14.4473 -14.4472 -14.2304 1.34412e-07 1.64234e-06 -1.57e-06 -13.8716 -13.8716 -13.9345 0 0 0
-16.231 -16.231 -16.3488 1.31378e-07 7.0987e-07 -1.84574e-07 -16.1059 -16.1059 -16.2855 0 0 0
-0.359638 0.0754529 0.224481 0.000166273 -0.127013 2.05325e-05 -0.301676 -0.027627 0.190071 0.000438 -0.146772 -0.000151
-0.482682 0.0206989 0.1224 0.000113558 -0.211046 -3.09846e-05 -0.324532 -0.060565 0.20546 -0.000472 -0.283515 -0.000201
-0.359338 0.0756457 0.224585 3.36131e-05 -0.126849 -4.6354e-05 -0.302608 -0.02864 0.187515 -0.000138 -0.147475 -0.000765
0 0 4.87012 0 0 0 -13351.5 -13351.5 -13351.5 -13351.5 -13351.5 -13351.5
0 0 3.4141 0 0 0 -13351.5 -13351.5 -13351.5 -13351.5 -13351.5 -13351.5
0 0 2.44926 0 0 0 -13351.5 -13351.5 -13351.5 -13351.5 -13351.5 -13351.5
0 0 1.73899 0 0 0 -13351.5 -13351.5 -13351.5 -13351.5 -13351.5 -13351.5
0 0 1.20602 0 0 0 -13351.5 -13351.5 -13351.5 -13351.5 -13351.5 -13351.5
0 0 0.814951 0 0 0 -13351.5 -13351.5 -13351.5 -13351.5 -13351.5 -13351.5
0 0 0.530461 0 0 0 -13351.5 -13351.5 -13351.5 -13351.5 -13351.5 -13351.5
0 0 0.329957 0 0 0 -13351.5 -13351.5 -13351.5 -13351.5 -13351.5 -13351.5
0 0 0.19427 0 0 0 -13351.5 -13351.5 -13351.5 -13351.5 -13351.5 -13351.5
0 0 0.10249 0 0 0 -13351.5 -13351.5 -13351.5 -13351.5 -13351.5 -13351.5
