0.140626 0.140626 -0.308139 7.46293e-08 3.21865e-08 8.14271e-09 0.159424 0.159425 -0.319235 4.89728e-07 -8.79301e-08 -5.12558e-08
0.144008 0.119128 -0.325932 0.0215473 2.31929e-08 4.23001e-08 0.15849 0.141469 -0.323166 0.0147325 9.34318e-09 -3.2627e-07
0.142223 0.109735 -0.3349 -0.0146648 -0.0257293 -0.00814547 0.156571 0.130947 -0.321073 -0.0112518 -0.0241192 0.000402477
0.169738 0.0839605 -0.33264 -4.43151e-08 -0.00149928 -5.49092e-08 0.183287 0.110978 -0.327938 -4.60699e-07 -0.0146369 -3.22163e-07
0.0481385 0.147126 -0.297726 -0.0857257 -6.38106e-08 -5.23944e-08 0.0600914 0.107072 -0.267065 -0.040686 -1.37555e-07 -9.28309e-08
0.128475 0.128475 -0.337373 4.80864e-09 2.87574e-08 3.16555e-08 0.128244 0.128254 -0.322397 -3.06373e-06 1.04694e-05 -4.88952e-07
0.10948 0.143118 -0.324058 -0.0291317 1.77481e-08 8.6984e-08 0.123241 0.146784 -0.336059 -0.0203862 4.76134e-07 8.07706e-07
0.104583 0.131124 -0.339495 -0.0229857 0.020614 0.0357044 0.117333 0.140084 -0.321548 -0.0197032 0.0206218 0.0357193
0.112976 0.127496 -0.335133 -0.012574 0.0055448 0.00960388 0.133289 0.148161 -0.316543 -0.0128806 0.00768213 0.0133068
0.117152 0.116526 -0.297446 0.00182233 -1.5821e-08 1.8289e-06 0.0980088 0.0968721 -0.324587 0.00118004 1.78474e-06 1.14677e-06
0.121918 0.0952182 -0.341922 -0.0285947 -1.42851e-07 6.65972e-08 0.12632 0.102674 -0.317947 -0.0309285 2.38345e-06 8.60181e-07
0.133582 0.133583 -0.323196 -4.72069e-08 -6.1892e-08 -1.27554e-08 0.165793 0.165791 -0.319547 -6.45594e-07 3.7162e-07 -5.57727e-07
0.0741469 0.165519 -0.340541 -0.0179426 -4.56806e-08 4.47035e-08 0.0953947 0.150616 -0.334114 -0.0106471 -1.35535e-07 4.35658e-07
0.10511 0.116588 -0.345838 -0.00994016 -0.0129853 -0.0224912 0.107044 0.121062 -0.323955 -0.0121387 -0.0167561 -0.0290216
0.119141 0.119141 -0.339009 8.45213e-08 2.71458e-08 -4.47798e-08 0.132456 0.132467 -0.313693 -2.73996e-06 6.99754e-07 1.61041e-07
0.104912 0.104912 -0.346009 6.21908e-08 2.84631e-08 4.38414e-08 0.122603 0.122605 -0.355103 2.54055e-05 4.50932e-07 5.89329e-07
0.0939153 0.111888 -0.351389 -0.015565 -3.16496e-08 1.50243e-08 0.0982553 0.114489 -0.318413 -0.0140239 4.73182e-06 8.03465e-06
0.115988 0.10825 -0.340946 -0.00670145 -0.00812222 0.0140682 0.124074 0.11985 -0.317297 -0.00366733 -0.00588016 0.0101847
0.117934 0.0688862 -0.0266972 0.000546845 -0.00145576 3.67133e-05 0.0916078 0.0708104 -0.0401247 0.000220888 -0.000864687 0.000332176
0.118286 0.0684558 -0.0268833 0.000107547 0.00156381 0.000215949 0.0918743 0.0705676 -0.0397568 -0.00038246 0.000926647 -0.000175961
0.100356 0.114941 -0.0871656 -0.000979163 0.000671277 -0.000306299 0.0890848 0.118712 -0.0862725 0.000971307 0.000257445 -0.00016669
0.216194 0.217517 -0.36269 -0.00361617 0.00172194 0.00102401 0.231509 0.239527 -0.345856 0.00344421 0.00344577 -0.002729
0.134276 0.13774 -0.331208 -0.00299911 0.00674021 0.0116744 0.15209 0.154179 -0.318675 -0.00180804 0.00612426 0.010599
0.100216 0.115073 -0.0869085 -0.0010078 -0.00109935 -0.000457091 0.0893525 0.118821 -0.0862164 0.000771293 -0.000726318 3.62138e-05
0.232185 0.188379 -0.371688 0.0193823 -0.00127088 -0.00280402 0.241968 0.212524 -0.337752 0.043094 0.00277678 -0.00725594
0.103698 0.113265 -0.104157 0.0172523 0.000817428 0.0102072 0.107152 0.116098 -0.103915 0.011792 0.00534783 0.017652
0.118615 0.0681183 -0.0261228 0.000555968 0.000306981 0.000167098 0.0922971 0.06988 -0.0393011 4.70862e-05 0.000349708 -0.000254805
0.115119 0.100601 -0.0676183 -0.0072037 0.0207072 -0.037721 0.102691 0.0972325 -0.0830379 -0.010862 0.0227374 -0.0346436
0.0833772 0.106967 -0.037406 -0.0233597 -0.000969151 -0.00192329 0.0746223 0.0991276 -0.0427101 -0.0245044 -0.000610731 -0.000963762
0.118474 0.0685634 -0.0266251 0.000432764 0.000558084 -5.08838e-07 0.0922216 0.0705445 -0.0395862 0.000217533 0.000499048 7.39034e-05
0.168853 0.145929 -0.222033 -0.00752604 -0.0109799 -0.000323939 0.169617 0.161156 -0.207319 -0.00888377 -0.0130267 0.000635603
0.100704 0.114752 -0.0873972 -0.000765106 -0.00129922 0.000615528 0.0893923 0.118294 -0.0864147 0.00125353 -0.000461516 0.000123452
0.167734 0.15526 -0.216358 -0.00416179 0.00208783 0.000769096 0.166927 0.157042 -0.206545 -0.00103203 0.00209557 -4.62191e-05
0.120297 0.150406 -0.329683 -0.0227086 -0.00413535 -0.00301406 0.146214 0.167653 -0.320941 -0.0181852 -0.00204589 0.00267384
0.113344 0.105722 -0.0697695 0.00552539 0.0218693 0.0336339 0.10235 0.103129 -0.086619 0.0124478 0.0219115 0.0354056
0.113229 0.10578 -0.0696771 0.00600615 0.0219123 0.0348412 0.102262 0.102798 -0.0870707 0.0129642 0.0216986 0.0359936
0.122506 0.125443 -0.156484 -0.000854907 -0.000333849 -0.000175511 0.112766 0.110213 -0.135734 0.00394097 -0.000320886 -0.000190354
0.100812 0.114296 -0.0866086 -0.00129852 0.000569708 0.000243897 0.0895362 0.118092 -0.0859345 0.000325702 6.22789e-05 -1.26635e-05
0.0837087 0.106655 -0.0377821 -0.0235531 -0.001258 -0.00239572 0.0754026 0.0995156 -0.0429416 -0.024605 -0.00105576 -0.000906765
0.138414 0.15854 -0.228297 -0.0131546 5.86296e-08 -1.68637e-08 0.161915 0.180987 -0.19317 -0.0177388 -1.33704e-06 -1.31927e-06
0.100857 0.114987 -0.0882153 -0.00104629 0.000159033 -6.72266e-05 0.089853 0.118934 -0.0871147 0.00048244 -7.80393e-05 -1.88318e-05
0.102261 0.107589 -0.0748011 -0.00331252 0.00631221 0.00407769 0.0972059 0.104228 -0.0726001 -0.000798038 0.00102024 0.00293698
0.160798 0.127168 -0.324959 -0.000832453 2.84132e-09 -1.23124e-08 0.168701 0.152446 -0.318315 0.000165831 -6.6608e-07 -4.75098e-07
0.160271 0.128538 -0.330114 -0.00242938 0.0101058 0.000712103 0.17072 0.136193 -0.316681 -9.96807e-05 0.000816554 0.000261882
0.120312 0.153358 -0.332535 0.0286187 1.09673e-08 -4.1604e-08 0.135652 0.165769 -0.319765 0.0260741 -2.54347e-07 3.53572e-07
0.14501 0.138713 -0.325657 0.000793987 -0.000345886 -0.000383294 0.156248 0.153207 -0.31547 0.00309306 0.000530474 -0.00316234
0.14426 0.140348 -0.319295 -0.00203941 -9.18063e-08 -6.21934e-08 0.155734 0.147942 -0.305853 0.000730937 7.20377e-05 -4.65779e-05
0.151264 0.143899 -0.32799 0.000892092 -4.32513e-08 -4.08519e-08 0.163073 0.157869 -0.320666 0.00169204 -3.08899e-07 -1.17346e-07
0.195397 0.192902 -0.338644 -0.000626468 -6.51189e-08 6.3087e-08 0.210027 0.213034 -0.320718 0.0042844 7.80191e-05 -0.000114544
0.13569 0.135531 -0.192129 -0.000146207 -0.000101323 -6.66613e-05 0.140168 0.141707 -0.182986 -0.00070917 -0.000174588 -0.000131837
0.195214 0.193165 -0.338572 -0.00074678 -3.35694e-08 2.38076e-09 0.209611 0.213367 -0.320987 0.00401116 7.63702e-05 -2.15506e-05
0.194773 0.193167 -0.338702 -0.00056528 -2.95714e-08 7.6791e-08 0.208755 0.213283 -0.320788 0.00422546 4.09553e-05 3.05809e-05
0.19513 0.193193 -0.338815 -0.000407564 5.89644e-08 -4.33667e-08 0.209527 0.213357 -0.320816 0.00438891 -0.000108176 3.388e-05
0.135206 0.117826 -0.169297 0.0167652 0.0110628 0.0169973 0.147996 0.136781 -0.172538 0.0141215 0.00907678 0.0151083
0.135769 0.135451 -0.192477 3.01482e-05 -0.000109556 0.000300153 0.139942 0.141323 -0.183313 -0.000420089 -8.9731e-05 6.07214e-05
0.108374 0.159534 -0.32674 0.00103785 1.04785e-07 4.18425e-08 0.148159 0.172835 -0.326071 0.00226081 -8.20338e-07 4.87976e-07
0.131417 0.129102 -0.178903 -0.00258293 -0.00251802 0.00131354 0.140759 0.147695 -0.211457 -0.000873252 0.00248247 -0.00192324
0.135813 0.135342 -0.192121 -0.000117375 -0.00021689 -3.77948e-05 0.140136 0.14126 -0.183184 -0.000839446 -0.000231826 2.0094e-05
0.135886 0.135451 -0.192286 0.000108029 -0.000133915 -3.46432e-05 0.140023 0.141254 -0.183101 -0.000479725 -0.00022905 5.7577e-05
0.135928 0.135472 -0.192619 -0.000139866 -3.96851e-08 -1.18282e-08 0.140229 0.141604 -0.183436 -0.000689854 -6.08055e-05 4.17096e-05
0.135861 0.135645 -0.192096 8.75652e-06 -0.000117406 7.23944e-05 0.139888 0.141522 -0.183176 -0.000524383 -7.29615e-05 -5.94587e-06
0.237077 0.157877 -0.356768 -0.0357008 2.36679e-08 8.09056e-08 0.281822 0.195928 -0.349398 -0.0340466 -0.000119125 7.11129e-05
0.233095 0.217417 -0.381175 0.00275277 1.91815e-09 -8.27261e-09 0.254314 0.245172 -0.369338 -0.00803866 -3.86192e-06 2.84838e-06
0.247507 0.12916 -0.349661 -0.0624781 5.52743e-08 -5.87556e-08 0.306041 0.155323 -0.333705 -0.0602068 -5.5269e-05 -4.29472e-06
0.100435 0.115046 -0.0872803 -0.000922273 -0.00014332 0.00063021 0.089432 0.118954 -0.086341 0.00086786 -0.000162809 0.000171917
0.108667 0.097599 -0.0706037 0.0362848 0.0120039 -0.013361 0.114955 0.112824 -0.103652 0.0322961 0.0131067 -0.00702849
0.141568 0.128995 -0.331235 -0.0155445 0.0130417 0.00241157 0.166068 0.147498 -0.324096 -0.0072061 0.00611232 -0.000519213
0.108365 0.0981604 -0.0740824 -0.00151942 0.00951912 -0.000598085 0.0976335 0.0905117 -0.0783498 4.32925e-05 0.00579132 -6.56341e-05
0.154911 0.153983 -0.319967 -0.000175928 3.10535e-08 -5.75542e-08 0.175071 0.172514 -0.314944 0.000453083 2.64543e-05 -3.48043e-05
0.17104 0.17104 -0.312286 5.05532e-07 -1.01384e-07 -2.48958e-07 0.256897 0.256909 -0.344582 -7.63865e-07 2.43698e-06 -3.03567e-07
0.168885 0.168884 -0.314682 1.16011e-07 8.14437e-08 -6.11825e-08 0.19011 0.190447 -0.298401 -8.84837e-05 2.85861e-07 -1.1644e-09
0.119323 0.153108 -0.337562 -3.85076e-07 1.12951e-07 0.0158064 0.137581 0.167689 -0.325931 7.29741e-07 -2.05528e-06 0.00439703
0.123667 0.157872 -0.340585 -0.0296217 2.52724e-08 7.30753e-08 0.151387 0.160161 -0.323511 -0.00759663 5.91173e-07 7.74661e-07
0.129459 0.12946 -0.327752 -7.14823e-08 5.82828e-09 -2.96935e-08 0.150429 0.150431 -0.327263 -4.97132e-07 -4.05661e-07 3.39516e-07
0.0286017 0.0470323 -0.0670345 0.00987599 -0.00942727 -0.0178581 0.0119373 0.0456324 -0.0782566 0.0121293 -0.00391467 -0.0165625
0.0171034 0.0422402 -0.0655486 0.0236567 -0.0134492 0.00694726 0.0184997 0.0304049 -0.0802449 0.0344793 -0.0149208 0.00834085
0.0395894 0.0549258 -0.1055 0.0201745 -0.019268 0.00219577 0.0385837 0.0541506 -0.104888 0.0115326 -0.0112872 0.00922871
-0.0971927 0.0187318 -0.0773783 -0.0241298 0.0324431 0.0331654 -0.104789 -0.0012483 -0.0848276 -0.0146275 0.00816648 0.0367949
-0.0246883 -0.00681825 -0.0926445 0.00851037 0.0156752 -0.0207141 -0.030128 -0.0215102 -0.0952413 0.0166677 0.0138241 -0.00603457
0.00761591 0.00949301 -0.0861818 -0.0130277 -0.0117252 -0.0120002 0.00420197 0.000155647 -0.124015 -0.00517737 -0.0206437 -0.015495
0.0925471 -0.101833 -0.0593418 -0.00626113 -0.0387669 0.0367355 0.0510512 -0.100678 -0.0551058 -0.0218937 -0.0307332 0.0354277
0.0300599 -0.0121205 -0.113425 0.045202 0.0118288 0.0150463 -0.00576244 -0.0220443 -0.109517 0.044096 0.00632576 -0.00630584
0.0224896 0.0213495 -0.143711 -0.0228032 -0.00663184 0.0184764 0.00426574 -0.00236735 -0.13826 -0.0175253 -0.010177 0.0171467
0.105781 0.0756578 -0.0780319 -0.00162889 0.00446596 -0.00548419 0.0953148 0.0720205 -0.0842375 0.00168898 -0.00126196 -0.00219935
0.0861267 0.115797 -0.098789 -0.00604548 0.004829 0.00655293 0.0724597 0.117232 -0.0951724 -0.00205932 0.00291482 0.00866605
0.218066 0.128843 -0.332413 -0.0570286 -0.0179483 -0.000556154 0.266128 0.165348 -0.327366 -0.0578214 -0.0128281 0.000496317
0.0906495 0.10661 -0.097815 0.00431947 0.00835805 -0.0010077 0.0829614 0.104096 -0.0908243 0.00548179 0.0051343 0.00226468
0.0771594 0.09572 -0.0499283 0.0307849 -0.0046497 -0.00729979 0.0712496 0.0900755 -0.0617511 0.0357093 -0.00235131 -0.00479309
0.102379 0.0906527 -0.0994225 0.00446218 -0.00190625 0.00636322 0.0924994 0.0901494 -0.0955449 0.00425428 -0.00292856 0.00311588
0.0602777 0.0323571 -0.106751 0.0197237 -0.00549604 0.0202404 0.0558903 0.0195604 -0.103507 0.01363 -0.0106393 0.0109452
0.0266257 0.0535005 -0.081623 -0.00456677 -0.00135754 -0.0156023 0.0225538 0.0589212 -0.0788716 -0.0122678 0.0136616 -0.017009
0.0573717 0.031453 -0.12586 -0.0373615 -0.0186326 -0.0131716 0.0607035 0.0147762 -0.127173 -0.0294954 -0.0030331 -0.0164838
0.0849858 0.0835976 -0.0406687 -0.0259461 -0.00604436 -0.00803111 0.0761296 0.0816428 -0.048676 -0.0238375 4.14823e-05 -0.00653467
0.0909704 0.10633 -0.105624 0.00136324 -0.0017598 -0.00197452 0.0852339 0.107121 -0.0982208 0.00548944 -0.00282262 -0.000324021
0.0729386 0.118754 -0.0884066 -0.00447308 0.00619081 0.000536871 0.0667932 0.122707 -0.0876524 0.00220305 0.00107059 -0.000654251
0.0979169 0.0877547 -0.0715764 -0.00786137 0.0072357 0.00396662 0.086262 0.0782137 -0.0799721 -0.00749173 0.0033343 0.00393645
0.0661023 0.100025 -0.0399703 0.0231582 0.00896385 -0.000450295 0.0633449 0.0909101 -0.0499688 0.0219799 0.00335474 -0.00123339
0.0685986 0.0977812 -0.0393035 0.0200513 -0.00209672 0.00562337 0.0664236 0.0916807 -0.0526252 0.0244188 0.00215036 0.00361802
0.0967854 0.0953359 -0.0989684 -0.00330093 0.0026584 0.000201506 0.0917859 0.0969917 -0.0963181 -0.00120625 0.00111555 0.00311153
0.117937 0.115556 -0.161684 -0.00663892 0.00175271 0.00322332 0.117068 0.0974254 -0.143008 -0.00213215 -0.00115345 0.00743004
0.0667921 0.0969361 -0.0375598 -0.0194233 -0.00482388 0.00611014 0.0633326 0.0922701 -0.0449409 -0.0216183 -0.00627658 0.00248615
0.0796869 0.0895075 -0.037639 -0.0293149 -0.0028222 -0.00365761 0.0695098 0.0883604 -0.0544786 -0.0322401 -0.00321646 -0.00124053
0.131185 0.112904 -0.166372 -0.000651015 0.00268002 -0.00896218 0.109513 0.0897642 -0.139156 0.00768479 0.00182202 -0.0200631
0.11587 0.0455369 -0.0271798 -0.00476505 0.0126797 0.00455517 0.0903592 0.0492791 -0.0419717 -0.00478919 0.0069409 -0.0015696
0.0813612 0.116329 -0.0955756 -0.00465604 -0.00131628 -0.0107779 0.0783047 0.121226 -0.0941842 0.000425841 -0.00275854 -0.00190919
0.0906274 0.0959024 -0.0765595 -0.00523514 0.00762579 0.0106048 0.0879628 0.0922993 -0.0714519 -0.00501652 0.00271178 0.00572728
0.046109 0.028178 -0.0579333 -0.00351667 -0.00282295 0.012212 0.0229903 0.0411799 -0.0745898 -0.0052123 0.00100571 0.0170596
0.0207186 0.028894 -0.0051762 0.0289192 0.0180064 -0.0141227 0.00260516 0.0132015 -0.0163606 0.0261248 0.0201011 -0.0108385
0.0633048 0.0534078 -0.134367 -0.0349946 0.0123307 0.0128831 0.0531121 0.0520096 -0.122746 -0.0343817 0.0134564 0.00790443
0.0469464 0.00876392 -0.0283146 0.0249955 0.00908681 0.00184327 0.0246447 0.0104342 -0.0503833 0.0277675 -0.00544921 0.00779803
0.0451173 0.0344586 -0.0610117 -0.0378786 0.00154846 -0.0084251 0.0380278 0.0207764 -0.0634855 -0.0351016 -0.00715796 0.00130264
0.0359296 0.048863 -0.0752835 -0.0291959 -0.00998998 -0.018808 0.020883 0.0453623 -0.090357 -0.0270423 -0.0143165 -0.0112096
0.0133389 0.0443652 -0.0470664 0.00866679 -0.0127923 0.0246282 0.0106581 0.0332685 -0.0571884 -0.00399019 -0.00283897 0.0272022
0.0929201 0.0777711 -0.0404849 0.0152538 0.00434131 0.0180802 0.0706621 0.0812581 -0.0515102 0.0179509 0.00300854 0.00703551
0.0750326 -0.015505 -0.0154116 -0.0407559 0.0129336 -0.0146636 0.0437372 -0.00974596 -0.0383413 -0.0313503 0.00865639 0.00233585
0.0231529 0.0753571 -0.0747007 -0.021638 0.00594157 -0.0134561 0.0164445 0.0449107 -0.0865144 -0.014889 0.00933868 -0.00517871
-0.0206779 0.0751214 -0.0632072 -0.0427646 0.00615423 0.015412 -0.0174786 0.0631758 -0.0634492 -0.0373725 0.00106458 0.0119546
0.051689 0.0799183 -0.155143 -0.00263917 -0.00450818 0.0105787 0.0458589 0.0817221 -0.147657 0.00358744 -0.00365425 0.00812895
0.0693459 0.0380232 -0.142778 0.0127374 -0.044235 -0.012951 0.0590926 0.0368336 -0.141826 0.00701454 -0.0447968 0.0138365
0.0568606 0.034847 -0.0684212 0.0150249 -0.0157135 0.00168052 0.0308952 0.0252717 -0.075207 0.00923451 -0.0135431 0.000800251
0.0321383 0.074616 -0.109156 -0.0124874 0.00909837 0.0105215 0.0276776 0.0654444 -0.0957214 -0.00530653 0.0111766 0.00345756
-0.0067299 0.0693457 -0.0328091 0.0278728 -0.0117831 -0.0203903 -0.0134926 0.0579139 -0.053551 0.0307845 -0.00283241 -0.00638895
0.055202 0.0809056 -0.132215 -0.0320874 -0.0075224 -0.00411807 0.0526553 0.0681361 -0.133357 -0.0321583 -0.00020006 0.00562488
0.0428696 0.067183 -0.180152 0.0373019 0.0176841 -0.00821792 0.0414853 0.0547102 -0.170309 0.0332565 0.0227351 -0.00368538
0.0876654 0.107571 -0.101546 -0.020563 0.00334673 0.00539264 0.0791817 0.113733 -0.097575 -0.0225449 0.00434182 0.00353163
-0.00547015 0.0553784 -0.0398156 -0.0266828 -0.0267423 0.00450717 -0.0132498 0.0319121 -0.0542653 -0.0233532 -0.0132508 0.00473625
0.0214275 0.0401487 -0.0448966 -0.0448466 -0.0133768 0.00709755 0.0171476 0.0282038 -0.0573139 -0.0455144 -0.00557636 0.00219696
0.0275778 0.0314069 -0.0609176 0.0100193 -0.0224519 -0.00654335 0.0111338 0.0193996 -0.0529111 0.00365003 -0.010749 1.53051e-05
0.0311023 0.0556453 -0.0934726 0.0195308 -0.0181866 0.0275828 0.0262645 0.0564402 -0.0984379 0.0229956 -0.0149008 0.00608848
0.0670958 0.0155601 -0.0572714 0.0251927 0.00230044 -0.001498 0.0630173 -0.00293571 -0.0780712 0.0266422 0.0054219 -0.0101692
-0.0643108 0.0358758 -0.0302912 0.0774093 -0.0285076 -0.0343312 -0.071228 0.00436344 -0.0715567 0.0780571 -0.0194111 -0.0244808
-0.0745066 0.0472376 -0.0888153 -0.0048823 0.0117371 -0.0157068 -0.0549774 0.0237096 -0.109331 0.00165451 0.0199026 -0.02408
-0.016762 -0.00895569 -0.10581 0.00265484 -0.00267092 0.000983772 -0.0525968 -0.0129133 -0.119212 0.00623825 -0.00253954 -0.0029093
0.0392734 -0.0159047 -0.135821 0.00520378 -0.00665143 -0.0108738 0.0452059 -0.0197512 -0.172024 0.0109727 -0.0112087 0.00842388
0.0441523 -0.088965 -0.0434434 0.0145799 0.00166032 0.019549 0.0268403 -0.0828545 -0.0721124 0.0181338 -0.00534347 0.0258783
0.197491 0.213196 -0.357451 -0.00795147 -0.00654856 0.00704881 0.209625 0.238472 -0.342862 -0.00276616 -0.0228293 0.00462222
-0.00443192 -0.0251743 -0.0380947 0.0282618 -0.00889687 -0.0162606 -0.0227551 -0.0220685 -0.0554728 0.0216547 -0.00786605 -0.0243586
-0.0166132 0.00156466 -0.0668285 0.051517 0.0215332 0.00206469 -0.0346253 -0.0124549 -0.0795427 0.0550929 0.0203317 0.00786952
0.030863 -0.00335172 -0.141428 -0.0455753 -0.00354494 -0.019786 0.0252693 -0.00722631 -0.156763 -0.0416758 -0.00107069 -0.0342453
-0.00148549 -0.0454247 -0.0558479 -0.00834496 -0.0394691 0.00101878 -0.0351291 -0.0433399 -0.0964923 -0.00442196 -0.0323208 0.0071046
-0.0648646 0.0639928 -0.08726 0.0404719 -0.0211468 0.0280778 -0.063768 0.0521646 -0.124713 0.0446243 -0.0164542 0.0203941
-0.00572654 -0.0182901 -0.0647594 -0.0433626 -0.000768221 -0.0344655 -0.0119864 -0.0374182 -0.082401 -0.0495017 -0.00325784 -0.0299266
0.012225 -0.0346363 -0.0947459 0.00209141 -0.0135313 0.0179429 0.00422497 -0.0316433 -0.143681 -0.000457339 -0.00494759 0.000543198
-0.0672269 0.0284659 -0.0679994 0.00146806 0.00690172 0.0400718 -0.0697358 0.0104946 -0.0795108 0.0136781 0.00608991 0.029678
-0.0326241 0.0145836 -0.076269 -0.0410852 0.0271487 -0.0116303 -0.0446645 0.00514149 -0.0951401 -0.0384402 0.00908834 -0.0190875
0.00787815 -0.0347954 -0.0589253 -0.0124489 0.00422076 -0.0149443 -0.0116287 -0.0613235 -0.0782309 -0.00449373 -0.0139458 -0.0215108
0.0922854 0.108593 -0.0927179 -0.0109816 0.00126375 -0.00121579 0.0819507 0.113444 -0.0967329 -0.00560515 0.00107757 -0.0054983
-0.0415489 0.0129269 -0.10282 -0.0159511 0.00894026 0.0193898 -0.0423607 -0.00430881 -0.115207 -0.00571018 0.00397845 0.00679855
0.0944754 -0.0218384 -0.142216 -0.00102164 0.000443028 0.00254763 0.0755321 -0.0242054 -0.142939 -0.00875269 0.0126719 0.0101883
0.00580229 -0.0224119 -0.107716 -0.0429978 -0.00905171 0.0109501 -0.018735 -0.0390421 -0.108876 -0.0484009 -0.00683674 0.00513961
-0.0416202 -0.0051908 -0.0844257 -0.0411078 0.00261158 0.0468348 -0.037987 -0.0513545 -0.0935529 -0.0212978 0.0129937 0.020914
-0.0192614 -0.0179865 -0.0268131 0.0289193 0.0224829 -0.00632997 -0.0498121 -0.0364939 -0.0284209 0.0353726 0.00546706 -0.00183625
0.0066213 0.00063771 -0.115569 -0.00117438 0.0210747 0.0165412 -0.0272008 -0.0113279 -0.124629 -0.0114165 0.0111163 0.0141081
-0.0466458 -0.020529 -0.0505914 0.0770364 0.0127345 -0.0307885 -0.0805953 -0.0266298 -0.0550593 0.0730999 0.0155603 -0.0242476
0.248304 0.153634 -0.367713 0.0327906 0.026776 0.0140611 0.264198 0.16268 -0.348912 0.0502906 0.0233648 0.00492142
0.0665481 0.102167 -0.040227 0.0139758 -0.0155136 -0.00298113 0.0665208 0.0890635 -0.051149 0.015562 -0.00671035 -0.00248219
0.106922 0.0506037 -0.0159433 -0.00517234 -0.000112176 -0.0030159 0.0743979 0.0556312 -0.0324569 -0.00230542 0.00212206 -0.00372696
0.0946876 0.0905138 -0.0541501 -0.0089825 0.0137194 -0.00866573 0.078705 0.0868831 -0.0620251 -0.0133948 0.0110655 -0.0051647
0.121541 0.129014 -0.19336 0.00205998 0.000615954 0.00300109 0.125007 0.13266 -0.186773 0.00382721 -0.000808288 -9.34408e-05
0.126439 0.12549 -0.210552 -0.0112435 5.03684e-08 7.47521e-08 0.123409 0.135345 -0.192975 -0.00960709 0 0
0.117922 0.132997 -0.20053 -0.00705931 -0.000613425 -0.0024458 0.12397 0.132465 -0.193222 -0.00491096 -0.00187505 -0.00223504
0.149069 0.127204 -0.337125 -0.0168767 -0.000599346 0.0091734 0.156721 0.137622 -0.332286 -0.0127511 0.00507742 0.00892493
0.0619606 0.0952036 -0.168302 -0.0360652 0.0118217 -0.00985756 0.0590303 0.0870022 -0.177396 -0.0276809 0.00354095 -0.0114385
0.0968271 0.0634393 -0.208397 0.0107827 0.00571163 8.81459e-06 0.0930911 0.0553994 -0.210845 0.0154406 0.00574919 -0.00077131
0.05486 0.0768748 -0.184263 -0.00897828 -0.017867 -0.0107648 0.0685099 0.0849797 -0.18303 -0.00524086 -0.00941705 -0.00493285
0.0738864 0.0686244 -0.183106 0.0181348 8.39294e-05 0.0156668 0.0764231 0.0714126 -0.195804 0.0123627 -0.00972781 0.00857094
0.0681845 0.0714105 -0.19211 -0.0204047 -0.0093644 0.00670659 0.0673315 0.0674776 -0.189385 -0.0123583 -0.011914 0.00548644
0.0576409 0.085712 -0.1844 -0.0316229 0.00028615 -0.000857493 0.0599869 0.0820866 -0.195786 -0.023322 -0.000738955 -0.00462934
0.17936 0.17988 -0.338011 0.00766669 4.15237e-08 1.34969e-08 0.192578 0.201646 -0.321192 0.0127347 0 0
0.0894463 0.0630481 -0.20523 0.0081145 0.00142097 -0.0148918 0.0997645 0.0568931 -0.209164 0.00710472 -0.00605116 -8.81971e-05
0.082266 0.0767215 -0.213841 0.0236226 0.00990793 0.00369387 0.0851599 0.0700037 -0.213441 0.0224288 0.00268106 -0.00678156
0.0591048 0.0713173 -0.173264 -0.00816083 0.000284474 0.0017299 0.055623 0.0746059 -0.174123 -0.00236101 0.00143077 0.00662265
0.0982212 0.0277261 -0.204978 0.0311182 4.31025e-08 -7.84466e-08 0.094135 0.0272633 -0.205225 0.0288084 0 0
0.0473796 0.0761979 -0.176963 -0.0263439 -0.011608 0.000658769 0.0499009 0.0705472 -0.18848 -0.0213239 -0.00647245 0.000368161
0.0407662 -0.00469703 -0.212005 0.0132277 -0.00610581 0.00172136 0.0481929 -0.0182516 -0.210459 0.011729 -0.00908355 0.00566524
0.0142541 0.00386503 -0.177009 -0.0432785 0.0103021 -0.0241394 0.00876995 -0.00324934 -0.181434 -0.039921 -0.0104921 -0.0357899
0.016335 0.01935 -0.175662 -0.0257791 -0.0124653 0.026565 0.00376291 0.0115409 -0.177576 -0.0199481 -0.00442733 0.0140825
0.0575426 0.00679054 -0.214289 -0.00360852 0.00642615 -0.0189945 0.0290724 0.0104941 -0.206659 -0.0053164 0.0107049 -0.0115275
-0.000830852 0.0448608 -0.198256 -0.0617413 0.00285629 0.00692171 -0.0025539 0.0243079 -0.207686 -0.05943 -0.0135211 0.00647298
0.133393 0.12106 -0.206668 -0.00478753 0.00892025 0.000343844 0.141204 0.128219 -0.198228 -0.00379094 0.00345511 0.000504601
0.03537 -0.00966099 -0.245348 0.00912494 -0.028374 -0.00354841 0.0312778 -0.000319104 -0.2569 0.0115971 -0.0123733 -0.00619346
0.0150274 0.00281075 -0.208464 -0.00753908 -0.013545 0.0173375 -0.00149353 -0.00311551 -0.215256 0.0130206 -0.00664474 0.00786414
0.0452414 -0.0152471 -0.203594 -0.0277836 -0.00707143 -0.00609327 0.0259022 -0.0241439 -0.212958 -0.0155027 -0.0197494 0.00135419
-0.0419756 0.0744732 -0.139546 0.051614 -0.0223578 0.0222381 -0.0414173 0.0651816 -0.157867 0.0648941 -0.0248891 0.018378
0.0220805 0.0386871 -0.198707 -0.0265875 0.0153077 0.00717175 0.0143316 0.0220915 -0.209417 -0.0390801 0.00800744 0.0131212
-0.0128393 0.0736712 -0.260119 0.0214824 -0.00305593 0.00153763 0.0110083 0.06545 -0.26163 0.0177656 -0.00211083 0.00255276
0.0407562 -0.0183665 -0.174543 0.0110768 0.00962215 0.00996777 0.0448988 -0.0194501 -0.186513 0.00555441 0.00329454 0.0114926
0.178959 0.193026 -0.343909 -0.00685068 5.35705e-08 -7.87425e-08 0.190634 0.215241 -0.330329 -0.00610185 0 0
0.191773 0.172372 -0.336364 -0.0165994 3.88021e-08 1.83564e-08 0.203781 0.193608 -0.320058 -0.00974544 0 0
0.194525 0.178377 -0.344368 0.00499363 -6.87906e-08 1.22961e-07 0.204246 0.193789 -0.321947 0.0103882 0 0
0.139027 0.109614 -0.182357 0.00311661 0.00731969 -0.00591625 0.137983 0.116792 -0.177959 0.00179153 0.00448662 -0.00124113
0.126229 0.121032 -0.196088 0.0104968 0.00181277 0.00225392 0.129824 0.129593 -0.18874 0.0107175 -0.000186389 0.00543867
0.129255 0.116403 -0.181411 0.00464463 -0.00785852 0.010985 0.127555 0.121577 -0.176318 0.00317037 -0.00409123 0.00398171
0.126423 0.124961 -0.192253 -0.00260301 0.000821227 0.00196272 0.127341 0.130721 -0.187658 0.00102589 -0.00177468 0.00144744
0.116808 0.116811 -0.329937 -6.81743e-08 -3.29748e-07 -4.82268e-08 0.134315 0.134327 -0.332133 1.95614e-07 2.36615e-06 -2.43429e-06
0.125901 0.121802 -0.327553 0.00355021 5.03515e-08 1.11759e-07 0.142174 0.140173 -0.339639 0.00173295 2.52648e-06 3.4173e-06
0.141489 0.0904416 -0.330502 -0.00571565 -0.0431983 -0.00216627 0.145795 0.111109 -0.313823 -0.00637485 -0.0329192 0.00830084
0.130839 0.0599107 -0.217961 -0.0412419 -0.00926004 0.0517457 0.113571 0.0571593 -0.200993 -0.0259033 -0.0061864 0.0515933
0.0594609 0.150795 -0.246733 -0.068334 0.000621045 0.00361065 0.0473684 0.140396 -0.259922 -0.0578651 0.000920623 0.00626181
0.113838 0.113855 -0.364268 1.85295e-07 -4.9398e-08 -5.23827e-08 0.110332 0.110377 -0.353281 8.15901e-06 3.32633e-05 1.0177e-05
0.0959154 0.123154 -0.274163 -0.029165 0.0473954 -0.020564 0.0831326 0.130246 -0.297437 -0.0525664 0.040567 -0.0167984
0.0693204 0.0729533 -0.135987 0.00953192 -0.0277021 -0.0432397 0.0698 0.0764084 -0.157369 0.00185622 -0.0219316 -0.0291958
0.0987688 0.117987 -0.332595 -0.0166432 0.00809504 0.0140223 0.115645 0.136995 -0.312998 -0.0184885 0.00733094 0.0126982
0.036077 0.133274 -0.163593 0.0587558 -0.0833676 -0.0355708 0.0279334 0.124314 -0.21496 0.0584649 -0.0710225 -0.0117486
0.131279 0.131275 -0.313055 -1.46253e-07 -1.82509e-07 -1.13408e-08 0.142847 0.142847 -0.305561 1.5379e-06 8.30403e-07 -1.42975e-06
0.112003 0.087302 -0.335994 -0.0164096 -1.13901e-06 8.32083e-08 0.113349 0.0962276 -0.305448 -0.0230731 -3.3865e-06 4.96707e-07
0.0596178 0.151693 -0.24903 -0.0164267 -0.0339472 -0.0876955 0.06025 0.114196 -0.274867 -0.00299023 -0.0135309 -0.0814819
0.0905724 0.107996 -0.344767 -0.015088 -0.00884556 -0.0153197 0.0940566 0.110216 -0.317805 -0.0139948 -0.0135302 -0.0234365
0.106495 0.106504 -0.33162 -1.99822e-07 3.64272e-06 1.3521e-07 0.119732 0.119758 -0.31308 6.67827e-07 2.29437e-06 -1.65749e-07
-0.143643 0.11049 0.0602832 -0.207149 0.0277194 0.0489358 -0.103712 0.113567 0.099119 -0.18759 0.0335527 0.0557403
0.0517638 0.086719 -0.173114 0.00370151 8.34634e-07 4.87182e-07 0.0532193 0.0689377 -0.181155 0.0214853 2.28417e-06 9.31001e-08
0.102178 0.106156 -0.332568 0.00344562 -0.00414704 0.00718268 0.113664 0.12044 -0.309955 0.00578865 -0.0045321 0.00784318
0.10434 0.0582238 -0.308297 -0.00903962 0.00735422 -0.0166252 0.107843 0.0662093 -0.320904 -0.00569288 0.000477425 -0.00572534
0.0444182 0.097781 -0.314664 -0.0156386 0.00395426 -0.00158552 0.0586431 0.100604 -0.313734 -0.0163458 0.013457 0.00015902
0.102961 0.072267 -0.317861 0.0327526 0.00510471 0.00250829 0.0979104 0.0824037 -0.317909 0.0268401 0.00449499 0.00443366
0.117661 0.117656 -0.304065 -1.01924e-07 7.39917e-08 -3.4295e-08 0.141167 0.141162 -0.291084 -2.34229e-07 -6.67953e-09 -1.86878e-07
0.0733845 0.0698417 -0.289642 -0.00690984 0.010224 -0.00774476 0.0786117 0.0689154 -0.307375 -0.00887094 0.0231825 -0.00434011
0.0178691 0.138406 -0.360745 0.0355914 -0.0120879 -0.00610901 0.0361051 0.137603 -0.360387 0.0312215 -0.00972191 0.00122161
0.0351926 0.0866601 -0.281081 -0.0313829 0.00102417 0.00206917 0.0411134 0.0720239 -0.295913 -0.0368742 0.000279498 0.00144171
0.19169 -0.0284622 -0.281255 0.0131441 -0.0139173 0.00376886 0.178034 -0.0382301 -0.281946 0.016913 -0.00949973 0.00897271
0.0569345 0.108972 -0.32145 -0.0168374 0.00262266 0.0120904 0.0569283 0.115746 -0.327542 -0.00936143 0.000968182 0.0103139
0.125208 0.0486234 -0.229945 -0.0167401 3.19644e-05 0.00233178 0.128915 0.0439313 -0.241402 -0.0140993 -0.00132099 0.00313476
0.0662897 0.0974593 -0.298567 0.00240331 0.0269713 -0.000307119 0.0602835 0.108021 -0.27465 0.00244166 0.0249944 0.000144879
0.029123 0.0770213 -0.250295 -0.0233961 0.0024676 -0.000434443 0.0181209 0.0805659 -0.295035 -0.0354497 0.00110652 -0.00305132
0.119954 -0.0214918 -0.209359 -0.0403196 -0.0303154 0.00932375 0.0959319 -0.041202 -0.182065 -0.0392702 -0.0284263 0.0082978
0.096723 0.0212996 -0.217423 -0.0275519 -0.0252883 0.031768 0.0815598 0.0216836 -0.195751 -0.0235941 -0.0200849 0.0227664
0.125001 0.131333 -0.305836 -0.0054837 0.00292645 0.00506823 0.141891 0.141997 -0.314882 -9.59706e-05 9.92771e-05 0.000177052
0.0077997 0.0824185 -0.24601 -0.0496772 0.0234105 -0.00374265 0.00708398 0.077811 -0.255292 -0.0392361 0.0186146 -0.00673758
0.0726456 0.07324 -0.32009 0.00501517 0.00749134 0.00227693 0.0578051 0.0536149 -0.302045 0.00877421 0.00485644 0.00336463
0.0473669 0.052767 -0.16429 -0.039952 -0.0463155 -0.0594841 0.0264312 0.051134 -0.203295 -0.0613144 -0.0471836 -0.0437801
-0.028504 0.110076 -0.23197 -0.0126351 0.0719404 0.0203077 -0.0351142 0.118873 -0.220436 -0.0123492 0.0345249 0.0089325
0.00790883 0.0975643 -0.236981 -0.0474129 0.0113942 0.0263968 0.0543889 0.0927262 -0.244327 -0.0455906 0.0194289 0.0178759
0.00735127 0.0602102 -0.177745 -6.60798e-05 -0.0621678 -0.0174866 -0.00784555 0.0408597 -0.203688 0.0174116 -0.0501492 -0.0116584
0.0788248 0.0059337 -0.226528 -0.109814 -0.000505644 -0.00877973 0.104877 0.025554 -0.23663 -0.123835 0.00945563 -0.00437374
-0.0249126 0.0375964 -0.0454045 -0.0286939 -0.0330463 -0.00532751 -0.0146924 -0.0273397 -0.0835999 -0.017719 -0.0168181 0.00323914
0.0235336 0.0573096 -0.164951 0.0750583 0.058746 0.0533703 0.0116074 0.0581826 -0.210024 0.0864581 0.041746 0.0664419
0.065925 0.0781368 -0.32835 0.0188634 0.0165241 -0.00501837 0.0647316 0.0807079 -0.298666 0.0162005 0.010005 -0.00434365
0.149413 0.100103 -0.322028 0.00304136 0.00549075 0.00737648 0.164685 0.123175 -0.317535 -0.00309396 0.000546141 0.00831978
-0.141096 0.0317739 0.0406227 -0.179967 -0.0136266 0.0508406 -0.135126 0.0461655 0.0590521 -0.160492 -0.00271811 0.04431
-0.0639565 0.105867 -0.218007 0.00566755 0.00354713 -0.0156347 -0.0817247 0.135671 -0.230749 0.00964699 0.00582161 -0.00694105
0.0656763 0.0575824 -0.333789 0.0132002 -0.0189782 0.0203033 0.0601756 0.0696598 -0.317665 0.0216159 -0.00787842 0.0162991
0.0373878 -0.0201905 -0.243214 -0.0179752 0.00852862 -0.00634363 0.0285503 -0.0401517 -0.252923 -0.0295394 -0.0102204 0.00233053
-0.0304624 0.0468602 -0.238451 0.064481 0.00569017 0.0034763 -0.0360086 0.0478251 -0.245027 0.0661823 0.000709206 0.00285874
0.0387127 -0.000293955 -0.24046 0.000853562 -0.00528369 -0.0134764 0.0161137 0.00830424 -0.25859 -0.00374627 0.00199961 -0.0155461
0.0473228 0.00639027 -0.308673 0.0119904 -0.0419044 0.00911832 0.0265455 0.00727592 -0.313139 0.0151987 -0.0487567 0.0195866
0.0750692 0.00322656 -0.315976 -0.0143707 -0.00033834 0.00504892 0.0588081 0.00948484 -0.330107 -0.00296207 0.00288197 -0.00444555
0.013908 -0.00774572 -0.262549 -0.0214112 0.00319184 0.0354316 0.00817525 -0.0191169 -0.254801 -0.00535686 0.0100581 0.0403317
0.0137286 0.000257637 -0.204641 -0.00772748 0.0303775 -0.0120419 0.00276216 -0.00302681 -0.217716 -0.0156841 0.0241083 -0.0148179
0.108891 0.14214 -0.327295 0.0287808 2.13891e-07 -3.47644e-07 0.124977 0.148977 -0.309104 0.0207932 7.78391e-07 2.26033e-06
-0.010802 0.0639071 -0.266784 0.00474934 0.00426591 -0.00537245 -0.0199433 0.053184 -0.278744 0.0124879 0.0166641 -0.00945935
0.0368041 -0.0241718 -0.220226 0.0493485 -0.019714 0.00701646 0.0207643 -0.036399 -0.233148 0.0554797 -0.0239251 0.00551552
0.0335117 0.0378462 -0.311093 0.0231354 -0.0330995 -0.0372206 0.0184865 0.0313289 -0.314488 0.038217 -0.0280656 -0.0419904
-0.0405058 0.0210732 -0.242571 -0.0118564 0.014997 0.00533318 -0.0371711 0.0197056 -0.27662 -0.0175053 0.00483946 -0.00691099
0.0157737 -0.0224864 -0.233764 -0.0500165 -0.0232314 -0.00123832 0.00666527 -0.0462885 -0.242372 -0.0297763 -0.00736393 -0.00197366
0.0324635 0.0118642 -0.270056 -0.0124828 -0.0417234 0.00340962 0.0330132 0.0116465 -0.286362 -0.010794 -0.0319444 0.00666665
0.0650172 -0.00867981 -0.210336 -0.0291597 -0.0505156 -0.0093174 0.0445627 -0.0317013 -0.234126 -0.0129091 -0.0282719 -0.0188186
-0.0218071 0.0673845 -0.324859 0.0242214 0.00317336 -0.0183197 -0.0300598 0.0482679 -0.331719 0.0239716 0.00377239 -0.00185329
0.036928 0.0152204 -0.270499 0.0651696 -0.0403797 -0.026329 0.0515571 0.0033142 -0.278633 0.0611172 -0.0433475 -0.0310843
-0.0538964 0.061471 -0.262724 0.0462926 0.0448209 0.0506726 -0.0707423 0.0814269 -0.252444 0.0546421 0.0367434 0.0511803
0.100852 0.157834 -0.291217 -0.00601 -7.7486e-08 4.55141e-07 0.112568 0.152333 -0.286301 -0.0164105 -5.5812e-07 2.32756e-06
0.0430741 0.00245538 -0.238359 -0.0664168 -0.0066052 -0.0154334 0.0511885 -0.00315955 -0.237665 -0.0716375 0.0051724 -0.00518173
-0.200777 -0.0246062 0.0138979 0.15826 -0.142567 0.0131964 -0.193992 -0.0272165 0.015459 0.147819 -0.136271 0.00995294
0.0247675 0.0353316 -0.217597 -0.0321038 -0.022648 -0.00103568 0.0171657 0.0276713 -0.230221 -0.0404738 -0.0275337 0.0053572
-0.0400005 0.00706289 -0.071463 -0.0477631 -0.0138654 0.0572635 -0.0694328 -0.00372073 -0.104449 -0.0472171 -0.0245663 0.0380196
-0.218701 -0.0123932 0.0290337 0.162635 0.0170499 -0.0148261 -0.192534 0.0162082 0.0209208 0.151706 0.00664839 -2.45616e-06
0.042146 -0.266148 0.00369701 0.0382176 0.0628432 -0.0521463 0.0369298 -0.257501 0.0141135 0.0145382 0.0548354 -0.0497928
-0.0820747 -0.194212 0.0247714 -0.181028 0.0687823 0.0470984 -0.0981344 -0.179075 0.0019691 -0.166939 0.0770791 0.0320361
-0.0177905 0.0670744 -0.278783 -0.0398921 0.00141654 0.0358835 0.00127408 0.0880788 -0.270352 -0.0556972 0.00965416 0.0218599
-0.177783 -0.0281219 0.015061 0.0879421 -0.0194486 0.0216465 -0.154571 -0.0510446 -0.0278153 0.0863716 -0.0210635 0.00752896
0.124679 0.132012 -0.335094 -0.0154095 0.0147834 0.00506006 0.151101 0.147551 -0.332315 -0.00934155 0.00623938 -0.00173831
0.10614 0.14943 -0.335016 -1.85072e-07 -3.35276e-07 0.0119707 0.123212 0.165844 -0.319754 -2.79482e-06 -2.92092e-06 0.00592244
0.128321 0.143251 -0.285613 0.00321243 3.25441e-08 2.27839e-07 0.134197 0.134453 -0.293749 0.00763447 -4.079e-06 -6.25867e-07
-0.0221091 -0.0325422 -0.00131777 -0.00893431 0.00858662 -9.00544e-05 -0.00578795 -0.0145964 -0.0225898 -0.00770703 0.000895816 0.000228156
-0.0730955 -0.0730956 -0.0504417 -5.66138e-06 -7.53573e-07 -2.32565e-07 -0.0553045 -0.0553045 -0.0744204 0 0 0
-0.599895 -0.848493 -1.20417 -0.0196889 0.0314579 0.0454042 -0.640567 -0.835868 -1.17998 0.0250894 0.0525828 0.0203391
0.523851 0.581666 0.672397 -0.0205614 -0.122811 0.0121093 0.515487 0.597704 0.676036 -0.0213942 -0.108513 0.0126584
4.06064 3.49836 3.44054 1.54629 0.81719 1.25809 4.12089 3.5929 3.63292 1.54808 0.883535 1.31859
-0.360257 -0.441816 -0.110685 0.0447461 0.00163623 0.0289506 -0.337797 -0.446493 -0.0570939 0.0182006 0.00857056 0.0134056
-1.65543 -1.17209 -1.25629 0.0144054 0.0135984 0.00709291 -1.62337 -1.16307 -1.34662 0.0234248 0.00704574 0.0027713
1.72018 1.6511 1.68531 -1.65161e-08 4.22012e-08 -0.00392427 1.57802 1.62069 1.65695 0 0 -0.00374276
-2.67311 -2.67283 -2.85124 0.0159699 0.00286218 0.0234371 -2.63241 -2.64167 -2.86357 0.0142203 0.0161536 0.0139309
1.10191 1.03017 1.12141 -0.0251187 0.00533005 0.00743454 1.04547 0.978945 1.23292 -0.0353958 0.0310219 0.0149615
0.0618841 0.0618841 0.061884 -1.59602e-09 6.34651e-10 -5.62728e-09 0.0781074 0.0781074 0.0781074 0 -0 0
0.438349 0.525452 0.368779 -0.167943 0.19846 0.0484826 0.341185 0.465028 0.33451 -0.170632 0.200633 0.0718636
12.978 12.1854 12.8302 2.3073 -2.32262 -1.64256 13.0409 11.8777 12.9232 2.10353 -2.14817 -1.77333
-0.494141 -0.333514 -0.244467 0.186292 -0.0582971 -0.0828124 -0.558282 -0.37221 -0.171653 0.226593 -0.069225 -0.104446
3.95405 3.2359 2.86956 -0.289258 -1.48901 0.568204 3.91216 3.40668 2.98501 -0.37284 -1.43631 0.76205
0.657202 0.750493 0.710241 0.0237414 -0.0432274 0.00281913 0.636639 0.814402 0.68145 0.0399666 -0.0491732 0.00572889
-1.37597 -1.54538 -1.22189 0.109362 -0.0348753 0.133219 -1.40478 -1.55918 -1.20397 0.110387 -0.0392434 0.0976685
-2.19181 -2.19182 -2.23592 -3.67356e-08 -4.33986e-06 6.39656e-09 -2.18877 -2.23872 -2.28462 0 0.00353083 0
-1.64914 -1.619 -1.91036 -0.0107095 -0.000659892 -0.00176058 -1.65512 -1.64742 -1.92557 -0.0107655 0.00341833 0.000573056
-0.611668 -0.676168 -0.207892 -2.29806e-06 0.0259603 2.79183e-06 -0.7023 -0.551111 -0.083896 0 -0.005452 0
2.16836 2.16381 2.1485 0.0595459 0.0086059 -0.0090478 2.1128 2.10448 2.15739 0.0594624 -0.00682454 0.0024513
-1.24021 -0.952337 -0.829158 0.0199397 -0.0168363 0.116484 -1.2407 -0.964051 -0.797277 0.0279073 -0.025921 0.128657
1.1018 1.1018 1.27998 6.8027e-08 2.21811e-07 2.68292e-07 1.0213 1.0213 1.46226 0 0 0
-0.853325 -0.730495 -0.702804 1.07975e-08 0.0112319 -1.66468e-08 -0.789598 -0.626658 -0.611285 0 0.0170108 0
-2.28016 -1.99029 -2.15004 0.115891 -2.43429e-05 0.029033 -2.38771 -2.06919 -2.15644 0.0914662 0.0242833 0.00763125
0.135423 0.117522 -0.0790438 -0.0115697 0.00883044 -0.00975531 0.14627 0.133424 -0.0999915 -0.0154906 0.00725185 -0.00557435
-0.384284 -0.0906033 -0.608724 0.0967174 -0.180081 -0.179013 -0.382236 -0.0963519 -0.63964 0.101946 -0.151286 -0.145442
2.92038 2.92825 2.77927 -5.52785e-09 1.82659e-08 6.72956e-09 2.84674 2.81653 2.8684 0 0 0
-1.09029 -0.777077 -0.79668 0.0680116 -0.0617305 -0.157212 -1.10773 -0.794115 -0.787986 0.0656881 -0.0665187 -0.163517
-0.725661 -0.683703 -0.733857 -0.00237349 -0.00336381 -0.000173693 -0.734977 -0.654432 -0.726416 -0.00160208 -0.00966771 -0.00706708
-0.077329 -0.0773289 -0.0773288 1.2741e-08 -1.16519e-08 5.74986e-09 -0.0246275 -0.0246275 -0.0246275 -0 -0 0
-0.795434 -0.848518 -1.08124 -0.00896819 0.0472335 0.0777127 -0.858138 -0.888241 -1.03984 -0.0185048 0.0670212 0.0676216
0.333464 0.191552 0.616941 0.0931056 0.0371913 0.233298 0.331467 0.161774 0.608093 0.108481 0.0301815 0.161695
1.90676 2.03143 1.97627 -0.020914 0.00297946 0.00221991 1.84913 1.98816 1.97817 -0.0209796 0.00867796 0.00713731
1.97505 1.97505 1.97505 -7.75985e-08 2.98023e-08 -9.22185e-08 1.94883 1.94883 1.94883 -0 0 -0
-0.87906 -0.76494 -0.878801 0.00134623 0.00274384 0.0531528 -0.912657 -0.789978 -0.869463 0.0033725 -0.00152778 0.0579397
1.30194 1.4119 1.30194 0.0169653 -0.0169654 -0.0901347 1.44679 1.53706 1.44679 0.00503146 -0.00503146 -0.0587106
42.2481 41.5164 49.2059 19.2867 -5.82178 -2.92669 42.2649 41.5119 49.2061 19.273 -5.8351 -2.91983
-0.743919 -0.651938 -1.09485 -0.115899 0.268919 -0.0757434 -0.80909 -0.694452 -1.0978 -0.12302 0.275167 -0.0708769
22.8359 23.3477 19.7793 0.761427 0.141841 -1.37147 22.8437 23.3419 19.83 0.86131 0.13316 -1.23356
-0.702252 -0.642914 -0.119287 -0.101944 -0.0889703 -0.183181 -0.727441 -0.612578 -0.141204 -0.0919637 -0.0638635 -0.154737
-1.97418 -1.9742 -2.29903 -3.87161e-08 8.25315e-08 2.55478e-08 -1.97118 -1.99007 -2.2934 0 0 0
-0.0192744 -0.0128122 -0.197904 0.0530025 0.00629463 -0.0156894 -0.0227288 -0.0299092 -0.211727 0.0461004 -0.000193148 -0.000440926
2.39708 2.37724 2.3446 -0.00701876 0.0073739 -0.00686309 2.32724 2.28698 2.36389 -0.0128698 0.00837611 -0.00552093
-2.57693 -2.47859 -2.12599 0.0920642 0.0091245 -0.00117469 -2.52931 -2.42782 -2.11366 0.0749028 0.0153048 0.00121231
-0.130163 -0.158241 -0.145587 -0.000294512 0.0582499 0.0077083 -0.188387 -0.229238 -0.170342 0.000656667 0.0563267 0.012855
-1.29291 -1.5189 -1.57766 0.0713017 -0.00188856 -0.037557 -1.3958 -1.59752 -1.5393 0.0715104 -0.0146925 -0.0617931
-0.960965 -0.964625 -1.06244 0.119791 -0.12299 -0.00568416 -0.997022 -0.976846 -1.03866 0.152412 -0.12529 0.014043
1.58433 1.58099 1.54379 0.0201764 0.0130723 0.0712178 1.53208 1.5526 1.60049 0.00130315 0.0166177 0.0683549
1.8555 2.03616 1.95317 -0.0616534 0.0356977 0.00130019 1.7986 2.02051 1.9514 -0.0697614 0.0280944 -0.0210212
-0.570204 -0.502437 -0.2375 -0.0148297 -0.0362574 -0.00864779 -0.591922 -0.384936 -0.157953 -0.00822833 -0.0175606 -0.00944278
0.0861621 0.115187 -0.095097 -0.0101097 -0.00204626 -0.00260294 0.098988 0.132846 -0.110408 -0.00939333 -0.000306574 -0.000156019
-0.211802 -0.175427 -0.394855 0.0276854 -0.0174295 -0.000646667 -0.22684 -0.185062 -0.414164 0.0280343 -0.00950074 0.00372389
-0.285207 -0.387317 -0.492754 0.0164846 0.00212348 0.00355606 -0.308847 -0.392938 -0.496456 0.0329752 -0.00258546 -0.0276054
2.31499 2.28279 2.44812 0.022393 -0.281084 0.0669417 2.34727 2.2212 2.47658 0.0258515 -0.218485 0.0208992
4.0849 4.20104 4.01399 -0.259244 0.290764 -0.0945473 4.25446 4.00756 4.16835 -0.28989 0.31014 -0.04952
3.30422 3.83035 4.10142 0.385328 0.193419 0.131733 3.33157 3.88163 4.25253 0.47388 0.353505 0.25914
-2.23781 -2.22867 -1.59035 -0.0498133 -0.0149572 -0.230236 -2.38852 -2.23333 -1.63427 -0.0415942 0.00199292 -0.208583
8.96135 8.52921 8.48645 0.360025 -0.0259288 -0.475142 8.94145 8.56822 8.49755 0.410105 -0.00117 -0.55486
1.7618 1.67842 1.68613 0.0284887 0.00306496 0.000275896 1.71119 1.66388 1.68731 0.0584919 -0.00116657 -0.0421347
-2.28495 -2.13071 -2.18391 -0.000485873 -0.0179825 0.00509779 -2.25868 -2.12133 -2.12877 0.0158728 -0.00175611 0.0236669
-0.508147 -0.363018 -0.201322 -0.00515369 0.0387369 -0.0300012 -0.529102 -0.316918 -0.0952225 -0.0092795 0.016599 -0.0409505
-1.05671 -0.808959 -0.89286 -0.0198859 -0.06403 0.117671 -1.06062 -0.814792 -0.97042 0.0214464 -0.0495663 0.136303
-0.0982568 -0.0982569 -0.0982568 4.89602e-07 4.69185e-07 4.03759e-07 -0.08904 -0.08904 -0.08904 0 0 -0
-2.44493 -2.26724 -2.3469 -0.0549248 0.0687313 0.0308498 -2.37181 -2.22321 -2.32173 -0.0669446 0.0685984 0.016268
-1.59692 -1.59492 -1.93198 0.00270461 0.000589534 0.00188108 -1.61424 -1.64378 -1.95628 0.003235 0.00088713 0.00141389
-0.353239 -0.994457 -0.722885 -0.0714241 0.1393 -0.0439522 -0.286918 -0.930851 -0.702963 -0.102588 0.122611 -0.0101984
0.612607 0.108526 0.766099 0.24825 -0.0638464 0.0803123 0.588816 0.108746 0.731652 0.206451 -0.0226266 0.0540801
0.12181 0.0840925 -0.104483 -0.000697633 -0.00873929 0.00395948 0.13085 0.100423 -0.126661 -0.00191241 -0.00592602 0.00496278
2.48758 2.46046 2.39586 -0.00687859 0.000730925 0.000839292 2.43224 2.37097 2.41487 -0.00670704 -3.94444e-05 -0.00130944
-1.90378 -1.54418 -1.47548 0.000724096 -0.00615029 -0.0108366 -1.83499 -1.53 -1.61175 -0.0017062 -0.0073963 -0.00836944
-0.784329 -0.65488 -0.745548 -0.109754 0.0294324 0.00444213 -0.806424 -0.664816 -0.753643 -0.0765002 0.00816685 0.0184463
-1.22542 -1.01208 -0.788712 0.0475124 -0.113037 -0.0446685 -1.21012 -1.01624 -0.7637 0.0611207 -0.0969342 -0.0255961
-2.38288 -2.36325 -2.38257 0.00562874 -0.0186837 0.0178915 -2.37269 -2.30283 -2.35115 0.00999176 -0.0280465 0.0347602
2.03716 2.03716 2.03716 -5.13945e-08 -4.32594e-09 -3.36478e-09 2.05213 2.05213 2.05213 0 -0 0
-2.02079 -1.95252 -2.10847 -0.0470385 -0.00997173 -0.017179 -2.00581 -1.92645 -2.12601 -0.0528942 -0.0110331 -0.0141864
2.50118 2.51924 2.43265 -0.00628922 0.00104185 0.00167769 2.44576 2.42415 2.45173 -0.00680102 0.0011487 0.00260676
-2.46149 -2.51897 -2.78996 0.0363002 -0.00698472 0.010326 -2.40907 -2.45606 -2.8256 0.0201108 -0.0166069 -0.00701462
3.579 3.3498 3.94317 -0.0554502 -0.155298 -0.0178108 3.43677 3.30636 4.02167 -0.145352 -0.0393037 -0.0768109
5.67106 5.57224 5.10635 -0.00203918 -0.00042436 0.293926 5.73678 5.47609 5.42443 0.00187231 0.0103585 0.238178
0.279415 0.207633 0.0271511 -0.00864498 0.053193 0.0273278 0.237734 0.221498 -0.0285312 -0.0435048 0.0581642 0.0495032
-1.26693 -1.10022 -1.09906 -0.0102061 -0.102742 -0.00307926 -1.28569 -1.09677 -1.07129 -0.0058687 -0.103715 0.00199083
0.881823 1.07796 1.1081 -0.0234022 -0.02065 0.0294551 0.889056 1.08485 1.12357 -0.00820861 -0.0100949 0.0374194
-1.22562 -1.07183 -1.31978 -0.0102984 -0.195792 -0.0176744 -1.25979 -1.10783 -1.35639 -0.0131063 -0.178765 -0.0099388
0.189262 0.165058 -0.0618386 -0.00588116 0.000805934 0.000890435 0.191593 0.165246 -0.0817441 -0.00657815 0.000157407 0.00103361
-0.144761 -0.144771 -0.400769 5.5503e-08 -4.63507e-06 -1.46035e-08 -0.188426 -0.1902 -0.421698 0 0.00426271 0
2.5705 1.30586 1.37678 0.0163061 -0.000839333 -0.000730082 2.4399 1.37223 1.28368 0.0174739 0.00605676 0.00313241
-2.23335 -2.19408 -1.97383 0.0670851 0.0135041 -0.0100292 -2.19066 -2.18649 -1.97941 0.0421448 0.0210701 -0.000123056
-0.27996 -0.0782283 0.0480195 0.0276283 0.0351746 -0.0622782 -0.223626 -0.124732 0.123613 0.0242625 0.0705383 -0.0433083
0.218117 0.725303 0.0938463 0.313288 -0.012227 0.0830767 0.283675 0.709901 0.0578077 0.300826 -0.000983333 0.0504279
3.28465 2.87314 2.76138 0.00435428 0.013099 -0.0271369 3.36771 2.77619 2.93442 0.0102085 0.0140815 -0.0268335
9.16388 8.71041 9.58904 -0.795135 -0.991872 0.231901 9.40858 8.66418 9.51681 -0.7401 -0.937195 0.19574
-1.18921 -1.18921 -0.808409 9.00161e-10 -2.68713e-08 -1.79986e-08 -1.00208 -1.00208 -0.634443 0 0 -0
-0.26932 -0.49289 -0.127575 -6.65931e-08 0.018676 4.00152e-08 -0.230375 -0.461982 -0.0692392 -0 -0.00447 -0
-2.29173 -2.15999 -1.50914 0.0236985 0.00208426 0.034329 -2.30317 -2.21462 -1.50902 0.0478696 0.0129437 0.03137
-1.44144 -1.24489 -1.22709 0.101659 -0.0264732 -0.0437513 -1.43379 -1.24609 -1.20004 0.098513 -0.0435206 -0.0524385
-0.945178 -1.03014 -0.492467 -0.0538782 -0.152489 0.22679 -0.965077 -1.00206 -0.428761 -0.0403342 -0.0855075 0.187922
-0.370669 -0.370669 -0.141487 -1.27358e-07 -3.3993e-06 -3.25291e-06 -0.327377 -0.327377 -0.161239 0 0 -0
7.9859 7.94193 7.9753 -1.39865 1.24784 -1.18736 8.05651 7.98225 7.99497 -1.34729 1.10503 -1.5133
2.37819 2.34036 2.31775 0.00172343 -0.00723256 0.00434265 2.31138 2.24991 2.3314 0.00523491 0.00280926 0.00181176
4.75583 4.19246 4.6018 2.09819 -0.750438 0.478252 4.74218 4.22135 4.70113 1.73094 -0.719555 0.348635
0.121544 0.731521 -0.255491 -0.265609 0.179078 0.157656 0.162298 0.720697 -0.286663 -0.220839 0.149649 0.0832184
0.875003 0.83891 0.93436 -0.0942322 0.0391792 -0.168338 0.855 0.842116 0.914864 -0.108421 0.0256884 -0.156112
0.0468888 0.361061 0.0196787 -0.112919 0.0645959 0.0592844 0.0488816 0.365366 0.0424788 -0.119879 0.0555705 0.0364706
-1.25499 -1.44671 -1.28906 0.130439 -0.0514138 0.0553184 -1.21156 -1.49761 -1.28123 0.143752 -0.0629945 0.0441202
2.42951 2.41151 2.39077 -0.0157219 0.00413138 -0.00484621 2.35986 2.32318 2.40659 -0.0111456 0.00601528 -0.00864833
-2.21332 -2.28989 -2.52418 0.0216569 -0.00581737 -0.00384612 -2.16906 -2.27549 -2.57229 0.0396569 -0.00613897 -0.00979828
0.163772 0.167379 -0.0758872 -0.000751428 0.00172761 -0.000898588 0.165808 0.168942 -0.0961054 -0.00130231 0.00164259 -0.000413426
0.380916 0.0751493 -0.215657 0.18343 -0.0536227 0.152174 0.378391 0.0580933 -0.23768 0.174294 -0.0420112 0.146101
-0.360333 -0.360333 -0.360333 -8.9116e-08 -9.53599e-08 -8.41532e-08 -0.340425 -0.340425 -0.340425 0 0 -0
-0.262307 -0.336054 -0.137484 0.0665513 -0.101826 0.102099 -0.363229 -0.310175 -0.106978 0.0777002 -0.125069 0.151342
-1.57364 -1.56704 -1.90654 0.00465928 0.00043977 8.71867e-05 -1.59308 -1.61499 -1.93198 0.00379991 -0.000837315 -0.00131611
27.424 30.2186 39.1084 -10.8624 -16.6132 17.3796 27.4823 30.2798 38.9846 -10.9208 -16.6369 17.3605
-2.25368 -2.25089 -2.24946 -0.0430233 0.0356457 -0.115871 -2.23066 -2.23072 -2.22456 -0.0773689 0.0211984 -0.11237
-0.716186 -0.69586 -0.404925 -0.241881 -0.0524109 0.0209105 -0.756614 -0.703863 -0.413285 -0.252996 -0.0437795 0.0206925
-0.632501 -0.739682 -0.583419 0.0891762 0.219248 0.129281 -0.702359 -0.698897 -0.686776 0.0919647 0.207876 0.132813
-1.55766 -1.58479 -1.90563 -0.00606035 0.000634023 0.000825957 -1.5806 -1.62978 -1.92956 -0.00549037 -0.00124963 0.00179565
-0.0448294 -0.0364072 -0.0903473 0.00177494 0.00120571 -0.00738974 0.0246325 -0.0082825 -0.0723625 0.001615 0.00065 0.0090075
-0.213764 -0.159278 -0.112093 -0.00711861 0.00267665 0.0346182 -0.207816 -0.196214 -0.0524614 0.00730806 0.0022325 0.036335
4.8127 5.10654 4.50789 0.00240423 -0.00385015 0.21105 4.7799 5.16273 4.50602 -0.00157991 0.00179537 0.278052
0.686991 0.401935 0.517393 0.00495998 -0.00454392 0.0609296 0.68074 0.377497 0.535783 0.00964102 0.00395019 0.0253284
-1.88087 -1.84903 -2.11954 0.0175379 -0.0129646 -0.00786695 -1.86631 -1.84363 -2.1302 0.0199214 -0.00301231 -0.00641787
-2.50566 -2.57422 -2.56768 0.0604422 -0.00582224 0.0304922 -2.46207 -2.51102 -2.53756 0.0372285 0.00943778 0.0208735
0.0354728 0.023329 -0.2129 -2.15716e-08 7.21024e-08 1.60766e-08 0.084411 0.00980161 -0.250945 0 0 0
-2.30495 -2.49201 -2.43308 0.0195315 0.000822193 0.0320853 -2.29972 -2.46059 -2.39221 0.0243725 -0.00185065 0.0155732
-0.234026 -0.48687 -0.064937 -0.000478575 0.0325158 4.56269e-05 -0.255431 -0.461342 -0.0832333 -0.000438889 0.00505889 0.000195
-0.97781 -0.957198 -1.23927 -0.0232307 -0.00448113 0.00634977 -1.00725 -0.979703 -1.26298 -0.0156444 0.000157315 0.00511157
1.79213 1.73753 1.84313 0.145592 0.0125052 -0.0626554 1.86752 1.70646 1.89706 0.122301 -0.0322358 -0.0754267
-0.88764 -0.994181 -0.584334 -0.0723882 0.008097 0.307532 -1.01909 -0.976255 -0.520809 -0.0683692 0.0241208 0.250797
1.34201 1.5691 1.37515 -0.0145576 0.0168326 0.0107967 1.3168 1.59503 1.41755 -0.0371343 0.00906565 -0.00221815
-1.68166 -1.61341 -1.83848 0.00748631 -0.00789141 -0.0123716 -1.68639 -1.62083 -1.86891 0.00562157 -0.0121568 -0.022988
-0.411115 -0.4068 -0.173336 -0.00509465 -0.0366024 0.0340996 -0.388644 -0.381792 -0.163043 -0.0194812 -0.0181537 0.00928125
-2.41313 -2.59983 -2.54437 -0.0106046 -0.00224571 0.0100034 -2.36961 -2.65075 -2.59877 -0.000811204 0.00469222 0.0188777
-1.88109 -1.735 -1.98935 -0.0617329 0.0164284 0.0328068 -1.8709 -1.72173 -2.00625 -0.0718578 0.0130031 0.02711
-1.35092 -0.996868 -1.07978 -0.0864603 -0.14272 0.0685643 -1.35284 -1.0298 -1.15859 -0.0610815 -0.131546 0.0841601
-0.692407 -0.780776 -1.02657 -0.0116075 -0.0115093 -0.0141306 -0.647351 -0.772708 -1.05318 -0.0293662 -0.0148785 -0.0149096
0.631351 0.37757 0.161367 0.0268929 0.000532067 -0.0014483 0.608464 0.412395 0.137459 0.0235191 -0.0035062 0.00211593
1.18419 0.865626 1.02018 -0.0530917 -0.153277 0.131179 1.15756 0.831222 1.05032 -0.0235632 -0.148069 0.115017
-0.202611 0.368253 -0.457198 -0.208842 0.177192 -0.0179193 -0.222915 0.36386 -0.453913 -0.194111 0.171547 0.000451481
1.60545 1.6773 1.66373 -0.00124074 0.0206175 -0.0095197 1.60549 1.62496 1.66541 -0.0279366 0.0352442 -0.0260391
-0.936362 -1.44232 -1.32276 0.0111947 -0.177891 0.149455 -0.927952 -1.45306 -1.29335 0.0300104 -0.180713 0.152624
-1.35683 -1.34108 -1.27256 0.0901883 -0.0947866 0.0657107 -1.33303 -1.40514 -1.27386 0.103062 -0.103077 0.0604776
-0.579433 -1.19729 -1.34529 -0.156617 0.0134066 -0.105098 -0.633482 -1.18338 -1.34171 -0.138255 0.00714352 -0.126923
-1.97073 -2.06878 -1.97073 0.0368507 -0.0368507 -0.062697 -1.94022 -2.14081 -1.94022 0.0400735 -0.0400735 -0.0699292
0.14816 0.150033 -0.0954123 0.00257387 0.000694189 0.0010111 0.150394 0.15028 -0.116294 0.00269426 0.00204889 0.00113046
-1.28972 -1.28972 -1.28972 1.48815e-08 1.40961e-08 2.10531e-09 -1.34818 -1.34818 -1.34818 0 -0 0
0.432725 0.496568 0.494027 0.0235279 -0.0720906 0.0580068 0.40795 0.445713 0.525445 0.0467397 -0.0734506 0.0525253
-0.286924 -0.250898 -0.250898 -3.21146e-11 0.000561206 2.05533e-08 -0.279848 -0.194261 -0.194261 0 -0.0133041 0
-1.77596 -1.77596 -1.57814 4.14799e-09 -4.71566e-09 4.08353e-10 -1.86302 -1.86302 -1.52423 0 0 -0
0.635536 0.611791 0.873481 0.0659517 0.0561933 0.000451738 0.637819 0.647118 0.820023 0.0586109 0.0687818 0.0313496
-2.20548 -1.90801 -2.11361 -0.098034 0.011279 0.054256 -2.14145 -1.87475 -2.09958 -0.100299 0.010637 0.0466331
-2.23213 -2.2043 -2.23138 0.0231377 -0.0130234 -0.0135963 -2.34087 -2.30522 -2.37144 0.0138388 -0.019865 -0.00787521
-2.11939 -2.00598 -1.95691 -0.1249 0.0222446 0.382554 -2.15387 -2.09055 -2.03389 -0.08387 -0.02965 0.286146
-0.386664 -0.386664 -0.239316 -1.66908e-09 2.12579e-09 1.29285e-10 -0.433993 -0.433993 -0.132707 0 0 0
-2.39294 -2.33728 -2.45209 -0.104181 0.104112 -0.000751684 -2.37486 -2.26722 -2.38587 -0.109092 0.116705 0.00177074
-0.513987 -0.535901 -0.540041 -0.100259 0.0195704 0.0605869 -0.542688 -0.560361 -0.543369 -0.0713413 0.0206189 0.0420499
2.62964 2.62964 2.19956 -1.95117e-09 2.81345e-07 4.53166e-09 2.51679 2.53117 2.26915 0 0.00387312 0
-0.300782 -0.59445 -0.189954 -0.000465889 0.00340966 0.0124072 -0.285412 -0.572395 -0.0458325 -0.0021125 0.0113825 -0.01012
-0.778784 -0.642083 -1.08621 0.0344556 -0.173026 0.0248754 -0.788636 -0.584023 -1.06667 0.0488293 -0.178379 0.0240283
2.34128 2.36917 2.32644 -0.0113638 -0.00222179 -0.00228048 2.26965 2.28307 2.35008 -0.0115441 -0.00380843 0.00443
-2.0769 -2.0769 -2.0769 0.0115925 -0.0115925 -0.0115924 -2.18718 -2.18718 -2.18718 0.0121627 -0.0121627 -0.0121627
2.10832 2.10832 2.10832 -3.3614e-08 8.83995e-09 5.56178e-08 2.00655 2.00655 2.00655 0 -0 0
-0.469222 -0.344674 -0.185313 -0.065173 -0.0948099 -0.0665531 -0.51355 -0.401487 -0.110045 -0.0464729 -0.10425 -0.0593867
-0.186371 -0.355446 0.0383076 -0.0229271 0.0425132 0.00243269 -0.200041 -0.324402 0.0277172 -0.0271233 0.0225906 -0.00770389
2.88918 2.86358 2.78563 0.152718 0.04795 -0.0285128 2.80607 2.85442 2.83294 0.204521 0.064835 -0.0465906
2.99509 3.01744 2.66293 -0.123789 0.0729247 0.007304 2.90986 3.06159 2.56455 -0.118129 0.0148613 0.0636287
0.723942 0.117562 0.320817 0.0321262 -0.180416 -0.0407844 0.757158 0.189213 0.276755 0.00784094 -0.130316 -0.0826419
-2.58504 -2.66014 -2.94875 -0.155608 -0.0046494 -0.00961217 -2.63203 -2.61522 -2.88972 -0.130315 -0.00983732 -0.00858546
4.4834 4.50358 4.62248 0.00421908 7.68232e-05 -0.000109269 4.33779 4.34753 4.78051 0.00211528 -0.00354148 -0.00328907
-0.905508 -0.916184 -0.870367 -0.0661001 0.0414413 -0.149434 -0.911206 -0.919005 -0.883503 -0.095283 0.0237552 -0.136332
-1.61205 -1.65318 -1.9199 -0.000807979 -0.00951754 0.00536783 -1.62314 -1.67828 -1.94358 -0.00432537 -0.00474185 0.00674102
-0.246616 -0.0825961 -0.303921 -0.0627875 0.0263274 0.0213551 -0.269875 -0.0791254 -0.300197 -0.0764001 0.0201027 0.0109194
-0.352488 -0.536729 -0.503011 0.0332954 -0.00632244 0.0416924 -0.366633 -0.540051 -0.527907 0.0273931 -0.00848759 0.0238692
1.94233 1.93885 1.93058 0.0092392 0.0200768 0.00818437 1.88186 1.88897 1.9311 0.00662398 0.016554 0.025257
-1.31264 -1.40525 -1.46786 0.0302482 0.0260461 0.0297591 -1.31758 -1.35272 -1.47949 0.00464296 0.0315867 0.0361909
-2.31852 -2.3137 -2.11397 0.0249321 0.0469952 0.00874364 -2.26929 -2.32104 -2.08532 -0.00881352 0.0533989 0.0235431
-0.158466 -0.20286 0.0600441 1.16295e-07 -1.70331e-08 -5.58794e-08 -0.0884433 -0.065885 -0.126068 0 0 0
-0.218969 -0.419628 0.0304821 0.0234752 0.00796136 0.0110435 -0.188659 -0.359222 0.0926625 0.0310142 -0.0200525 0.0264233
-0.895309 -0.618535 -0.733575 0.0713995 -0.0102931 -0.0120287 -0.903573 -0.621286 -0.703716 0.08476 -0.00172213 -0.00277296
-1.86827 -1.86376 -2.08916 -0.00123074 0.0186277 0.0265148 -1.87493 -1.85822 -2.10138 -0.00449241 0.0152014 0.0295712
0.634128 0.648293 0.543141 0.180586 -0.168352 -0.0147185 0.589417 0.61537 0.563571 0.20744 -0.172917 0.00846889
-2.6676 -2.6676 -2.04871 -5.53561e-08 3.31901e-08 1.48374e-08 -2.66619 -2.66619 -2.05245 0 0 0
0.73868 0.517765 0.732915 -0.16325 -0.0990883 -0.218962 0.722298 0.438857 0.551938 -0.111112 -0.0790706 -0.193499
-1.90404 -1.81593 -2.05256 -0.0164344 -0.00637489 0.00541411 -1.8923 -1.8058 -2.07288 -0.012402 -0.00248815 -0.00671389
7.92287 7.29067 7.61054 -0.957739 -0.667624 0.358801 7.8101 7.31631 7.6413 -0.930475 -0.59782 0.23806
-0.218998 -0.172153 -0.144325 -3.69304e-07 0.00859365 -1.12141e-06 -0.193985 -0.21735 -0.122035 0 0.00924389 -0
-0.170441 -0.243053 -0.0907132 8.48291e-07 -0.00385539 -8.49052e-07 -0.183212 -0.243094 -0.0754219 -0 0.00198229 -0
2.21664 2.21664 2.21664 -1.219e-08 -1.39874e-08 -7.08939e-09 2.2325 2.2325 2.2325 -0 -0 -0
-1.58196 -1.59564 -1.87621 -0.0130603 0.0036172 -0.00515074 -1.58851 -1.62005 -1.90143 -0.010133 -0.000831945 -0.00663056
0.213689 0.213689 0.213689 -9.14124e-10 -1.0732e-10 -6.58838e-10 0.231966 0.231966 0.231966 -0 -0 0
-0.558306 -0.489165 -0.196329 2.58232e-07 -0.0372213 3.89846e-07 -0.593257 -0.370179 -0.0904767 -0 -0.0347089 0
8.3662 8.34791 9.45494 -0.0141386 0.000444562 -0.0011782 8.30962 8.28459 9.6521 -0.0114361 0.00120343 -0.000411019
-0.0338522 -0.0304386 -0.0956151 -0.00192672 0.00790975 -0.0166369 -0.05041 -0.04746 -0.063795 -0.00149 0.007295 -0.01691
2.00884 0.91201 0.931119 0.00596991 -0.000978008 -0.00124383 1.92172 0.951358 0.870188 0.0130388 0.0129187 -0.00583287
-1.94544 -1.94544 -1.94544 -4.73353e-08 -3.95024e-08 -4.40906e-08 -2.06723 -2.06723 -2.06723 -0 -0 -0
-2.37643 -2.37523 -2.38409 -0.0417969 -0.0647883 0.0522478 -2.33641 -2.34555 -2.35088 -0.0272181 -0.0699854 0.0349891
-0.493951 -0.165054 -0.425839 9.04607e-05 -0.00364683 0.00534875 -0.5024 -0.174421 -0.446566 -0.0023313 -0.00263917 -0.00288056
-2.62858 -2.45055 -2.41614 0.0662482 -0.00702379 -0.0197127 -2.55257 -2.39187 -2.343 0.0733822 -0.0289537 -0.0340074
24.7973 34.0912 25.447 11.5004 7.29327 4.4162 24.8375 34.0705 25.3947 11.441 7.26842 4.44249
-0.229507 -0.12262 -0.323267 -0.0174967 0.00126159 0.00504261 -0.241429 -0.125694 -0.338559 -0.0131028 0.00208565 -0.00176574
0.128619 0.359238 0.367944 0.130338 -0.0473585 -0.0516116 0.107733 0.307809 0.337163 0.118542 -0.0543571 -0.0705622
2.84936 2.83342 2.80197 -0.00100741 -0.000215121 -1.07484e-05 2.74996 2.71147 2.84017 0.000226759 -0.0018063 0.000917037
3.16974 3.16974 3.09731 -2.98352e-08 2.09187e-08 5.99745e-09 3.01228 3.00682 3.17675 0 0 0
0.195348 0.195332 -0.0521364 -1.18009e-08 1.1536e-07 2.83766e-08 0.229334 0.200315 -0.0928553 0 0 0
0.781862 0.682115 0.464529 -0.116913 0.216184 -0.0458514 0.786927 0.720981 0.430549 -0.129834 0.152492 -0.0443231
6.28185 6.26937 6.81923 -0.0431778 0.00309741 -0.0135306 6.16599 6.18124 7.04857 -0.0542264 -0.00148722 0.000604352
1.89817 1.96137 1.88987 0.0327323 -0.0192995 0.00871244 1.84894 1.90053 1.87798 0.0395665 -0.0154846 0.0155031
1.48974 1.51291 1.34209 0.0492165 -0.0906992 0.14246 1.454 1.54291 1.43797 0.0671334 -0.0672819 0.186709
-1.57314 -1.64419 -1.89229 0.00364523 -0.0128913 0.00186648 -1.59605 -1.65883 -1.91108 0.00774315 -0.00708602 0.00205639
-1.32333 -1.30716 -1.07029 -0.0999497 0.149704 -0.0121351 -1.43459 -1.33096 -1.04573 -0.119082 0.143579 -0.0135448
10.1962 10.1003 9.75274 0.436212 0.243645 0.363307 10.3087 10.0671 9.73009 0.440715 0.256795 0.43904
-1.94961 -2.08191 -2.11107 0.0352738 -0.00301616 0.0376782 -1.94199 -2.0595 -2.14042 0.0307842 -0.0158549 0.023942
-1.2634 -1.17435 -1.14848 0.0205555 -0.0660684 0.0260606 -1.25774 -1.1817 -1.13281 0.0298073 -0.0749566 0.0339833
0.170373 0.234148 0.295416 0.125901 -0.120261 0.085279 0.187804 0.107523 0.285154 0.137727 -0.128737 0.0771969
-0.942039 -0.481449 -0.699987 -0.0195729 0.0045872 -0.000941224 -0.944907 -0.499613 -0.731282 -0.0152464 0.000929537 0.00541157
-1.98554 -1.98554 -1.98554 -3.58999e-08 -8.59618e-09 6.34629e-09 -2.09776 -2.09776 -2.09776 -0 0 0
-1.00686 -1.24371 -1.15626 0.0140576 -0.00480637 0.05353 -1.02691 -1.26041 -1.14683 0.0200345 0.00102389 0.0213096
2.45632 2.46117 2.38101 -0.000643856 0.00172969 -0.000304108 2.40411 2.37089 2.3987 0.000544259 0.000348426 -0.000311204
-2.06175 -2.08555 -2.09664 -0.0786156 0.0206474 0.0508647 -2.06693 -2.0893 -2.10552 -0.0621694 0.0119489 0.0347819
-1.17743 -1.09679 -1.23376 -0.133037 0.15359 0.0287118 -1.22449 -1.099 -1.22634 -0.141276 0.161101 0.0349019
-0.451323 -0.363937 -0.492114 -0.0558166 -0.0209624 -0.0168562 -0.454535 -0.367735 -0.503438 -0.0674275 -0.0166228 0.00217491
1.44618 1.44618 1.50359 -1.81482e-08 2.25173e-10 1.9774e-09 1.39125 1.39125 1.6113 0 0 0
0.622408 0.113072 0.314808 0.0699173 0.063532 0.132418 0.501137 -0.00991167 0.365682 0.034369 0.0364394 0.124384
1.46312 1.20603 0.942744 -0.364182 -0.129866 0.0182045 1.44964 1.21798 0.886289 -0.351761 -0.0802618 0.0417401
3.58756 3.79682 3.81793 -0.0471387 -0.151254 0.109575 3.54696 3.66269 3.93343 -0.0728216 -0.114092 0.0760144
0.377484 0.572313 0.775011 0.137394 -0.0465105 0.0920267 0.358485 0.558488 0.87598 0.0884333 -0.0431158 0.0819838
-2.03089 -1.97432 -2.07099 0.0322611 -0.0122571 -0.0445445 -2.03801 -1.96037 -2.08353 0.0246527 -0.00258093 -0.0453406
5.00241 4.10551 3.77369 0.0268006 0.00620023 -0.0451452 4.90786 4.05351 4.09771 -0.0144382 0.0078387 -0.0164028
1.11404 0.610289 1.30127 0.219833 -0.0340812 0.0362887 1.07898 0.540552 1.29821 0.228952 -0.0885875 0.0246322
-0.432072 -0.362781 -0.428473 0.0333823 -0.00338902 -0.0496596 -0.450248 -0.374351 -0.432153 0.0384599 0.00407111 -0.0489883
1.33567 1.34032 1.25154 0.0109769 -0.00193185 0.00427176 1.33274 1.33101 1.23229 0.00880731 -0.00122667 0.00334037
2.48902 2.98514 3.4252 0.737374 0.668852 0.718314 2.36002 3.13562 3.51714 0.81142 0.68756 0.620775
-1.6583 -1.69376 -1.66343 0.0287664 1.96634e-08 2.71801e-08 -1.65299 -1.72092 -1.66036 0.0154679 0 0
0.411738 0.650806 0.603876 -0.00342483 -0.138301 0.00773679 0.425634 0.649995 0.640027 0.00725787 -0.123015 0.0147779
-0.97764 -1.09216 -0.904056 0.0131033 0.0580237 -0.0074628 -0.965804 -1.09674 -0.946644 -0.0100241 0.0657291 0.0168426
1.7085 1.71204 1.7085 -6.54482e-08 3.15554e-08 -0.0347309 1.76013 1.77513 1.76013 0 -0 -0.0223622
2.43803 2.4392 2.35777 0.00200787 0.000796356 0.000332639 2.38747 2.35161 2.37257 0.00447472 0.000845833 -2.0463e-05
-0.686058 -0.922693 -0.820218 -0.0742642 -0.10583 0.127487 -0.682356 -0.949296 -0.798829 -0.0462706 -0.101809 0.12057
0.268202 -0.331522 0.0505571 -0.155431 -0.0531043 0.154436 0.269786 -0.327151 0.040913 -0.169187 -0.0327206 0.131181
2.47161 2.4781 2.39431 0.00407545 0.000766094 -0.000416257 2.41465 2.3885 2.41366 0.00593898 -0.00137843 -0.00165815
-0.417145 -0.436567 -0.508057 0.0163414 0.00925319 0.0638359 -0.473692 -0.471032 -0.475343 0.00561463 0.031294 0.0538312
-1.97347 -1.99685 -2.08052 0.00941388 0.0166761 0.0477483 -2.01097 -2.01575 -2.04898 0.00865963 0.0373107 0.0407234
0.425141 0.874315 0.585159 0.00426648 0.0124065 -0.00535832 0.298416 0.764605 0.674133 -0.0142173 0.0413131 -0.000852083
-1.18911 -0.966853 -1.07021 -0.08188 0.0874327 0.0231102 -1.17841 -0.979087 -1.09729 -0.0971055 0.08852 0.0226506
-0.141565 -0.188401 -0.0529672 0.0091047 -0.00315521 0.0133544 -0.155047 -0.177779 -0.0363998 0.0133846 0.00868333 0.0155235
-0.0777363 -0.0415394 0.0911794 -0.220414 -0.128003 0.0820157 -0.0760129 -0.0426845 0.0855403 -0.21632 -0.109142 0.0825343
-1.88388 -2.00012 -2.12672 0.00731108 -0.0017814 0.000892332 -1.88481 -1.9878 -2.14165 0.0163243 -0.00560167 -0.0153722
-2.52101 -2.4289 -2.38945 -0.0248977 -0.0755461 -0.00787632 -2.54195 -2.39718 -2.35106 -0.014456 -0.0766353 -0.0124736
-0.979431 -1.09654 -0.620392 -0.0183998 0.0349907 -0.0414979 -0.984863 -1.11014 -0.636223 -0.0600878 0.0229597 -0.0293012
2.40406 2.22015 2.13503 0.0135041 0.0164923 0.097215 2.4216 2.14611 2.1514 0.0332185 0.00422389 0.0779273
11.0831 11.054 10.6486 -0.112373 0.206791 -0.236095 11.0519 10.9738 10.6288 -0.102175 0.23929 -0.26409
16.0817 16.3323 16.3287 -1.87451 3.10946 -0.73068 16.268 16.2603 16.1801 -1.88993 3.01961 -0.72884
2.47358 2.45482 2.19929 0.0130765 -0.000386505 0.0128055 2.42888 2.35154 2.40744 0.0152493 -0.00736345 0.0113034
-0.201761 0.546573 -0.216881 0.206618 -0.14192 0.0926262 -0.228744 0.522071 -0.231363 0.181066 -0.109229 0.0568026
0.158793 0.147685 -0.0433093 -0.0139802 0.00448404 -0.00753156 0.165436 0.148148 -0.0545063 -0.0139663 0.00279241 -0.00758806
-0.932477 -0.742169 -0.759135 -0.0121717 -0.0231611 0.0071157 -0.914569 -0.741285 -0.726586 0.00563028 -0.00472213 0.0314476
-2.05607 -2.07538 -2.37017 -4.0858e-08 1.10076e-07 2.59569e-08 -2.05238 -2.08196 -2.40112 0 0 0
-0.431102 -0.377918 -0.50481 -0.00712992 0.0290304 -0.00956993 -0.420836 -0.420169 -0.52863 -0.0273895 0.0376597 -0.0175805
1.69181 1.70657 1.35211 0.0212276 0.0364622 0.0155978 1.58673 1.50549 1.5087 0.0137315 0.0425827 0.0457862
4.17407 3.47864 3.23458 -0.0124043 -0.016424 0.0398344 4.20457 3.37645 3.52372 -0.0235605 0.00438083 0.0285056
2.43246 2.87683 2.38647 0.0499744 0.053284 -0.0636248 2.40642 2.70535 2.50587 0.0458427 0.0343706 -0.0181825
-0.365491 -0.314157 -0.0727495 0.0016268 -0.0714024 -0.0139232 -0.307808 -0.301496 -0.0136133 0.0125667 -0.00696444 -0.0289989
4.47334 4.9622 4.53687 0.175963 0.0201786 -0.0810685 4.50626 4.89455 4.54084 0.131663 -0.0595141 -0.0986566
10.901 10.9194 12.5894 -0.00359094 -9.22262e-05 -0.00278127 10.8751 10.8984 12.585 0.00272056 0.00394676 0.000656481
-0.384429 -1.07867 -1.2547 0.0955511 -0.141434 0.0133076 -0.453884 -1.08857 -1.2473 0.0967547 -0.110053 0.0090237
-0.840182 -1.18164 -1.01894 0.049239 0.0176031 0.118988 -0.853747 -1.15742 -0.998705 0.0457288 0.0152705 0.104299
28.8158 37.1117 36.8932 -11.4145 8.71188 -5.85482 28.8339 37.0933 36.938 -11.4245 8.7178 -5.76915
-1.38721 -1.31079 -1.32324 0.216038 -0.00416221 0.0274855 -1.39381 -1.30158 -1.32282 0.199444 -0.0183172 0.0431762
1.31763 0.637201 0.526714 0.0218413 0.0150984 0.00663417 1.26752 0.671303 0.484705 0.021619 0.0117252 0.00790148
7.74006 8.17933 7.69957 -0.096399 0.469368 -0.621554 7.78949 8.09378 7.77176 -0.072875 0.46987 -0.655465
-0.117188 -0.117189 -0.0910923 -3.58815e-07 1.42357e-07 -9.16838e-07 -0.172643 -0.172643 -0.122225 0 0 0
-0.504224 -0.339822 -0.183922 2.01237e-07 0.0423733 -3.13221e-06 -0.518345 -0.292587 -0.0696875 0 0.0030915 -0
-0.298408 -0.583255 -0.172725 -4.88196e-08 1.49694e-06 -3.67391e-07 -0.292791 -0.568478 -0.03412 0 0 0
-0.505896 -0.491235 -0.491235 5.56584e-05 -0.0065376 5.56816e-05 -0.501298 -0.492018 -0.492018 0.0021502 -0.00761431 0.0021502
1.29547 1.52279 1.41124 0.088238 0.0713188 0.0361068 1.27001 1.52009 1.45471 0.0908858 0.0604115 0.0385752
-1.98428 -1.70316 -1.98925 0.289636 -0.315747 0.147692 -1.99972 -1.8052 -2.02199 0.274781 -0.230094 0.120874
2.43017 2.35505 2.35554 0.00214834 -0.00792919 -0.00450384 2.35248 2.26996 2.37088 0.00361343 -0.00385481 -0.00243556
-0.199469 -0.191518 -0.366419 0.00324873 0.0230745 0.0221355 -0.217991 -0.201876 -0.376954 -0.000466019 0.0155004 0.03089
-1.72348 -1.7161 -1.96257 0.0491475 0.00612466 -0.018855 -1.71747 -1.73626 -1.98285 0.0349316 0.00317194 -0.00289398
13.8337 13.8841 15.9373 -0.0303839 -0.00382624 0.0011609 14.0053 13.9724 15.8767 -0.0179869 -0.00271694 0.00403815
0.161809 0.0950462 -0.0726738 0.00447545 -0.0109616 -0.000506683 0.17225 0.123807 -0.0957016 0.00694389 -0.00533287 -0.000911852
-2.53445 -2.43755 -2.39794 0.0258122 -0.0627134 0.0132009 -2.48876 -2.39658 -2.36212 0.0138248 -0.0696403 0.0176523
-2.15851 -1.77183 -1.72897 -0.0188545 0.00669871 0.00865138 -2.09083 -1.75587 -1.87635 -0.0161144 0.000339444 0.0168019
0.174638 0.181543 -0.0637468 0.00408833 0.000711045 0.000137005 0.177442 0.182176 -0.0828822 0.00449787 -0.00105093 -0.00217417
-0.370009 -0.436698 -0.114676 0.0420622 -0.0148586 0.0545653 -0.335286 -0.472965 -0.0496872 -0.00824056 -0.00382444 0.0248744
2.96929 2.62048 2.56585 -0.368057 -0.0906419 0.0613973 2.99374 2.65642 2.48381 -0.315883 -0.109147 0.00227563
1.5797 1.67346 1.63505 -0.0733252 -0.018587 -0.00651422 1.5511 1.64516 1.64248 -0.0760693 -0.0204646 0.0292066
-1.1417 -1.11246 -1.07323 -0.0281684 -0.0897231 0.0406585 -1.11956 -1.0914 -1.05817 -0.0242673 -0.0893021 0.0282623
-1.04146 -1.05591 -0.790141 0.0429095 0.0519618 0.0038555 -1.03178 -1.05588 -0.838051 0.0206701 0.0598743 0.0274263
-1.32329 -0.838254 -0.987694 -0.00944392 -0.00160145 -0.00440578 -1.31998 -0.843598 -1.05276 -0.00997528 0.00224093 -0.00521741
-1.07303 -1.41018 -1.50428 0.200857 -0.0634091 0.0178704 -1.14586 -1.39815 -1.48566 0.183698 -0.0461501 0.0278227
0.461842 0.732834 0.614081 -0.124034 0.0898224 0.0207316 0.437496 0.689294 0.556372 -0.12866 0.107557 0.0349035
-1.60533 -1.62394 -1.90259 -0.012229 0.00908689 -0.00982148 -1.61133 -1.64856 -1.91759 -0.0159617 0.00847602 -0.00434389
0.197755 0.213621 -0.0319755 -0.00598623 0.00124418 0.00210829 0.201906 0.21562 -0.052872 -0.00596435 0.00172676 0.00193944
-0.078205 -0.195992 0.0569799 -0.011776 -0.000749198 -0.0568272 -0.00732667 -0.0352283 -0.116499 -0.0101533 -0.00638667 -0.0282517
-0.552713 -0.598726 -0.0617065 0.000463026 0.0521197 0.0464603 -0.566215 -0.497371 0.064292 0.020666 0.086368 0.038678
12.2321 12.0642 12.3003 -0.286696 0.118056 0.0083364 12.1096 12.0762 12.2127 -0.30534 0.109835 0.04807
-2.03523 -1.99344 -2.15409 -0.00910659 0.0327449 -0.0109206 -1.99939 -2.0154 -2.17507 -0.026544 0.0369357 -0.0128995
-1.90337 -1.97807 -2.15257 -0.00272767 -0.00359764 -0.00839747 -1.89302 -1.96716 -2.17109 -0.00976657 -0.00287491 -0.000470278
-0.80821 -0.948059 -1.10839 0.23136 -0.157722 0.0493799 -0.85398 -0.96319 -1.08264 0.263898 -0.152134 0.0754283
1.66182 1.44396 1.58995 0.0236251 -0.00165401 0.0331149 1.66797 1.44623 1.60181 0.0166269 0.00251926 0.0243829
-0.28759 -0.28759 -0.28759 -1.53393e-07 -1.45174e-07 -1.37243e-07 -0.287589 -0.287589 -0.287589 0 -0 0
0.0189172 0.102584 -0.0523866 0.0158037 -0.00878629 -0.0031764 0.0168647 0.102518 -0.0797936 0.0116138 -0.0173032 -0.0196109
0.480553 0.695247 0.931384 0.0206723 -0.0199875 -0.223444 0.488864 0.684793 0.911639 0.0261778 -0.0116575 -0.140573
-2.16902 -2.05812 -2.11674 0.0486405 0.0540771 0.0278757 -2.17394 -2.06879 -2.10755 0.0401662 0.0516772 0.0353008
1.89891 1.77333 1.6618 0.108552 0.0286382 0.0981705 1.73352 1.74198 1.6898 0.0834533 0.0629371 0.0990413
-2.18842 -2.18503 -2.26494 0.0746613 -0.0691882 0.00370143 -2.18567 -2.15925 -2.21548 0.102458 -0.0767202 0.0206132
-1.41841 -1.41841 -1.41841 9.46005e-09 3.27092e-09 2.73989e-08 -1.47073 -1.47073 -1.47073 0 0 -0
-0.384361 -0.336847 -0.131527 5.38867e-08 -0.065264 1.16836e-06 -0.351964 -0.298159 -0.0676311 -0 0.02533 0
2.4792 2.94092 2.96463 0.285395 -0.0473899 -0.500802 2.27295 2.99104 3.11143 0.41392 -0.01162 -0.579025
-0.999386 -1.44836 -1.41905 -0.0831404 0.0918858 0.0881677 -1.01581 -1.41218 -1.42417 -0.118499 0.103591 0.0961175
17.092 18.3134 16.1511 0.676264 -1.04464 -0.568808 17.0079 18.3309 16.1901 0.62036 -0.92936 -0.678465
-1.55383 -1.53795 -1.88367 -0.00626544 0.00132717 0.00173049 -1.57306 -1.58583 -1.91032 -0.006425 0.00152389 0.00194796
-0.18079 0.609391 0.121913 -0.149794 -0.108223 0.0578382 -0.221358 0.611567 0.141142 -0.149294 -0.0905507 0.0346391
1.48664 1.48285 1.49782 -0.117151 0.0150107 0.0702736 1.4503 1.43666 1.52019 -0.0728955 0.0304706 0.043868
5.59082 5.61508 5.74084 -0.102787 -0.173185 -0.234888 5.51531 5.56023 5.74981 -0.165835 -0.301025 -0.381605
-0.264211 -0.298637 -0.540686 0.0102203 0.000343981 0.00440579 -0.227494 -0.281735 -0.552263 0.00622448 -0.00941172 0.0124279
-2.50128 -2.52327 -2.45887 0.0660317 -0.0666641 0.04038 -2.44149 -2.50371 -2.41755 0.0753663 -0.0806281 0.0429839
0.512856 0.168556 0.0691821 -0.223519 -0.38175 -0.047321 0.448207 0.129821 0.0360625 -0.191031 -0.381929 -0.0332325
2.21769 2.31287 2.31076 0.0260935 -0.00794609 0.00769418 2.16215 2.24917 2.3044 0.0195349 -0.021904 -0.00807222
-2.15988 -2.00481 -2.22286 -0.0179016 0.00665663 0.0136508 -2.13584 -2.00491 -2.22064 -0.021388 0.0212166 -0.0033825
-0.635886 -0.441445 -0.666871 -0.0183055 0.0115969 0.0171004 -0.635677 -0.443217 -0.653344 -0.0300174 0.0167958 -0.000946574
1.61947 1.69735 1.75289 0.0425652 -0.0082137 -0.0539673 1.592 1.66829 1.75039 0.0563554 0.0135076 -0.0464111
-0.0892547 0.0525583 -0.184487 -0.162624 0.0231132 -0.0194699 -0.0827719 0.0145388 -0.195754 -0.175651 0.0331392 -0.0283496
-0.378607 -0.237425 -0.129921 2.26606e-06 -0.0256716 -2.24422e-06 -0.290186 -0.32298 -0.0772567 -0 -0.0123175 -0
2.60991 2.81441 2.33696 0.0726955 -0.0283013 0.0529507 2.46314 2.71685 2.49003 0.0631954 0.00315958 0.0403629
-0.645388 -0.485646 -0.572544 0.0655521 0.0693811 0.0315403 -0.687862 -0.510871 -0.572639 0.0649055 0.0579658 0.0372317
22.272 35.6955 18.3617 15.032 -11.5066 -7.44084 22.2325 35.6961 18.3892 14.9714 -11.5693 -7.45181
-2.08254 -2.28462 -2.21072 -0.0785784 -0.0667215 0.110639 -2.06753 -2.2736 -2.16877 -0.0613046 -0.0624654 0.110281
-1.07915 -1.04234 -1.05311 0.0146105 -0.0339023 0.0127388 -1.0851 -0.966473 -1.05468 0.0220523 -0.0419736 0.0214948
1.26726 1.16407 1.21558 -0.316198 -0.10863 -0.224621 1.28696 1.01543 1.13765 -0.290698 -0.0874578 -0.242317
0.0857584 -0.128104 0.440674 0.158346 0.184917 0.0691486 0.0823733 -0.144627 0.397859 0.158605 0.132419 0.0512406
-1.58335 -1.57947 -1.91729 -0.000839452 0.00106417 -0.000738045 -1.60115 -1.6283 -1.94348 -0.000479259 -0.000108981 -0.000152315
-1.73732 -1.78989 -1.55727 0.0378024 0.114468 -0.0624857 -1.73204 -1.78522 -1.56979 0.0408881 0.0957532 -0.0516697
0.0950377 0.0950375 0.0950383 4.44867e-06 -5.54846e-06 5.32634e-06 0.083185 0.083185 0.083185 0 0 0
0.0440672 0.0402192 -0.0284667 8.43187e-08 2.86273e-07 -1.96285e-07 0.044425 0.02578 -0.036525 0 0 0
0.0388283 0.0405025 -0.0147413 -0.0014362 1.86524e-07 1.20059e-07 0.017575 0.019315 0.0299 -0.00151 0 0
0.0210051 0.0210054 0.0210052 -1.8326e-07 1.25781e-08 -1.35621e-07 -0.01807 -0.01807 -0.01807 0 -0 0
0.0598091 0.0565449 -0.057813 6.74326e-09 1.23322e-08 1.55675e-07 0.030005 0.02781 -0.00368 0 0 0
0.0317768 0.0284813 -0.0664064 8.34829e-07 2.63763e-07 -5.47237e-08 0.00354 0.001485 -0.016775 0 0 0
0.0416801 0.0382669 -0.0643743 0.00011333 4.42158e-08 1.36306e-07 0.013595 0.011575 -0.012775 8e-05 0 0
0.0467808 0.0430088 -0.0242397 -1.1794e-07 -1.39706e-07 1.28949e-07 0.0475825 0.028775 -0.03187 0 0 0
-0.0103984 -0.0136593 -0.0599916 -2.64306e-07 -2.37432e-07 -1.96716e-07 -0.01212 -0.0337225 -0.0714575 0 0 0
0.0587864 0.0553461 -0.0618423 0.000143907 -3.2792e-07 -3.38639e-07 0.028765 0.02648 -0.007775 0.000115 0 0
-0.0103417 -0.0135924 -0.0599262 1.1556e-07 2.58014e-07 3.18554e-07 -0.0121575 -0.03376 -0.0714925 0 0 0
0.0522909 0.048974 -0.00666622 7.84225e-07 -3.22725e-07 -3.71118e-08 0.031035 0.027925 0.03964 0 0 0
0.0420746 0.0425285 -0.0295805 0.000384209 -1.74178e-07 -2.32399e-08 0.018806 0.030013 -0.004624 0.009706 0 0
0.0298946 0.025401 -0.00748309 1.01968e-07 -1.36338e-07 -9.56594e-09 0.031115 0.0058025 -0.0155967 0 0 0
0.0320942 0.0320961 -0.0226282 -4.19133e-08 -1.03847e-08 -2.44016e-07 0.0381917 0.0388817 0.0134433 0 0 0
0.099156 0.099156 0.0991558 5.64141e-07 3.42727e-07 6.52006e-07 0.0682025 0.0682025 0.0682025 -0 0 -0
0.047913 0.0475156 -0.0345605 -0.000150496 -2.52651e-08 6.07072e-08 0.0275183 0.0342625 -0.0277542 -0.0120417 0 0
0.0745429 0.074553 0.0745454 -4.24348e-06 -1.20699e-06 -4.03061e-07 0.037475 0.037475 0.037475 -0 0 -0
0.339641 0.33964 0.339641 -2.26909e-06 2.15604e-06 2.38264e-06 0.0149403 0.0149403 0.0149403 0 0 0
0.163478 0.16332 0.162807 -6.7956e-08 5.78978e-09 -1.78761e-05 0.0268471 0.0241414 0.0277461 0 0 -0.00204607
0.061089 0.0386561 0.00769619 -6.06183e-08 2.42813e-08 6.2098e-08 0.0641133 0.0187092 0.00202333 0 0 0
0.0592069 0.0559394 -0.0704375 -3.31682e-07 -3.16746e-09 -1.27827e-07 0.02884 0.02616 -0.016285 0 0 0
0.0533756 0.0529995 0.0126248 -1.28303e-07 -6.25199e-08 -4.29476e-08 0.0645017 0.063995 0.0507983 0 0 0
0.044638 0.040692 -0.0279132 9.53507e-08 -5.63965e-08 -1.54492e-07 0.0450825 0.0263225 -0.0358725 0 0 0
0.0414708 0.0419188 -0.0337622 0.00033651 -8.75174e-09 2.49876e-07 0.010076 0.036247 -0.009359 0.004889 0 0
0.0611673 0.0611668 0.646916 -8.04638e-07 6.4462e-07 -1.62561e-06 -0.01256 -0.01256 0.76278 -0 -0 0
0.0326946 0.0326946 0.0326947 8.82372e-06 8.70973e-06 8.77902e-06 0.006321 0.006321 0.006321 6.4e-05 6.4e-05 6.4e-05
0.358504 1.79849 -0.140936 8.52628e-08 -0.0020908 -1.62625e-07 0.399458 1.90321 -0.027045 0 -0.0033425 0
0.102291 0.102291 -0.13409 -6.48645e-07 -1.37952e-06 -1.43644e-06 0.10432 0.10432 -0.08183 -0 -0 -0
0.00490611 0.00688584 -0.0421127 -0.00171798 0.00011199 0.000193042 0.0462033 0.0430033 0.01715 0.00277 -0.000713333 -0.00123333
0.105722 0.0428508 -0.0849136 0.002118 -0.00133359 -3.26227e-06 0.565255 0.09708 -0.0618125 -0.0082875 -0.00129 0.00013
0.047913 0.0475156 -0.0345605 -0.000150496 -2.52651e-08 6.07072e-08 0.0275183 0.0342625 -0.0277542 -0.0120417 0 0
0.0532758 0.0499624 -0.00597581 4.06483e-06 -7.49253e-08 -3.12384e-07 0.032115 0.02901 0.040565 0 0 0
0.0712442 0.0712441 0.0712438 5.26646e-08 3.73749e-08 5.23414e-10 0.0330688 0.0330688 0.0330688 -0 -0 -0
-0.0278656 -0.024207 -0.0269945 0.00291947 5.18956e-08 -2.40944e-07 -0.04891 -0.046075 -0.00176 0.002315 0 0
-0.0689791 -0.0689796 0.587145 -9.79999e-07 -4.59898e-07 -2.06629e-07 -0.10762 -0.10762 0.713955 -0 0 0
0.0579878 0.0579882 0.0579883 6.02794e-07 -3.60398e-07 8.5328e-08 3e-05 3e-05 3e-05 -0 -0 -0
0.0614034 0.0608964 -0.00539198 -1.49779e-08 -1.26481e-07 8.11409e-08 0.060265 0.0467237 -0.014245 0 0 0
0.0322607 0.0356056 0.0028799 0.002901 1.9919e-07 -3.26913e-07 0.009105 0.014865 0.03921 0.004985 0 0
0.0414442 0.0419473 -0.0208398 0.0010606 -4.3004e-08 -9.12451e-08 0.0335057 0.0342393 0.011175 0.00103714 0 0
0.00309008 0.00308998 0.00308858 -9.1765e-08 8.84004e-09 -7.88141e-07 0.03662 0.03662 0.03662 0 0 0
0.0420931 0.0387719 -0.0179034 -4.44464e-06 -3.22952e-07 5.54019e-08 0.019675 0.017005 0.027415 0 0 0
0.0366978 0.0383039 -0.112901 0.00140584 -4.76669e-07 1.74715e-07 0.005805 0.007095 -0.058125 0.001115 0 0
0.0298946 0.025401 -0.00748309 1.01968e-07 -1.36338e-07 -9.56594e-09 0.031115 0.0058025 -0.0155967 0 0 0
0.0653535 0.0653577 -0.0661 1.75888e-06 -1.22845e-06 5.04234e-07 0.0612233 0.06018 -0.0866933 -0.000903333 0.000116667 -0.0002
0.0485393 0.0481154 -0.032922 -0.000240622 -1.7494e-09 7.03993e-08 0.0281975 0.0349183 -0.0259892 -0.0120892 0 0
0.0444566 0.0406744 -0.0275254 1.7194e-09 -5.0532e-09 -1.70523e-07 0.0448325 0.026195 -0.035555 0 0 0
-0.0136939 -0.0213975 -0.121082 -0.00667984 -1.04408e-07 -6.51327e-08 0.0269525 0.019595 -0.114995 -0.00637 0 0
0.0229422 0.0229459 -0.0768397 2.961e-07 1.61284e-07 -1.47698e-05 -0.014045 -0.014045 0.06985 0 0 0
0.0412146 0.0416802 -0.02104 0.00104715 -1.01621e-07 -3.50648e-08 0.0334214 0.0341071 0.0110993 0.00102143 0 0
0.239968 0.0680427 0.0629648 0.00275879 -4.43416e-07 3.46305e-07 0.211905 0.052275 0.10647 0.005025 0 0
0.0442821 0.0408691 -0.0643706 0.000106238 -1.12377e-08 -7.09802e-08 0.01628 0.01364 -0.012355 6.5e-05 0 0
0.00960279 0.00960468 0.0096031 2.98987e-08 -2.24763e-07 3.67862e-07 0.04439 0.04439 0.04439 -0 -0 -0
-0.0670503 -0.0684448 -0.0319843 -0.00121044 1.21525e-07 -2.64621e-07 -0.004615 -0.0053875 0.0171125 -0.00067 -0 -0
-5.06938 -5.06938 -5.17377 -2.8863e-07 -2.58236e-07 -2.17409e-07 -5.00303 -5.00303 -5.21968 0 0 0
-0.126927 -0.126926 -0.126929 -1.1493e-07 -1.70108e-07 7.03656e-07 -0.199663 -0.199663 -0.199663 2.33119e-17 1.40952e-17 2.55332e-17
-0.0905844 -0.0905809 -0.0905829 -9.19664e-07 -3.2292e-08 -1.16107e-07 -0.131128 -0.131128 -0.131128 2.34449e-18 -4.12339e-18 7.14488e-18
-4.32979 -4.59947 -4.59946 1.83096e-07 5.39776e-06 6.0152e-08 -4.59009 -4.68342 -4.68343 0 -6.02562e-06 0
0.833672 0.588176 0.33917 -0.0205281 -0.0907778 0.101882 0.869466 0.68596 0.414917 -0.0177359 -0.0961839 0.0815552
0.670794 0.683905 0.500757 -0.0925224 -0.00179236 0.0376495 0.771915 0.79745 0.476281 -0.0831142 0.0210864 0.0172237
0.829182 0.909242 0.562738 0.0463092 0.0278736 0.0206994 0.883256 0.891303 0.518775 0.00767675 0.0241353 0.0118742
0.86962 0.839048 0.558239 0.00610114 0.0329806 0.0223202 0.849804 0.884838 0.503949 0.0216362 0.0230857 0.0144544
0.514543 0.449564 0.389827 0.032294 0.0238287 -0.0152709 0.567304 0.511924 0.435047 0.0385767 0.043043 -0.00225001
0.465247 0.362555 0.406527 0.0863217 -0.076046 -0.0186246 0.496967 0.429537 0.440713 0.0524406 -0.0470714 -0.0111123
0.585382 0.545617 0.35588 -0.0501568 0.103843 -0.00336089 0.630652 0.631169 0.442193 -0.0911884 0.117253 -0.00557107
0.740735 0.720049 0.554916 0.0611506 0.0603008 0.0566019 0.754323 0.781756 0.593146 0.0637925 0.0578621 0.0534239
0.663869 0.690026 0.381152 -0.0470919 0.0315768 -0.00304391 0.73721 0.718236 0.407505 -0.027357 0.0263047 0.00921328
0.636632 0.589485 0.438448 0.0238108 0.0462364 -0.0176458 0.644352 0.653671 0.467175 0.0161251 0.0391746 -0.0106402
3.25326 2.8315 1.88667 -0.357399 0.380589 0.00342089 3.38338 3.0369 1.93224 -0.400535 0.377644 -0.0518513
0.762473 0.679254 0.420854 -0.0178475 0.0146236 0.0102578 0.772056 0.763606 0.421526 -0.0532852 0.0132133 0.00657137
0.937 0.966312 0.678147 0.0741165 0.082696 0.0501775 0.924478 0.998174 0.616573 0.0568906 0.0665095 0.037574
1.09113 1.23468 1.05661 0.0384723 0.14289 -0.0302532 1.18102 1.22628 1.08739 0.0194472 0.143193 -0.046625
2.88371 2.8929 2.01271 -0.0336338 0.140388 0.00860076 3.07685 3.07509 1.98875 -0.0711543 0.107104 -0.0399769
1.91637 2.01896 1.62949 0.0622717 0.0828949 0.131448 2.02637 2.09193 1.66143 0.110963 0.0504574 0.128902
2.75305 1.63392 1.06915 -1.03495 0.202399 0.113405 2.91698 1.68866 1.08205 -1.06137 0.166542 0.123139
0.89932 0.986957 0.680355 0.0471383 0.0798834 0.0549596 0.928255 0.975404 0.627223 0.0474235 0.0616683 0.0388588
2.07056 2.09281 1.67582 0.125068 0.185907 0.118505 2.17264 2.11751 1.64848 0.101049 0.1773 0.090669
0.595093 0.550558 0.440541 -0.0769326 0.123933 0.00118616 0.632196 0.599539 0.51185 -0.00800523 0.106858 0.000208029
0.487135 0.382167 0.290184 0.0197898 -0.0207217 0.0589603 0.62844 0.453406 0.305403 -0.0246793 0.0146156 0.0232071
0.428065 0.48732 0.324118 0.00629702 0.0251841 0.0051769 0.536077 0.515958 0.356963 0.0155456 0.0128978 0.00832035
1.56493 1.76677 1.43818 0.0696013 0.29904 -0.126305 1.60796 1.8107 1.37696 0.0563376 0.255315 -0.0517928
0.853598 0.872676 0.565945 0.0569928 0.0322618 0.0192943 0.867289 0.875568 0.508996 0.0132187 0.0294219 0.0149308
0.821421 0.730438 0.51557 0.0255893 0.0374431 0.0394488 0.799729 0.802478 0.524103 0.0121376 0.0391805 0.032881
0.878935 0.66675 0.800874 -0.1106 0.115839 0.0227931 0.959588 0.690965 0.816406 -0.0790723 0.140096 0.0377485
0.567547 0.536303 0.328775 -0.0895572 0.0227874 0.025648 0.608611 0.581885 0.416502 -0.0243028 0.020524 0.0144434
0.617021 0.571976 0.365751 -0.0318551 0.00566125 -0.00958499 0.752518 0.614078 0.384967 -0.0631472 0.0608742 -0.0142689
-3.57636 -3.57635 -3.60961 6.48607e-06 -9.83557e-08 1.45973e-07 -3.46754 -3.46751 -3.46101 2.00741e-05 0 0
0.0300251 0.0242225 0.160791 3.85999e-05 -1.11882e-05 0.170771 0.086335 0.0750989 0.0992585 -7.87245e-05 -7.6e-05 0.147197
0.67961 -0.409589 0.119823 4.14227e-05 1.23624e-07 3.19124e-08 0.775297 -0.455643 0.167731 0.0259637 0 0
-0.982195 -0.980538 -0.893409 -0.13897 -0.114941 -0.117896 -0.916498 -0.92137 -0.851302 -0.157363 -0.111031 -0.115328
0.584465 0.584533 0.733982 5.02721e-05 -4.32543e-08 1.40969e-08 0.596609 0.596579 0.602114 -2.5572e-05 0 0
-1.53076 -1.53069 -1.50896 5.38507e-05 5.35439e-08 -1.19172e-07 -1.49824 -1.4977 -1.44874 0.000468392 0 0
10.877 10.8771 9.41129 6.90424e-05 3.52806e-07 4.00715e-07 10.9423 10.9424 9.49828 6.84769e-05 0 0
0.0223762 0.0228256 0.15572 4.91274e-05 -0.0619626 4.8636e-06 0.0805465 0.0833702 0.0738737 5.43694e-05 -0.0543856 -9.19546e-05
0.0513297 0.0536125 0.144954 -0.308513 -2.83908e-08 2.88203e-08 0.0979547 0.109902 0.100467 -0.338335 0 0
0.54147 -0.354666 0.130614 4.2724e-05 -7.81011e-08 -2.7784e-07 0.622633 -0.392093 0.160393 0.0171439 0 0
5.54191 5.54203 5.40283 0.000106587 4.5542e-07 -4.06842e-07 5.5755 5.57539 5.53827 -9.30098e-05 0 0
0.0593933 0.0646178 0.141471 -0.351952 -6.50922e-08 1.51096e-07 0.102414 0.122102 0.10629 -0.384252 0 0
-0.242646 -0.24258 0.0411978 4.65329e-05 2.15991e-08 6.36374e-09 -0.177028 -0.177052 -0.0430853 -2.06711e-05 0 0
-0.524035 0.854571 0.0906935 5.74891e-05 -1.51222e-07 -3.54e-09 -0.443411 0.917331 0.112599 -0.0015886 0 0
-0.342305 -0.342241 -1.16895 5.17824e-05 3.01028e-07 2.50929e-07 -0.244117 -0.24411 -1.13954 6.01304e-06 0 0
1.00018 1.00025 0.581688 5.23575e-05 1.06871e-07 3.38046e-07 1.01127 1.01125 0.505629 -1.30642e-05 0 0
0.0227941 0.0248374 0.157466 4.95952e-05 -0.11688 9.47636e-06 0.0793904 0.0860806 0.0833829 -2.28057e-05 -0.102708 1.72119e-06
1.3554 1.36471 1.51362 0.172302 0.160205 0.155459 1.35967 1.36406 1.41626 0.23342 0.143661 0.138275
-0.620499 -0.620443 -0.117434 4.38662e-05 8.4931e-08 -2.42723e-07 -0.538524 -0.538555 -0.156842 -2.75155e-05 0 0
-2.96525 -2.9652 -3.14933 2.99723e-05 -5.8334e-08 -6.21523e-08 -2.93701 -2.93697 -2.91993 3.07706e-05 0 0
0.669757 0.669828 0.437811 5.29061e-05 -2.47949e-07 1.36813e-07 0.672825 0.672796 0.363261 -2.50763e-05 0 0
-0.772506 -0.770855 -0.668722 -0.109214 -0.0918589 -0.093139 -0.695648 -0.681783 -0.657965 -0.112424 -0.0845719 -0.0875677
0.579534 0.579597 1.9103 5.15908e-05 -5.16783e-08 2.58134e-07 0.449497 0.449468 2.07657 -2.48316e-05 0 0
0.131624 0.131682 0.26764 0.0151007 0.0137981 0.0137628 0.187332 0.186467 0.172897 0.0171532 0.0123632 0.0123042
-0.621267 -0.62121 -0.508911 4.26467e-05 6.17188e-08 2.25123e-07 -0.532307 -0.532322 -0.522377 -1.35093e-05 0 0
1.90916 1.90923 2.13165 5.28702e-05 -1.21239e-07 -1.67705e-07 1.95863 1.95864 1.99217 8.74103e-06 0 0
0.113283 -0.0653536 0.154275 4.21414e-05 6.80627e-08 -8.6599e-08 0.184864 -0.0211303 0.0758035 -2.8116e-05 0 0
3.48961 3.4897 3.64662 7.45639e-05 2.31495e-07 -7.60462e-08 3.59864 3.59863 3.60739 -6.4667e-06 0 0
0.507389 -0.338265 0.13346 4.18119e-05 -9.61416e-08 -7.2791e-08 0.587567 -0.374652 0.157391 0.0135198 0 0
-2.27382 -2.27377 -2.40341 4.49083e-05 -4.70654e-08 9.48894e-08 -2.28485 -2.28485 -2.26886 -3.49621e-06 0 0
0.0229265 0.0224855 0.155924 5.19494e-05 2.19707e-06 -0.0688388 0.0837495 0.0798471 0.0730426 -2.25221e-05 -4.16013e-06 -0.0604559
0.244972 0.244777 0.382692 0.0311518 0.0280644 0.0278569 0.291152 0.289992 0.280368 0.0307766 0.0253488 0.0251893
0.0697198 0.0641079 0.103227 -0.00700925 0.00611857 0.0163347 0.0415419 0.0346038 0.0776331 0.00558126 0.00604989 0.011121
-0.042854 -0.0455517 -0.00363303 -0.0140914 -0.0218842 0.0588156 -0.0679795 -0.095597 -0.0496906 -0.0158507 -0.0169452 0.0402095
-0.213895 -0.1363 -0.189474 0.0417967 8.9436e-05 -0.00646018 -0.250643 -0.160543 -0.226838 0.0278886 -0.00496721 -0.0231015
-0.162311 -0.158981 -0.162817 0.000419965 0.00145429 -0.00307242 -0.211626 -0.20839 -0.210753 -0.000674897 -0.000725307 -0.00222529
-0.135197 -0.12821 -0.136116 -0.000291646 0.00293993 -0.000933836 -0.207098 -0.199679 -0.203947 0.000230753 0.000800814 -0.00120715
-0.244822 -0.269978 -0.297226 0.00201577 0.0112566 0.00188572 -0.303433 -0.311137 -0.330709 0.00582371 0.0103049 -0.00118775
-0.0271533 -0.0417974 -0.0734093 0.0153743 0.0129692 0.0152856 -0.111379 -0.108625 -0.152107 0.0140971 -0.00133471 0.0136404
-0.133786 -0.205133 -0.152618 -0.0451056 0.0100935 0.0102061 -0.214704 -0.260837 -0.193393 -0.0293346 0.0171177 0.0060459
-0.165974 0.000991187 -0.160071 0.0366289 0.0877554 -0.0404036 -0.129661 -0.0647547 -0.159478 0.0259465 0.0716389 -0.0312501
-0.214533 0.0233396 -0.0190481 0.0661144 -0.0477386 0.00358296 -0.159054 0.0464015 0.0931776 0.137008 -0.0737286 -0.0095233
0.477994 -0.0991965 0.0582174 -0.12885 0.118884 0.122326 0.451082 -0.0365128 0.147025 -0.102643 0.0654098 0.111145
0.00220029 0.00256726 -0.106328 -0.153871 0.364778 -0.0697268 0.0778701 0.00354729 -0.0299104 -0.161638 0.300836 -0.0454072
-0.0180123 -0.139113 -0.263096 0.0895837 0.185722 -0.251088 0.0835008 -0.141284 -0.246347 0.0163703 0.164204 -0.270129
-0.425188 -0.244469 -0.145766 0.0894249 0.157081 -0.143928 -0.45952 -0.316317 -0.160392 0.114696 0.151952 -0.247266
0.318507 0.737123 0.961969 0.00928738 0.0936549 0.186415 0.320547 0.793551 0.926869 0.0958574 0.0918914 0.222674
0.302496 0.650951 0.34429 -0.0117472 0.270002 -0.0655297 0.335765 0.635543 0.435471 -0.0221366 0.229652 -0.0792686
-0.0253807 -0.00868508 0.0356959 0.0144588 -8.08467e-08 -4.75569e-09 -0.00788131 -0.00511985 0.0253503 0.00239149 0 0
-0.0232963 -0.0232946 0.0526361 -5.42783e-07 -8.28283e-09 -3.96307e-09 -0.0192383 -0.0192383 0.0455787 0 0 0
-0.0262895 -0.0144195 0.0383359 0.00471783 0.00379314 -0.000634323 -0.0162952 -0.0150391 0.0198913 0.00349939 0.000708604 0.00169763
5.06714 5.06714 5.6862 5.01773e-07 1.20093e-07 7.4732e-09 4.9224 4.9224 5.84991 0 0 0
3.62795 3.62795 3.96475 -3.15809e-08 -1.47283e-07 -2.70552e-07 3.5371 3.5371 4.06074 0 0 0
2.26512 2.26513 2.49628 -6.26862e-09 1.93557e-08 1.08033e-07 2.2528 2.2528 2.50929 0 0 0
1.05764 1.05762 1.23521 -1.47242e-07 -5.65133e-08 3.68875e-10 1.03806 1.03806 1.27308 0 0 0
0.00495281 0.0049455 0.0680917 -1.30649e-08 -2.30696e-07 -1.0789e-07 -0.00773696 -0.00773696 0.0817403 0 0 0
-0.907234 -0.907235 -0.924132 -1.59983e-07 4.73354e-08 -6.79607e-08 -0.957426 -0.957426 -0.973074 0 0 0
-1.76687 -1.76687 -1.79043 -2.37041e-07 1.62997e-07 -2.32625e-08 -1.79016 -1.79016 -1.8227 0 0 0
-2.61701 -2.617 -2.57774 2.43476e-08 2.97498e-07 -2.84394e-07 -2.51273 -2.51273 -2.52413 0 0 0
-3.15006 -3.15006 -3.17292 2.54973e-08 1.37769e-07 -3.58215e-08 -3.12577 -3.12577 -3.16064 0 0 0
-0.0528159 0.0110809 0.032967 2.44186e-05 -0.0186529 3.01537e-06 -0.0443037 -0.00405726 0.0279135 6.4324e-05 -0.0215547 -2.21756e-05
-0.0708858 0.00303981 0.0179754 1.6677e-05 -0.0309938 -4.55034e-06 -0.0476602 -0.00889448 0.0301735 -6.93172e-05 -0.0416366 -2.95185e-05
-0.0527718 0.0111092 0.0329822 4.93636e-06 -0.0186288 -6.80748e-06 -0.0444405 -0.00420602 0.0275382 -2.02665e-05 -0.0216579 -0.000112347
-1e+06 -1e+06 -1e+06 -1e+06 -1e+06 -1e+06 -1e+06 -1e+06 -1e+06 -1e+06 -1e+06 -1e+06
-1e+06 -1e+06 -1e+06 -1e+06 -1e+06 -1e+06 -1e+06 -1e+06 -1e+06 -1e+06 -1e+06 -1e+06
-1e+06 -1e+06 -1e+06 -1e+06 -1e+06 -1e+06 -1e+06 -1e+06 -1e+06 -1e+06 -1e+06 -1e+06
-1e+06 -1e+06 -1e+06 -1e+06 -1e+06 -1e+06 -1e+06 -1e+06 -1e+06 -1e+06 -1e+06 -1e+06
-1e+06 -1e+06 -1e+06 -1e+06 -1e+06 -1e+06 -1e+06 -1e+06 -1e+06 -1e+06 -1e+06 -1e+06
-1e+06 -1e+06 -1e+06 -1e+06 -1e+06 -1e+06 -1e+06 -1e+06 -1e+06 -1e+06 -1e+06 -1e+06
-1e+06 -1e+06 -1e+06 -1e+06 -1e+06 -1e+06 -1e+06 -1e+06 -1e+06 -1e+06 -1e+06 -1e+06
-1e+06 -1e+06 -1e+06 -1e+06 -1e+06 -1e+06 -1e+06 -1e+06 -1e+06 -1e+06 -1e+06 -1e+06
-1e+06 -1e+06 -1e+06 -1e+06 -1e+06 -1e+06 -1e+06 -1e+06 -1e+06 -1e+06 -1e+06 -1e+06
-1e+06 -1e+06 -1e+06 -1e+06 -1e+06 -1e+06 -1e+06 -1e+06 -1e+06 -1e+06 -1e+06 -1e+06
